2016-06-28_20:32:16.749 [main] INFO  o.h.annotations.common.Version [Version.java:37]- HCANN000001: Hibernate Commons Annotations {4.0.1.Final}
2016-06-28_20:32:16.764 [main] INFO  org.hibernate.Version [Version.java:41]- HHH000412: Hibernate Core {4.1.10.Final}
2016-06-28_20:32:16.769 [main] INFO  org.hibernate.cfg.Environment [Environment.java:239]- HHH000206: hibernate.properties not found
2016-06-28_20:32:16.771 [main] INFO  org.hibernate.cfg.Environment [Environment.java:342]- HHH000021: Bytecode provider name : javassist
2016-06-28_20:32:17.949 [main] WARN  o.h.e.jdbc.internal.JdbcServicesImpl [JdbcServicesImpl.java:169]- HHH000342: Could not obtain connection to query metadata : An attempt by a client to checkout a Connection has timed out.
2016-06-28_20:32:17.969 [main] INFO  org.hibernate.dialect.Dialect [Dialect.java:127]- HHH000400: Using dialect: org.hibernate.dialect.MySQL5InnoDBDialect
2016-06-28_20:32:17.991 [main] INFO  o.h.e.j.internal.LobCreatorBuilder [LobCreatorBuilder.java:85]- HHH000422: Disabling contextual LOB creation as connection was null
2016-06-28_20:32:18.035 [main] INFO  o.h.e.t.i.TransactionFactoryInitiator [TransactionFactoryInitiator.java:68]- HHH000399: Using default transaction strategy (direct JDBC transactions)
2016-06-28_20:32:18.042 [main] INFO  o.h.h.i.a.ASTQueryTranslatorFactory [ASTQueryTranslatorFactory.java:48]- HHH000397: Using ASTQueryTranslatorFactory
2016-06-28_20:32:18.136 [main] DEBUG net.sf.ehcache.CacheManager [CacheManager.java:696]- Creating new CacheManager with default config
2016-06-28_20:32:18.140 [main] DEBUG net.sf.ehcache.CacheManager [CacheManager.java:553]- Configuring ehcache from classpath.
2016-06-28_20:32:18.145 [main] WARN  n.s.e.config.ConfigurationFactory [ConfigurationFactory.java:134]- No configuration found. Configuring ehcache from ehcache-failsafe.xml  found in the classpath: jar:file:/E:/MAVEN_JAR/net/sf/ehcache/ehcache-core/2.4.3/ehcache-core-2.4.3.jar!/ehcache-failsafe.xml
2016-06-28_20:32:18.146 [main] DEBUG n.s.e.config.ConfigurationFactory [ConfigurationFactory.java:96]- Configuring ehcache from URL: jar:file:/E:/MAVEN_JAR/net/sf/ehcache/ehcache-core/2.4.3/ehcache-core-2.4.3.jar!/ehcache-failsafe.xml
2016-06-28_20:32:18.147 [main] DEBUG n.s.e.config.ConfigurationFactory [ConfigurationFactory.java:148]- Configuring ehcache from InputStream
2016-06-28_20:32:18.162 [main] DEBUG net.sf.ehcache.config.BeanHandler [BeanHandler.java:271]- Ignoring ehcache attribute xmlns:xsi
2016-06-28_20:32:18.163 [main] DEBUG net.sf.ehcache.config.BeanHandler [BeanHandler.java:271]- Ignoring ehcache attribute xsi:noNamespaceSchemaLocation
2016-06-28_20:32:18.165 [main] DEBUG n.s.e.config.DiskStoreConfiguration [DiskStoreConfiguration.java:118]- Disk Store Path: C:\Users\ADARSH~1\AppData\Local\Temp\
2016-06-28_20:32:18.252 [main] DEBUG net.sf.ehcache.util.PropertyUtil [PropertyUtil.java:88]- propertiesString is null.
2016-06-28_20:32:18.255 [main] DEBUG n.s.e.config.ConfigurationHelper [ConfigurationHelper.java:184]- No CacheManagerEventListenerFactory class specified. Skipping...
2016-06-28_20:32:18.286 [main] DEBUG net.sf.ehcache.Cache [Cache.java:949]- No BootstrapCacheLoaderFactory class specified. Skipping...
2016-06-28_20:32:18.287 [main] DEBUG net.sf.ehcache.Cache [Cache.java:923]- CacheWriter factory not configured. Skipping...
2016-06-28_20:32:18.289 [main] DEBUG n.s.e.config.ConfigurationHelper [ConfigurationHelper.java:96]- No CacheExceptionHandlerFactory class specified. Skipping...
2016-06-28_20:32:18.296 [main] INFO  o.h.cache.spi.UpdateTimestampsCache [UpdateTimestampsCache.java:61]- HHH000250: Starting update timestamps cache at region: org.hibernate.cache.spi.UpdateTimestampsCache
2016-06-28_20:32:18.302 [main] WARN  o.h.c.e.AbstractEhcacheRegionFactory [AbstractEhcacheRegionFactory.java:180]- HHH020003: Could not find a specific ehcache configuration for cache named [org.hibernate.cache.spi.UpdateTimestampsCache]; using defaults.
2016-06-28_20:32:18.343 [main] DEBUG n.s.e.s.c.f.DiskOverflowStorageFactory [DiskOverflowStorageFactory.java:95]- Deleting data file org.hibernate.cache.spi.UpdateTimestampsCache.data
2016-06-28_20:32:18.367 [main] DEBUG net.sf.ehcache.Cache [Cache.java:1183]- Initialised cache: org.hibernate.cache.spi.UpdateTimestampsCache
2016-06-28_20:32:18.368 [main] DEBUG n.s.e.config.ConfigurationHelper [ConfigurationHelper.java:360]- CacheDecoratorFactory not configured for defaultCache. Skipping for 'org.hibernate.cache.spi.UpdateTimestampsCache'.
2016-06-28_20:32:18.378 [main] INFO  o.h.c.internal.StandardQueryCache [StandardQueryCache.java:86]- HHH000248: Starting query cache at region: org.hibernate.cache.internal.StandardQueryCache
2016-06-28_20:32:18.382 [main] WARN  o.h.c.e.AbstractEhcacheRegionFactory [AbstractEhcacheRegionFactory.java:180]- HHH020003: Could not find a specific ehcache configuration for cache named [org.hibernate.cache.internal.StandardQueryCache]; using defaults.
2016-06-28_20:32:18.383 [main] DEBUG n.s.e.s.c.f.DiskOverflowStorageFactory [DiskOverflowStorageFactory.java:95]- Deleting data file org.hibernate.cache.internal.StandardQueryCache.data
2016-06-28_20:32:18.385 [main] DEBUG net.sf.ehcache.Cache [Cache.java:1183]- Initialised cache: org.hibernate.cache.internal.StandardQueryCache
2016-06-28_20:32:18.386 [main] DEBUG n.s.e.config.ConfigurationHelper [ConfigurationHelper.java:360]- CacheDecoratorFactory not configured for defaultCache. Skipping for 'org.hibernate.cache.internal.StandardQueryCache'.
2016-06-28_20:32:18.507 [main] INFO  org.hibernate.validator.util.Version [Version.java:24]- Hibernate Validator 4.2.0.Final
2016-06-28_20:32:19.292 [net.sf.ehcache.CacheManager@65428b] DEBUG net.sf.ehcache.util.UpdateChecker [UpdateChecker.java:68]- Checking for update...
2016-06-28_20:32:19.683 [main] WARN  o.h.e.jdbc.internal.JdbcServicesImpl [JdbcServicesImpl.java:169]- HHH000342: Could not obtain connection to query metadata : An attempt by a client to checkout a Connection has timed out.
2016-06-28_20:32:19.685 [main] INFO  org.hibernate.dialect.Dialect [Dialect.java:127]- HHH000400: Using dialect: org.hibernate.dialect.MySQL5InnoDBDialect
2016-06-28_20:32:19.687 [main] INFO  o.h.e.j.internal.LobCreatorBuilder [LobCreatorBuilder.java:85]- HHH000422: Disabling contextual LOB creation as connection was null
2016-06-28_20:32:19.688 [main] INFO  o.h.e.t.i.TransactionFactoryInitiator [TransactionFactoryInitiator.java:68]- HHH000399: Using default transaction strategy (direct JDBC transactions)
2016-06-28_20:32:19.690 [main] INFO  o.h.h.i.a.ASTQueryTranslatorFactory [ASTQueryTranslatorFactory.java:48]- HHH000397: Using ASTQueryTranslatorFactory
2016-06-28_20:32:19.692 [main] INFO  o.h.cache.spi.UpdateTimestampsCache [UpdateTimestampsCache.java:61]- HHH000250: Starting update timestamps cache at region: org.hibernate.cache.spi.UpdateTimestampsCache
2016-06-28_20:32:19.693 [main] INFO  o.h.c.internal.StandardQueryCache [StandardQueryCache.java:86]- HHH000248: Starting query cache at region: org.hibernate.cache.internal.StandardQueryCache
2016-06-28_20:32:20.357 [main] WARN  o.h.e.jdbc.internal.JdbcServicesImpl [JdbcServicesImpl.java:169]- HHH000342: Could not obtain connection to query metadata : An attempt by a client to checkout a Connection has timed out.
2016-06-28_20:32:20.359 [main] INFO  org.hibernate.dialect.Dialect [Dialect.java:127]- HHH000400: Using dialect: org.hibernate.dialect.MySQL5InnoDBDialect
2016-06-28_20:32:20.360 [main] INFO  o.h.e.j.internal.LobCreatorBuilder [LobCreatorBuilder.java:85]- HHH000422: Disabling contextual LOB creation as connection was null
2016-06-28_20:32:20.361 [main] INFO  o.h.e.t.i.TransactionFactoryInitiator [TransactionFactoryInitiator.java:68]- HHH000399: Using default transaction strategy (direct JDBC transactions)
2016-06-28_20:32:20.366 [main] INFO  o.h.h.i.a.ASTQueryTranslatorFactory [ASTQueryTranslatorFactory.java:48]- HHH000397: Using ASTQueryTranslatorFactory
2016-06-28_20:32:20.367 [main] INFO  o.h.cache.spi.UpdateTimestampsCache [UpdateTimestampsCache.java:61]- HHH000250: Starting update timestamps cache at region: org.hibernate.cache.spi.UpdateTimestampsCache
2016-06-28_20:32:20.372 [main] INFO  o.h.c.internal.StandardQueryCache [StandardQueryCache.java:86]- HHH000248: Starting query cache at region: org.hibernate.cache.internal.StandardQueryCache
2016-06-28_20:32:20.406 [net.sf.ehcache.CacheManager@65428b] INFO  net.sf.ehcache.util.UpdateChecker [UpdateChecker.java:98]- New update(s) found: 2.4.7 [http://www.terracotta.org/confluence/display/release/Release+Notes+Ehcache+Core+2.4]. Please check http://ehcache.org for the latest version.
2016-06-28_20:32:20.511 [main] INFO  org.hibernate.dialect.Dialect [Dialect.java:127]- HHH000400: Using dialect: org.hibernate.dialect.MySQL5InnoDBDialect
2016-06-28_20:32:20.516 [main] INFO  o.h.e.j.internal.LobCreatorBuilder [LobCreatorBuilder.java:120]- HHH000424: Disabling contextual LOB creation as createClob() method threw error : java.lang.reflect.InvocationTargetException
2016-06-28_20:32:20.519 [main] INFO  o.h.e.t.i.TransactionFactoryInitiator [TransactionFactoryInitiator.java:68]- HHH000399: Using default transaction strategy (direct JDBC transactions)
2016-06-28_20:32:20.521 [main] INFO  o.h.h.i.a.ASTQueryTranslatorFactory [ASTQueryTranslatorFactory.java:48]- HHH000397: Using ASTQueryTranslatorFactory
2016-06-28_20:32:20.522 [main] INFO  o.h.cache.spi.UpdateTimestampsCache [UpdateTimestampsCache.java:61]- HHH000250: Starting update timestamps cache at region: org.hibernate.cache.spi.UpdateTimestampsCache
2016-06-28_20:32:20.524 [main] INFO  o.h.c.internal.StandardQueryCache [StandardQueryCache.java:86]- HHH000248: Starting query cache at region: org.hibernate.cache.internal.StandardQueryCache
2016-06-28_20:32:22.016 [main] INFO  c.e.a.s.w.p.v.s.JsonViewSupportFactoryBean [JsonViewSupportFactoryBean.java:79]- JsonView decorator support wired up
2016-06-28_20:32:29.966 [main] INFO  org.hibernate.dialect.Dialect [Dialect.java:127]- HHH000400: Using dialect: org.hibernate.dialect.MySQL5InnoDBDialect
2016-06-28_20:32:29.970 [main] INFO  o.h.e.j.internal.LobCreatorBuilder [LobCreatorBuilder.java:120]- HHH000424: Disabling contextual LOB creation as createClob() method threw error : java.lang.reflect.InvocationTargetException
2016-06-28_20:32:29.971 [main] INFO  o.h.e.t.i.TransactionFactoryInitiator [TransactionFactoryInitiator.java:68]- HHH000399: Using default transaction strategy (direct JDBC transactions)
2016-06-28_20:32:29.972 [main] INFO  o.h.h.i.a.ASTQueryTranslatorFactory [ASTQueryTranslatorFactory.java:48]- HHH000397: Using ASTQueryTranslatorFactory
2016-06-28_20:32:29.973 [main] INFO  o.h.cache.spi.UpdateTimestampsCache [UpdateTimestampsCache.java:61]- HHH000250: Starting update timestamps cache at region: org.hibernate.cache.spi.UpdateTimestampsCache
2016-06-28_20:32:29.974 [main] INFO  o.h.c.internal.StandardQueryCache [StandardQueryCache.java:86]- HHH000248: Starting query cache at region: org.hibernate.cache.internal.StandardQueryCache
2016-06-28_20:33:54.659 [qtp9565835-12] DEBUG c.e.a.s.w.s.AuthenticationTokenProcessingFilter [AuthenticationTokenProcessingFilter.java:81]- Checking headers and parameters for authentication token...
2016-06-28_20:33:54.760 [qtp9565835-12] DEBUG c.e.a.s.w.c.RestAuthenticationController [RestAuthenticationController.java:96]- Inside-AuthenticationController.java
2016-06-28_20:33:55.024 [qtp9565835-12] WARN  o.h.e.jdbc.spi.SqlExceptionHelper [SqlExceptionHelper.java:143]- SQL Error: 1146, SQLState: 42S02
2016-06-28_20:33:55.025 [qtp9565835-12] ERROR o.h.e.jdbc.spi.SqlExceptionHelper [SqlExceptionHelper.java:144]- Table 'espark.user_role_mapping' doesn't exist
2016-06-28_20:33:55.054 [qtp9565835-12] ERROR c.e.a.s.w.c.RestAuthenticationController [RestAuthenticationController.java:105]- User Name Or Password Not Found
2016-06-28_20:34:38.158 [qtp9565835-17] DEBUG c.e.a.s.w.s.AuthenticationTokenProcessingFilter [AuthenticationTokenProcessingFilter.java:81]- Checking headers and parameters for authentication token...
2016-06-28_20:34:38.164 [qtp9565835-17] DEBUG c.e.a.s.w.c.RestAuthenticationController [RestAuthenticationController.java:96]- Inside-AuthenticationController.java
2016-06-28_20:34:38.171 [qtp9565835-17] WARN  o.h.e.jdbc.spi.SqlExceptionHelper [SqlExceptionHelper.java:143]- SQL Error: 1146, SQLState: 42S02
2016-06-28_20:34:38.172 [qtp9565835-17] ERROR o.h.e.jdbc.spi.SqlExceptionHelper [SqlExceptionHelper.java:144]- Table 'espark.user_role_mapping' doesn't exist
2016-06-28_20:34:38.174 [qtp9565835-17] ERROR c.e.a.s.w.c.RestAuthenticationController [RestAuthenticationController.java:105]- User Name Or Password Not Found
2016-06-28_20:36:18.061 [main] INFO  o.h.annotations.common.Version [Version.java:37]- HCANN000001: Hibernate Commons Annotations {4.0.1.Final}
2016-06-28_20:36:18.078 [main] INFO  org.hibernate.Version [Version.java:41]- HHH000412: Hibernate Core {4.1.10.Final}
2016-06-28_20:36:18.082 [main] INFO  org.hibernate.cfg.Environment [Environment.java:239]- HHH000206: hibernate.properties not found
2016-06-28_20:36:18.084 [main] INFO  org.hibernate.cfg.Environment [Environment.java:342]- HHH000021: Bytecode provider name : javassist
2016-06-28_20:36:19.090 [main] INFO  org.hibernate.dialect.Dialect [Dialect.java:127]- HHH000400: Using dialect: org.hibernate.dialect.MySQL5InnoDBDialect
2016-06-28_20:36:19.105 [main] INFO  o.h.e.j.internal.LobCreatorBuilder [LobCreatorBuilder.java:120]- HHH000424: Disabling contextual LOB creation as createClob() method threw error : java.lang.reflect.InvocationTargetException
2016-06-28_20:36:19.136 [main] INFO  o.h.e.t.i.TransactionFactoryInitiator [TransactionFactoryInitiator.java:68]- HHH000399: Using default transaction strategy (direct JDBC transactions)
2016-06-28_20:36:19.146 [main] INFO  o.h.h.i.a.ASTQueryTranslatorFactory [ASTQueryTranslatorFactory.java:48]- HHH000397: Using ASTQueryTranslatorFactory
2016-06-28_20:36:19.230 [main] DEBUG net.sf.ehcache.CacheManager [CacheManager.java:696]- Creating new CacheManager with default config
2016-06-28_20:36:19.233 [main] DEBUG net.sf.ehcache.CacheManager [CacheManager.java:553]- Configuring ehcache from classpath.
2016-06-28_20:36:19.238 [main] WARN  n.s.e.config.ConfigurationFactory [ConfigurationFactory.java:134]- No configuration found. Configuring ehcache from ehcache-failsafe.xml  found in the classpath: jar:file:/E:/MAVEN_JAR/net/sf/ehcache/ehcache-core/2.4.3/ehcache-core-2.4.3.jar!/ehcache-failsafe.xml
2016-06-28_20:36:19.239 [main] DEBUG n.s.e.config.ConfigurationFactory [ConfigurationFactory.java:96]- Configuring ehcache from URL: jar:file:/E:/MAVEN_JAR/net/sf/ehcache/ehcache-core/2.4.3/ehcache-core-2.4.3.jar!/ehcache-failsafe.xml
2016-06-28_20:36:19.240 [main] DEBUG n.s.e.config.ConfigurationFactory [ConfigurationFactory.java:148]- Configuring ehcache from InputStream
2016-06-28_20:36:19.258 [main] DEBUG net.sf.ehcache.config.BeanHandler [BeanHandler.java:271]- Ignoring ehcache attribute xmlns:xsi
2016-06-28_20:36:19.259 [main] DEBUG net.sf.ehcache.config.BeanHandler [BeanHandler.java:271]- Ignoring ehcache attribute xsi:noNamespaceSchemaLocation
2016-06-28_20:36:19.261 [main] DEBUG n.s.e.config.DiskStoreConfiguration [DiskStoreConfiguration.java:118]- Disk Store Path: C:\Users\ADARSH~1\AppData\Local\Temp\
2016-06-28_20:36:19.295 [main] DEBUG net.sf.ehcache.util.PropertyUtil [PropertyUtil.java:88]- propertiesString is null.
2016-06-28_20:36:19.298 [main] DEBUG n.s.e.config.ConfigurationHelper [ConfigurationHelper.java:184]- No CacheManagerEventListenerFactory class specified. Skipping...
2016-06-28_20:36:19.331 [main] DEBUG net.sf.ehcache.Cache [Cache.java:949]- No BootstrapCacheLoaderFactory class specified. Skipping...
2016-06-28_20:36:19.332 [main] DEBUG net.sf.ehcache.Cache [Cache.java:923]- CacheWriter factory not configured. Skipping...
2016-06-28_20:36:19.334 [main] DEBUG n.s.e.config.ConfigurationHelper [ConfigurationHelper.java:96]- No CacheExceptionHandlerFactory class specified. Skipping...
2016-06-28_20:36:19.341 [main] INFO  o.h.cache.spi.UpdateTimestampsCache [UpdateTimestampsCache.java:61]- HHH000250: Starting update timestamps cache at region: org.hibernate.cache.spi.UpdateTimestampsCache
2016-06-28_20:36:19.347 [main] WARN  o.h.c.e.AbstractEhcacheRegionFactory [AbstractEhcacheRegionFactory.java:180]- HHH020003: Could not find a specific ehcache configuration for cache named [org.hibernate.cache.spi.UpdateTimestampsCache]; using defaults.
2016-06-28_20:36:19.361 [main] DEBUG n.s.e.s.c.f.DiskOverflowStorageFactory [DiskOverflowStorageFactory.java:95]- Deleting data file org.hibernate.cache.spi.UpdateTimestampsCache.data
2016-06-28_20:36:19.385 [main] DEBUG net.sf.ehcache.Cache [Cache.java:1183]- Initialised cache: org.hibernate.cache.spi.UpdateTimestampsCache
2016-06-28_20:36:19.386 [main] DEBUG n.s.e.config.ConfigurationHelper [ConfigurationHelper.java:360]- CacheDecoratorFactory not configured for defaultCache. Skipping for 'org.hibernate.cache.spi.UpdateTimestampsCache'.
2016-06-28_20:36:19.401 [main] INFO  o.h.c.internal.StandardQueryCache [StandardQueryCache.java:86]- HHH000248: Starting query cache at region: org.hibernate.cache.internal.StandardQueryCache
2016-06-28_20:36:19.403 [main] WARN  o.h.c.e.AbstractEhcacheRegionFactory [AbstractEhcacheRegionFactory.java:180]- HHH020003: Could not find a specific ehcache configuration for cache named [org.hibernate.cache.internal.StandardQueryCache]; using defaults.
2016-06-28_20:36:19.404 [main] DEBUG n.s.e.s.c.f.DiskOverflowStorageFactory [DiskOverflowStorageFactory.java:95]- Deleting data file org.hibernate.cache.internal.StandardQueryCache.data
2016-06-28_20:36:19.406 [main] DEBUG net.sf.ehcache.Cache [Cache.java:1183]- Initialised cache: org.hibernate.cache.internal.StandardQueryCache
2016-06-28_20:36:19.407 [main] DEBUG n.s.e.config.ConfigurationHelper [ConfigurationHelper.java:360]- CacheDecoratorFactory not configured for defaultCache. Skipping for 'org.hibernate.cache.internal.StandardQueryCache'.
2016-06-28_20:36:19.526 [main] INFO  org.hibernate.validator.util.Version [Version.java:24]- Hibernate Validator 4.2.0.Final
2016-06-28_20:36:19.906 [main] INFO  org.hibernate.dialect.Dialect [Dialect.java:127]- HHH000400: Using dialect: org.hibernate.dialect.MySQL5InnoDBDialect
2016-06-28_20:36:19.908 [main] INFO  o.h.e.j.internal.LobCreatorBuilder [LobCreatorBuilder.java:120]- HHH000424: Disabling contextual LOB creation as createClob() method threw error : java.lang.reflect.InvocationTargetException
2016-06-28_20:36:19.909 [main] INFO  o.h.e.t.i.TransactionFactoryInitiator [TransactionFactoryInitiator.java:68]- HHH000399: Using default transaction strategy (direct JDBC transactions)
2016-06-28_20:36:19.910 [main] INFO  o.h.h.i.a.ASTQueryTranslatorFactory [ASTQueryTranslatorFactory.java:48]- HHH000397: Using ASTQueryTranslatorFactory
2016-06-28_20:36:19.911 [main] INFO  o.h.cache.spi.UpdateTimestampsCache [UpdateTimestampsCache.java:61]- HHH000250: Starting update timestamps cache at region: org.hibernate.cache.spi.UpdateTimestampsCache
2016-06-28_20:36:19.912 [main] INFO  o.h.c.internal.StandardQueryCache [StandardQueryCache.java:86]- HHH000248: Starting query cache at region: org.hibernate.cache.internal.StandardQueryCache
2016-06-28_20:36:19.951 [main] INFO  org.hibernate.dialect.Dialect [Dialect.java:127]- HHH000400: Using dialect: org.hibernate.dialect.MySQL5InnoDBDialect
2016-06-28_20:36:19.953 [main] INFO  o.h.e.j.internal.LobCreatorBuilder [LobCreatorBuilder.java:120]- HHH000424: Disabling contextual LOB creation as createClob() method threw error : java.lang.reflect.InvocationTargetException
2016-06-28_20:36:19.954 [main] INFO  o.h.e.t.i.TransactionFactoryInitiator [TransactionFactoryInitiator.java:68]- HHH000399: Using default transaction strategy (direct JDBC transactions)
2016-06-28_20:36:19.955 [main] INFO  o.h.h.i.a.ASTQueryTranslatorFactory [ASTQueryTranslatorFactory.java:48]- HHH000397: Using ASTQueryTranslatorFactory
2016-06-28_20:36:19.956 [main] INFO  o.h.cache.spi.UpdateTimestampsCache [UpdateTimestampsCache.java:61]- HHH000250: Starting update timestamps cache at region: org.hibernate.cache.spi.UpdateTimestampsCache
2016-06-28_20:36:19.956 [main] INFO  o.h.c.internal.StandardQueryCache [StandardQueryCache.java:86]- HHH000248: Starting query cache at region: org.hibernate.cache.internal.StandardQueryCache
2016-06-28_20:36:20.014 [main] INFO  org.hibernate.dialect.Dialect [Dialect.java:127]- HHH000400: Using dialect: org.hibernate.dialect.MySQL5InnoDBDialect
2016-06-28_20:36:20.016 [main] INFO  o.h.e.j.internal.LobCreatorBuilder [LobCreatorBuilder.java:120]- HHH000424: Disabling contextual LOB creation as createClob() method threw error : java.lang.reflect.InvocationTargetException
2016-06-28_20:36:20.017 [main] INFO  o.h.e.t.i.TransactionFactoryInitiator [TransactionFactoryInitiator.java:68]- HHH000399: Using default transaction strategy (direct JDBC transactions)
2016-06-28_20:36:20.018 [main] INFO  o.h.h.i.a.ASTQueryTranslatorFactory [ASTQueryTranslatorFactory.java:48]- HHH000397: Using ASTQueryTranslatorFactory
2016-06-28_20:36:20.019 [main] INFO  o.h.cache.spi.UpdateTimestampsCache [UpdateTimestampsCache.java:61]- HHH000250: Starting update timestamps cache at region: org.hibernate.cache.spi.UpdateTimestampsCache
2016-06-28_20:36:20.020 [main] INFO  o.h.c.internal.StandardQueryCache [StandardQueryCache.java:86]- HHH000248: Starting query cache at region: org.hibernate.cache.internal.StandardQueryCache
2016-06-28_20:36:20.455 [net.sf.ehcache.CacheManager@13c2214] DEBUG net.sf.ehcache.util.UpdateChecker [UpdateChecker.java:68]- Checking for update...
2016-06-28_20:36:21.308 [net.sf.ehcache.CacheManager@13c2214] INFO  net.sf.ehcache.util.UpdateChecker [UpdateChecker.java:98]- New update(s) found: 2.4.7 [http://www.terracotta.org/confluence/display/release/Release+Notes+Ehcache+Core+2.4]. Please check http://ehcache.org for the latest version.
2016-06-28_20:36:21.604 [main] INFO  c.e.a.s.w.p.v.s.JsonViewSupportFactoryBean [JsonViewSupportFactoryBean.java:79]- JsonView decorator support wired up
2016-06-28_20:36:28.261 [main] INFO  org.hibernate.dialect.Dialect [Dialect.java:127]- HHH000400: Using dialect: org.hibernate.dialect.MySQL5InnoDBDialect
2016-06-28_20:36:28.263 [main] INFO  o.h.e.j.internal.LobCreatorBuilder [LobCreatorBuilder.java:120]- HHH000424: Disabling contextual LOB creation as createClob() method threw error : java.lang.reflect.InvocationTargetException
2016-06-28_20:36:28.264 [main] INFO  o.h.e.t.i.TransactionFactoryInitiator [TransactionFactoryInitiator.java:68]- HHH000399: Using default transaction strategy (direct JDBC transactions)
2016-06-28_20:36:28.265 [main] INFO  o.h.h.i.a.ASTQueryTranslatorFactory [ASTQueryTranslatorFactory.java:48]- HHH000397: Using ASTQueryTranslatorFactory
2016-06-28_20:36:28.267 [main] INFO  o.h.cache.spi.UpdateTimestampsCache [UpdateTimestampsCache.java:61]- HHH000250: Starting update timestamps cache at region: org.hibernate.cache.spi.UpdateTimestampsCache
2016-06-28_20:36:28.268 [main] INFO  o.h.c.internal.StandardQueryCache [StandardQueryCache.java:86]- HHH000248: Starting query cache at region: org.hibernate.cache.internal.StandardQueryCache
2016-06-28_20:36:42.323 [qtp9565835-17] DEBUG c.e.a.s.w.s.AuthenticationTokenProcessingFilter [AuthenticationTokenProcessingFilter.java:81]- Checking headers and parameters for authentication token...
2016-06-28_20:36:42.451 [qtp9565835-17] DEBUG c.e.a.s.w.c.RestAuthenticationController [RestAuthenticationController.java:96]- Inside-AuthenticationController.java
2016-06-28_20:37:23.966 [qtp9565835-17] DEBUG c.e.a.s.w.s.AuthenticationTokenProcessingFilter [AuthenticationTokenProcessingFilter.java:81]- Checking headers and parameters for authentication token...
2016-06-28_20:37:23.969 [qtp9565835-17] DEBUG c.e.a.s.w.s.AuthenticationTokenProcessingFilter [AuthenticationTokenProcessingFilter.java:88]- Found token 'YWRhcnNoISEhMTQ2NzIxMjgwMjkwMCEhIdS0wonElu3mg+qZROryd1c=' in request headers
2016-06-28_20:37:24.021 [qtp9565835-17] DEBUG c.e.a.s.w.s.AuthenticationTokenProcessingFilter [AuthenticationTokenProcessingFilter.java:94]- Inside-AuthenticationTokenProcessingFilter.java
2016-06-28_20:37:24.023 [qtp9565835-17] DEBUG CustomUserDetailsService [CustomUserDetailsService.java:71]- DbUserDetailsService loadUserByUsername() 
2016-06-28_20:47:33.714 [main] INFO  o.h.annotations.common.Version [Version.java:37]- HCANN000001: Hibernate Commons Annotations {4.0.1.Final}
2016-06-28_20:47:33.730 [main] INFO  org.hibernate.Version [Version.java:41]- HHH000412: Hibernate Core {4.1.10.Final}
2016-06-28_20:47:33.734 [main] INFO  org.hibernate.cfg.Environment [Environment.java:239]- HHH000206: hibernate.properties not found
2016-06-28_20:47:33.737 [main] INFO  org.hibernate.cfg.Environment [Environment.java:342]- HHH000021: Bytecode provider name : javassist
2016-06-28_20:47:34.691 [main] INFO  org.hibernate.dialect.Dialect [Dialect.java:127]- HHH000400: Using dialect: org.hibernate.dialect.MySQL5InnoDBDialect
2016-06-28_20:47:34.706 [main] INFO  o.h.e.j.internal.LobCreatorBuilder [LobCreatorBuilder.java:120]- HHH000424: Disabling contextual LOB creation as createClob() method threw error : java.lang.reflect.InvocationTargetException
2016-06-28_20:47:34.728 [main] INFO  o.h.e.t.i.TransactionFactoryInitiator [TransactionFactoryInitiator.java:68]- HHH000399: Using default transaction strategy (direct JDBC transactions)
2016-06-28_20:47:34.737 [main] INFO  o.h.h.i.a.ASTQueryTranslatorFactory [ASTQueryTranslatorFactory.java:48]- HHH000397: Using ASTQueryTranslatorFactory
2016-06-28_20:47:34.826 [main] DEBUG net.sf.ehcache.CacheManager [CacheManager.java:696]- Creating new CacheManager with default config
2016-06-28_20:47:34.830 [main] DEBUG net.sf.ehcache.CacheManager [CacheManager.java:553]- Configuring ehcache from classpath.
2016-06-28_20:47:34.834 [main] WARN  n.s.e.config.ConfigurationFactory [ConfigurationFactory.java:134]- No configuration found. Configuring ehcache from ehcache-failsafe.xml  found in the classpath: jar:file:/E:/MAVEN_JAR/net/sf/ehcache/ehcache-core/2.4.3/ehcache-core-2.4.3.jar!/ehcache-failsafe.xml
2016-06-28_20:47:34.835 [main] DEBUG n.s.e.config.ConfigurationFactory [ConfigurationFactory.java:96]- Configuring ehcache from URL: jar:file:/E:/MAVEN_JAR/net/sf/ehcache/ehcache-core/2.4.3/ehcache-core-2.4.3.jar!/ehcache-failsafe.xml
2016-06-28_20:47:34.836 [main] DEBUG n.s.e.config.ConfigurationFactory [ConfigurationFactory.java:148]- Configuring ehcache from InputStream
2016-06-28_20:47:34.853 [main] DEBUG net.sf.ehcache.config.BeanHandler [BeanHandler.java:271]- Ignoring ehcache attribute xmlns:xsi
2016-06-28_20:47:34.853 [main] DEBUG net.sf.ehcache.config.BeanHandler [BeanHandler.java:271]- Ignoring ehcache attribute xsi:noNamespaceSchemaLocation
2016-06-28_20:47:34.855 [main] DEBUG n.s.e.config.DiskStoreConfiguration [DiskStoreConfiguration.java:118]- Disk Store Path: C:\Users\ADARSH~1\AppData\Local\Temp\
2016-06-28_20:47:34.886 [main] DEBUG net.sf.ehcache.util.PropertyUtil [PropertyUtil.java:88]- propertiesString is null.
2016-06-28_20:47:34.889 [main] DEBUG n.s.e.config.ConfigurationHelper [ConfigurationHelper.java:184]- No CacheManagerEventListenerFactory class specified. Skipping...
2016-06-28_20:47:34.926 [main] DEBUG net.sf.ehcache.Cache [Cache.java:949]- No BootstrapCacheLoaderFactory class specified. Skipping...
2016-06-28_20:47:34.927 [main] DEBUG net.sf.ehcache.Cache [Cache.java:923]- CacheWriter factory not configured. Skipping...
2016-06-28_20:47:34.929 [main] DEBUG n.s.e.config.ConfigurationHelper [ConfigurationHelper.java:96]- No CacheExceptionHandlerFactory class specified. Skipping...
2016-06-28_20:47:34.939 [main] INFO  o.h.cache.spi.UpdateTimestampsCache [UpdateTimestampsCache.java:61]- HHH000250: Starting update timestamps cache at region: org.hibernate.cache.spi.UpdateTimestampsCache
2016-06-28_20:47:34.946 [main] WARN  o.h.c.e.AbstractEhcacheRegionFactory [AbstractEhcacheRegionFactory.java:180]- HHH020003: Could not find a specific ehcache configuration for cache named [org.hibernate.cache.spi.UpdateTimestampsCache]; using defaults.
2016-06-28_20:47:34.957 [main] DEBUG n.s.e.s.c.f.DiskOverflowStorageFactory [DiskOverflowStorageFactory.java:95]- Deleting data file org.hibernate.cache.spi.UpdateTimestampsCache.data
2016-06-28_20:47:34.985 [main] DEBUG net.sf.ehcache.Cache [Cache.java:1183]- Initialised cache: org.hibernate.cache.spi.UpdateTimestampsCache
2016-06-28_20:47:34.986 [main] DEBUG n.s.e.config.ConfigurationHelper [ConfigurationHelper.java:360]- CacheDecoratorFactory not configured for defaultCache. Skipping for 'org.hibernate.cache.spi.UpdateTimestampsCache'.
2016-06-28_20:47:34.993 [main] INFO  o.h.c.internal.StandardQueryCache [StandardQueryCache.java:86]- HHH000248: Starting query cache at region: org.hibernate.cache.internal.StandardQueryCache
2016-06-28_20:47:34.995 [main] WARN  o.h.c.e.AbstractEhcacheRegionFactory [AbstractEhcacheRegionFactory.java:180]- HHH020003: Could not find a specific ehcache configuration for cache named [org.hibernate.cache.internal.StandardQueryCache]; using defaults.
2016-06-28_20:47:34.996 [main] DEBUG n.s.e.s.c.f.DiskOverflowStorageFactory [DiskOverflowStorageFactory.java:95]- Deleting data file org.hibernate.cache.internal.StandardQueryCache.data
2016-06-28_20:47:34.998 [main] DEBUG net.sf.ehcache.Cache [Cache.java:1183]- Initialised cache: org.hibernate.cache.internal.StandardQueryCache
2016-06-28_20:47:34.999 [main] DEBUG n.s.e.config.ConfigurationHelper [ConfigurationHelper.java:360]- CacheDecoratorFactory not configured for defaultCache. Skipping for 'org.hibernate.cache.internal.StandardQueryCache'.
2016-06-28_20:47:35.137 [main] INFO  org.hibernate.validator.util.Version [Version.java:24]- Hibernate Validator 4.2.0.Final
2016-06-28_20:47:35.522 [main] INFO  org.hibernate.dialect.Dialect [Dialect.java:127]- HHH000400: Using dialect: org.hibernate.dialect.MySQL5InnoDBDialect
2016-06-28_20:47:35.523 [main] INFO  o.h.e.j.internal.LobCreatorBuilder [LobCreatorBuilder.java:120]- HHH000424: Disabling contextual LOB creation as createClob() method threw error : java.lang.reflect.InvocationTargetException
2016-06-28_20:47:35.524 [main] INFO  o.h.e.t.i.TransactionFactoryInitiator [TransactionFactoryInitiator.java:68]- HHH000399: Using default transaction strategy (direct JDBC transactions)
2016-06-28_20:47:35.526 [main] INFO  o.h.h.i.a.ASTQueryTranslatorFactory [ASTQueryTranslatorFactory.java:48]- HHH000397: Using ASTQueryTranslatorFactory
2016-06-28_20:47:35.527 [main] INFO  o.h.cache.spi.UpdateTimestampsCache [UpdateTimestampsCache.java:61]- HHH000250: Starting update timestamps cache at region: org.hibernate.cache.spi.UpdateTimestampsCache
2016-06-28_20:47:35.528 [main] INFO  o.h.c.internal.StandardQueryCache [StandardQueryCache.java:86]- HHH000248: Starting query cache at region: org.hibernate.cache.internal.StandardQueryCache
2016-06-28_20:47:35.567 [main] INFO  org.hibernate.dialect.Dialect [Dialect.java:127]- HHH000400: Using dialect: org.hibernate.dialect.MySQL5InnoDBDialect
2016-06-28_20:47:35.571 [main] INFO  o.h.e.j.internal.LobCreatorBuilder [LobCreatorBuilder.java:120]- HHH000424: Disabling contextual LOB creation as createClob() method threw error : java.lang.reflect.InvocationTargetException
2016-06-28_20:47:35.572 [main] INFO  o.h.e.t.i.TransactionFactoryInitiator [TransactionFactoryInitiator.java:68]- HHH000399: Using default transaction strategy (direct JDBC transactions)
2016-06-28_20:47:35.572 [main] INFO  o.h.h.i.a.ASTQueryTranslatorFactory [ASTQueryTranslatorFactory.java:48]- HHH000397: Using ASTQueryTranslatorFactory
2016-06-28_20:47:35.573 [main] INFO  o.h.cache.spi.UpdateTimestampsCache [UpdateTimestampsCache.java:61]- HHH000250: Starting update timestamps cache at region: org.hibernate.cache.spi.UpdateTimestampsCache
2016-06-28_20:47:35.575 [main] INFO  o.h.c.internal.StandardQueryCache [StandardQueryCache.java:86]- HHH000248: Starting query cache at region: org.hibernate.cache.internal.StandardQueryCache
2016-06-28_20:47:35.634 [main] INFO  org.hibernate.dialect.Dialect [Dialect.java:127]- HHH000400: Using dialect: org.hibernate.dialect.MySQL5InnoDBDialect
2016-06-28_20:47:35.636 [main] INFO  o.h.e.j.internal.LobCreatorBuilder [LobCreatorBuilder.java:120]- HHH000424: Disabling contextual LOB creation as createClob() method threw error : java.lang.reflect.InvocationTargetException
2016-06-28_20:47:35.637 [main] INFO  o.h.e.t.i.TransactionFactoryInitiator [TransactionFactoryInitiator.java:68]- HHH000399: Using default transaction strategy (direct JDBC transactions)
2016-06-28_20:47:35.638 [main] INFO  o.h.h.i.a.ASTQueryTranslatorFactory [ASTQueryTranslatorFactory.java:48]- HHH000397: Using ASTQueryTranslatorFactory
2016-06-28_20:47:35.639 [main] INFO  o.h.cache.spi.UpdateTimestampsCache [UpdateTimestampsCache.java:61]- HHH000250: Starting update timestamps cache at region: org.hibernate.cache.spi.UpdateTimestampsCache
2016-06-28_20:47:35.640 [main] INFO  o.h.c.internal.StandardQueryCache [StandardQueryCache.java:86]- HHH000248: Starting query cache at region: org.hibernate.cache.internal.StandardQueryCache
2016-06-28_20:47:35.934 [net.sf.ehcache.CacheManager@943a6] DEBUG net.sf.ehcache.util.UpdateChecker [UpdateChecker.java:68]- Checking for update...
2016-06-28_20:47:36.601 [net.sf.ehcache.CacheManager@943a6] INFO  net.sf.ehcache.util.UpdateChecker [UpdateChecker.java:98]- New update(s) found: 2.4.7 [http://www.terracotta.org/confluence/display/release/Release+Notes+Ehcache+Core+2.4]. Please check http://ehcache.org for the latest version.
2016-06-28_20:47:36.871 [main] INFO  c.e.a.s.w.p.v.s.JsonViewSupportFactoryBean [JsonViewSupportFactoryBean.java:79]- JsonView decorator support wired up
2016-06-28_20:47:44.170 [main] INFO  org.hibernate.dialect.Dialect [Dialect.java:127]- HHH000400: Using dialect: org.hibernate.dialect.MySQL5InnoDBDialect
2016-06-28_20:47:44.174 [main] INFO  o.h.e.j.internal.LobCreatorBuilder [LobCreatorBuilder.java:120]- HHH000424: Disabling contextual LOB creation as createClob() method threw error : java.lang.reflect.InvocationTargetException
2016-06-28_20:47:44.177 [main] INFO  o.h.e.t.i.TransactionFactoryInitiator [TransactionFactoryInitiator.java:68]- HHH000399: Using default transaction strategy (direct JDBC transactions)
2016-06-28_20:47:44.179 [main] INFO  o.h.h.i.a.ASTQueryTranslatorFactory [ASTQueryTranslatorFactory.java:48]- HHH000397: Using ASTQueryTranslatorFactory
2016-06-28_20:47:44.180 [main] INFO  o.h.cache.spi.UpdateTimestampsCache [UpdateTimestampsCache.java:61]- HHH000250: Starting update timestamps cache at region: org.hibernate.cache.spi.UpdateTimestampsCache
2016-06-28_20:47:44.181 [main] INFO  o.h.c.internal.StandardQueryCache [StandardQueryCache.java:86]- HHH000248: Starting query cache at region: org.hibernate.cache.internal.StandardQueryCache
2016-06-28_20:48:50.571 [qtp9565835-15] DEBUG c.e.a.s.w.s.AuthenticationTokenProcessingFilter [AuthenticationTokenProcessingFilter.java:81]- Checking headers and parameters for authentication token...
2016-06-28_20:48:50.729 [qtp9565835-15] DEBUG c.e.a.s.w.c.RestAuthenticationController [RestAuthenticationController.java:96]- Inside-AuthenticationController.java
2016-06-28_20:49:18.606 [qtp9565835-17] DEBUG c.e.a.s.w.s.AuthenticationTokenProcessingFilter [AuthenticationTokenProcessingFilter.java:81]- Checking headers and parameters for authentication token...
2016-06-28_20:49:18.612 [qtp9565835-17] DEBUG c.e.a.s.w.s.AuthenticationTokenProcessingFilter [AuthenticationTokenProcessingFilter.java:88]- Found token 'YWRhcnNoISEhMTQ2NzIxMzUzMTA1MSEhIbGDgzgZFh/D7610r+xb6us=' in request headers
2016-06-28_20:49:18.670 [qtp9565835-17] DEBUG c.e.a.s.w.s.AuthenticationTokenProcessingFilter [AuthenticationTokenProcessingFilter.java:94]- Inside-AuthenticationTokenProcessingFilter.java
2016-06-28_20:49:18.672 [qtp9565835-17] DEBUG CustomUserDetailsService [CustomUserDetailsService.java:71]- DbUserDetailsService loadUserByUsername() 
2016-06-28_21:22:19.855 [main] INFO  o.h.annotations.common.Version [Version.java:37]- HCANN000001: Hibernate Commons Annotations {4.0.1.Final}
2016-06-28_21:22:19.886 [main] INFO  org.hibernate.Version [Version.java:41]- HHH000412: Hibernate Core {4.1.10.Final}
2016-06-28_21:22:19.891 [main] INFO  org.hibernate.cfg.Environment [Environment.java:239]- HHH000206: hibernate.properties not found
2016-06-28_21:22:19.895 [main] INFO  org.hibernate.cfg.Environment [Environment.java:342]- HHH000021: Bytecode provider name : javassist
2016-06-28_21:22:21.118 [main] INFO  org.hibernate.dialect.Dialect [Dialect.java:127]- HHH000400: Using dialect: org.hibernate.dialect.MySQL5InnoDBDialect
2016-06-28_21:22:21.148 [main] INFO  o.h.e.j.internal.LobCreatorBuilder [LobCreatorBuilder.java:120]- HHH000424: Disabling contextual LOB creation as createClob() method threw error : java.lang.reflect.InvocationTargetException
2016-06-28_21:22:21.178 [main] INFO  o.h.e.t.i.TransactionFactoryInitiator [TransactionFactoryInitiator.java:68]- HHH000399: Using default transaction strategy (direct JDBC transactions)
2016-06-28_21:22:21.187 [main] INFO  o.h.h.i.a.ASTQueryTranslatorFactory [ASTQueryTranslatorFactory.java:48]- HHH000397: Using ASTQueryTranslatorFactory
2016-06-28_21:22:21.312 [main] DEBUG net.sf.ehcache.CacheManager [CacheManager.java:696]- Creating new CacheManager with default config
2016-06-28_21:22:21.318 [main] DEBUG net.sf.ehcache.CacheManager [CacheManager.java:553]- Configuring ehcache from classpath.
2016-06-28_21:22:21.326 [main] WARN  n.s.e.config.ConfigurationFactory [ConfigurationFactory.java:134]- No configuration found. Configuring ehcache from ehcache-failsafe.xml  found in the classpath: jar:file:/E:/MAVEN_JAR/net/sf/ehcache/ehcache-core/2.4.3/ehcache-core-2.4.3.jar!/ehcache-failsafe.xml
2016-06-28_21:22:21.327 [main] DEBUG n.s.e.config.ConfigurationFactory [ConfigurationFactory.java:96]- Configuring ehcache from URL: jar:file:/E:/MAVEN_JAR/net/sf/ehcache/ehcache-core/2.4.3/ehcache-core-2.4.3.jar!/ehcache-failsafe.xml
2016-06-28_21:22:21.328 [main] DEBUG n.s.e.config.ConfigurationFactory [ConfigurationFactory.java:148]- Configuring ehcache from InputStream
2016-06-28_21:22:21.344 [main] DEBUG net.sf.ehcache.config.BeanHandler [BeanHandler.java:271]- Ignoring ehcache attribute xmlns:xsi
2016-06-28_21:22:21.345 [main] DEBUG net.sf.ehcache.config.BeanHandler [BeanHandler.java:271]- Ignoring ehcache attribute xsi:noNamespaceSchemaLocation
2016-06-28_21:22:21.347 [main] DEBUG n.s.e.config.DiskStoreConfiguration [DiskStoreConfiguration.java:118]- Disk Store Path: C:\Users\ADARSH~1\AppData\Local\Temp\
2016-06-28_21:22:21.383 [main] DEBUG net.sf.ehcache.util.PropertyUtil [PropertyUtil.java:88]- propertiesString is null.
2016-06-28_21:22:21.400 [main] DEBUG n.s.e.config.ConfigurationHelper [ConfigurationHelper.java:184]- No CacheManagerEventListenerFactory class specified. Skipping...
2016-06-28_21:22:21.464 [main] DEBUG net.sf.ehcache.Cache [Cache.java:949]- No BootstrapCacheLoaderFactory class specified. Skipping...
2016-06-28_21:22:21.465 [main] DEBUG net.sf.ehcache.Cache [Cache.java:923]- CacheWriter factory not configured. Skipping...
2016-06-28_21:22:21.467 [main] DEBUG n.s.e.config.ConfigurationHelper [ConfigurationHelper.java:96]- No CacheExceptionHandlerFactory class specified. Skipping...
2016-06-28_21:22:21.474 [main] INFO  o.h.cache.spi.UpdateTimestampsCache [UpdateTimestampsCache.java:61]- HHH000250: Starting update timestamps cache at region: org.hibernate.cache.spi.UpdateTimestampsCache
2016-06-28_21:22:21.482 [main] WARN  o.h.c.e.AbstractEhcacheRegionFactory [AbstractEhcacheRegionFactory.java:180]- HHH020003: Could not find a specific ehcache configuration for cache named [org.hibernate.cache.spi.UpdateTimestampsCache]; using defaults.
2016-06-28_21:22:21.496 [main] DEBUG n.s.e.s.c.f.DiskOverflowStorageFactory [DiskOverflowStorageFactory.java:95]- Deleting data file org.hibernate.cache.spi.UpdateTimestampsCache.data
2016-06-28_21:22:21.551 [main] DEBUG net.sf.ehcache.Cache [Cache.java:1183]- Initialised cache: org.hibernate.cache.spi.UpdateTimestampsCache
2016-06-28_21:22:21.555 [main] DEBUG n.s.e.config.ConfigurationHelper [ConfigurationHelper.java:360]- CacheDecoratorFactory not configured for defaultCache. Skipping for 'org.hibernate.cache.spi.UpdateTimestampsCache'.
2016-06-28_21:22:21.564 [main] INFO  o.h.c.internal.StandardQueryCache [StandardQueryCache.java:86]- HHH000248: Starting query cache at region: org.hibernate.cache.internal.StandardQueryCache
2016-06-28_21:22:21.565 [main] WARN  o.h.c.e.AbstractEhcacheRegionFactory [AbstractEhcacheRegionFactory.java:180]- HHH020003: Could not find a specific ehcache configuration for cache named [org.hibernate.cache.internal.StandardQueryCache]; using defaults.
2016-06-28_21:22:21.567 [main] DEBUG n.s.e.s.c.f.DiskOverflowStorageFactory [DiskOverflowStorageFactory.java:95]- Deleting data file org.hibernate.cache.internal.StandardQueryCache.data
2016-06-28_21:22:21.571 [main] DEBUG net.sf.ehcache.Cache [Cache.java:1183]- Initialised cache: org.hibernate.cache.internal.StandardQueryCache
2016-06-28_21:22:21.572 [main] DEBUG n.s.e.config.ConfigurationHelper [ConfigurationHelper.java:360]- CacheDecoratorFactory not configured for defaultCache. Skipping for 'org.hibernate.cache.internal.StandardQueryCache'.
2016-06-28_21:22:21.734 [main] INFO  org.hibernate.validator.util.Version [Version.java:24]- Hibernate Validator 4.2.0.Final
2016-06-28_21:22:22.325 [main] INFO  org.hibernate.dialect.Dialect [Dialect.java:127]- HHH000400: Using dialect: org.hibernate.dialect.MySQL5InnoDBDialect
2016-06-28_21:22:22.326 [main] INFO  o.h.e.j.internal.LobCreatorBuilder [LobCreatorBuilder.java:120]- HHH000424: Disabling contextual LOB creation as createClob() method threw error : java.lang.reflect.InvocationTargetException
2016-06-28_21:22:22.327 [main] INFO  o.h.e.t.i.TransactionFactoryInitiator [TransactionFactoryInitiator.java:68]- HHH000399: Using default transaction strategy (direct JDBC transactions)
2016-06-28_21:22:22.329 [main] INFO  o.h.h.i.a.ASTQueryTranslatorFactory [ASTQueryTranslatorFactory.java:48]- HHH000397: Using ASTQueryTranslatorFactory
2016-06-28_21:22:22.330 [main] INFO  o.h.cache.spi.UpdateTimestampsCache [UpdateTimestampsCache.java:61]- HHH000250: Starting update timestamps cache at region: org.hibernate.cache.spi.UpdateTimestampsCache
2016-06-28_21:22:22.331 [main] INFO  o.h.c.internal.StandardQueryCache [StandardQueryCache.java:86]- HHH000248: Starting query cache at region: org.hibernate.cache.internal.StandardQueryCache
2016-06-28_21:22:22.375 [main] INFO  org.hibernate.dialect.Dialect [Dialect.java:127]- HHH000400: Using dialect: org.hibernate.dialect.MySQL5InnoDBDialect
2016-06-28_21:22:22.388 [main] INFO  o.h.e.j.internal.LobCreatorBuilder [LobCreatorBuilder.java:120]- HHH000424: Disabling contextual LOB creation as createClob() method threw error : java.lang.reflect.InvocationTargetException
2016-06-28_21:22:22.390 [main] INFO  o.h.e.t.i.TransactionFactoryInitiator [TransactionFactoryInitiator.java:68]- HHH000399: Using default transaction strategy (direct JDBC transactions)
2016-06-28_21:22:22.391 [main] INFO  o.h.h.i.a.ASTQueryTranslatorFactory [ASTQueryTranslatorFactory.java:48]- HHH000397: Using ASTQueryTranslatorFactory
2016-06-28_21:22:22.393 [main] INFO  o.h.cache.spi.UpdateTimestampsCache [UpdateTimestampsCache.java:61]- HHH000250: Starting update timestamps cache at region: org.hibernate.cache.spi.UpdateTimestampsCache
2016-06-28_21:22:22.395 [main] INFO  o.h.c.internal.StandardQueryCache [StandardQueryCache.java:86]- HHH000248: Starting query cache at region: org.hibernate.cache.internal.StandardQueryCache
2016-06-28_21:22:22.458 [main] INFO  org.hibernate.dialect.Dialect [Dialect.java:127]- HHH000400: Using dialect: org.hibernate.dialect.MySQL5InnoDBDialect
2016-06-28_21:22:22.460 [main] INFO  o.h.e.j.internal.LobCreatorBuilder [LobCreatorBuilder.java:120]- HHH000424: Disabling contextual LOB creation as createClob() method threw error : java.lang.reflect.InvocationTargetException
2016-06-28_21:22:22.461 [main] INFO  o.h.e.t.i.TransactionFactoryInitiator [TransactionFactoryInitiator.java:68]- HHH000399: Using default transaction strategy (direct JDBC transactions)
2016-06-28_21:22:22.462 [main] INFO  o.h.h.i.a.ASTQueryTranslatorFactory [ASTQueryTranslatorFactory.java:48]- HHH000397: Using ASTQueryTranslatorFactory
2016-06-28_21:22:22.464 [main] INFO  o.h.cache.spi.UpdateTimestampsCache [UpdateTimestampsCache.java:61]- HHH000250: Starting update timestamps cache at region: org.hibernate.cache.spi.UpdateTimestampsCache
2016-06-28_21:22:22.465 [main] INFO  o.h.c.internal.StandardQueryCache [StandardQueryCache.java:86]- HHH000248: Starting query cache at region: org.hibernate.cache.internal.StandardQueryCache
2016-06-28_21:22:22.478 [net.sf.ehcache.CacheManager@943a6] DEBUG net.sf.ehcache.util.UpdateChecker [UpdateChecker.java:68]- Checking for update...
2016-06-28_21:22:23.201 [net.sf.ehcache.CacheManager@943a6] INFO  net.sf.ehcache.util.UpdateChecker [UpdateChecker.java:98]- New update(s) found: 2.4.7 [http://www.terracotta.org/confluence/display/release/Release+Notes+Ehcache+Core+2.4]. Please check http://ehcache.org for the latest version.
2016-06-28_21:22:23.860 [main] INFO  c.e.a.s.w.p.v.s.JsonViewSupportFactoryBean [JsonViewSupportFactoryBean.java:79]- JsonView decorator support wired up
2016-06-28_21:22:32.897 [main] INFO  org.hibernate.dialect.Dialect [Dialect.java:127]- HHH000400: Using dialect: org.hibernate.dialect.MySQL5InnoDBDialect
2016-06-28_21:22:32.898 [main] INFO  o.h.e.j.internal.LobCreatorBuilder [LobCreatorBuilder.java:120]- HHH000424: Disabling contextual LOB creation as createClob() method threw error : java.lang.reflect.InvocationTargetException
2016-06-28_21:22:32.899 [main] INFO  o.h.e.t.i.TransactionFactoryInitiator [TransactionFactoryInitiator.java:68]- HHH000399: Using default transaction strategy (direct JDBC transactions)
2016-06-28_21:22:32.900 [main] INFO  o.h.h.i.a.ASTQueryTranslatorFactory [ASTQueryTranslatorFactory.java:48]- HHH000397: Using ASTQueryTranslatorFactory
2016-06-28_21:22:32.904 [main] INFO  o.h.cache.spi.UpdateTimestampsCache [UpdateTimestampsCache.java:61]- HHH000250: Starting update timestamps cache at region: org.hibernate.cache.spi.UpdateTimestampsCache
2016-06-28_21:22:32.905 [main] INFO  o.h.c.internal.StandardQueryCache [StandardQueryCache.java:86]- HHH000248: Starting query cache at region: org.hibernate.cache.internal.StandardQueryCache
2016-06-28_21:24:21.774 [qtp9565835-13] DEBUG c.e.a.s.w.s.AuthenticationTokenProcessingFilter [AuthenticationTokenProcessingFilter.java:81]- Checking headers and parameters for authentication token...
2016-06-28_21:24:22.001 [qtp9565835-13] DEBUG c.e.a.s.w.c.RestAuthenticationController [RestAuthenticationController.java:96]- Inside-AuthenticationController.java
2016-06-28_21:25:08.203 [qtp9565835-11] DEBUG c.e.a.s.w.s.AuthenticationTokenProcessingFilter [AuthenticationTokenProcessingFilter.java:81]- Checking headers and parameters for authentication token...
2016-06-28_21:25:08.209 [qtp9565835-11] DEBUG c.e.a.s.w.s.AuthenticationTokenProcessingFilter [AuthenticationTokenProcessingFilter.java:88]- Found token 'YWRhcnNoISEhMTQ2NzIxNTY2MjQzNSEhIcvuS06KnA+Jo/ZU+G4ogs8=' in request headers
2016-06-28_21:25:08.308 [qtp9565835-11] DEBUG c.e.a.s.w.s.AuthenticationTokenProcessingFilter [AuthenticationTokenProcessingFilter.java:94]- Inside-AuthenticationTokenProcessingFilter.java
2016-06-28_21:25:08.351 [qtp9565835-11] DEBUG CustomUserDetailsService [CustomUserDetailsService.java:71]- DbUserDetailsService loadUserByUsername() 
