2016-05-24_21:30:03.386 [qtp28309745-12] INFO  LoginController [LoginController.java:56]- Request Received for Login page
2016-05-24_21:30:10.116 [qtp28309745-15] INFO  ApplicationController [ApplicationController.java:57]- Request Received for Home page
2016-05-24_21:30:11.933 [qtp28309745-18] INFO  ApplicationController [ApplicationController.java:66]- Request Received for super admin page
2016-05-24_21:30:16.413 [qtp28309745-17] INFO  ApplicationController [ApplicationController.java:75]- Request Received for admin page
2016-05-24_21:30:18.750 [qtp28309745-12] INFO  ApplicationController [ApplicationController.java:84]- Request Received for user page
2016-05-24_21:30:21.385 [qtp28309745-15] INFO  LoginController [LoginController.java:56]- Request Received for Login page
2016-05-24_21:30:26.829 [qtp28309745-17] INFO  ApplicationController [ApplicationController.java:57]- Request Received for Home page
2016-05-24_21:30:31.361 [qtp28309745-13] INFO  LoginController [LoginController.java:56]- Request Received for Login page
2016-05-24_21:30:34.419 [qtp28309745-13] INFO  ApplicationController [ApplicationController.java:57]- Request Received for Home page
2016-05-24_21:30:37.685 [qtp28309745-15] INFO  ApplicationController [ApplicationController.java:84]- Request Received for user page
2016-05-24_21:30:40.268 [qtp28309745-12] INFO  LoginController [LoginController.java:56]- Request Received for Login page
2016-05-24_21:43:03.011 [qtp28309745-15] INFO  LoginController [LoginController.java:56]- Request Received for Login page
2016-05-24_21:43:15.886 [qtp28309745-14] INFO  LoginController [LoginController.java:63]- Login failed
2016-05-24_21:43:26.467 [qtp28309745-11] INFO  ApplicationController [ApplicationController.java:57]- Request Received for Home page
2016-05-24_21:43:32.661 [qtp28309745-16] INFO  ApplicationController [ApplicationController.java:66]- Request Received for super admin page
2016-05-24_21:43:36.028 [qtp28309745-15] INFO  ApplicationController [ApplicationController.java:75]- Request Received for admin page
2016-05-24_21:43:38.709 [qtp28309745-17] INFO  ApplicationController [ApplicationController.java:84]- Request Received for user page
2016-05-24_21:43:43.614 [qtp28309745-11] INFO  LoginController [LoginController.java:56]- Request Received for Login page
2016-05-24_21:43:48.191 [qtp28309745-15] INFO  ApplicationController [ApplicationController.java:57]- Request Received for Home page
2016-05-24_21:43:58.310 [qtp28309745-13] INFO  ApplicationController [ApplicationController.java:75]- Request Received for admin page
2016-05-24_21:44:00.494 [qtp28309745-11] INFO  ApplicationController [ApplicationController.java:84]- Request Received for user page
2016-05-24_21:44:04.196 [qtp28309745-17] INFO  LoginController [LoginController.java:56]- Request Received for Login page
2016-05-24_21:44:08.981 [qtp28309745-13] INFO  ApplicationController [ApplicationController.java:57]- Request Received for Home page
2016-05-24_21:44:11.415 [qtp28309745-11] INFO  ApplicationController [ApplicationController.java:84]- Request Received for user page
2016-05-24_21:44:14.673 [qtp28309745-17] INFO  LoginController [LoginController.java:56]- Request Received for Login page
