2016-06-29_18:36:17.273 [main] INFO  o.h.annotations.common.Version [JavaReflectionManager.java:66]- HCANN000001: Hibernate Commons Annotations {4.0.4.Final}
2016-06-29_18:36:17.290 [main] INFO  org.hibernate.Version [Version.java:54]- HHH000412: Hibernate Core {4.3.5.Final}
2016-06-29_18:36:17.295 [main] INFO  org.hibernate.cfg.Environment [Environment.java:239]- HHH000206: hibernate.properties not found
2016-06-29_18:36:17.298 [main] INFO  org.hibernate.cfg.Environment [Environment.java:346]- HHH000021: Bytecode provider name : javassist
2016-06-29_18:36:18.347 [main] INFO  org.hibernate.dialect.Dialect [Dialect.java:145]- HHH000400: Using dialect: org.hibernate.dialect.MySQLDialect
2016-06-29_18:36:18.774 [main] INFO  o.h.e.t.i.TransactionFactoryInitiator [TransactionFactoryInitiator.java:62]- HHH000399: Using default transaction strategy (direct JDBC transactions)
2016-06-29_18:36:18.787 [main] INFO  o.h.h.i.a.ASTQueryTranslatorFactory [ASTQueryTranslatorFactory.java:47]- HHH000397: Using ASTQueryTranslatorFactory
2016-06-29_18:36:19.272 [main] INFO  o.h.tool.hbm2ddl.SchemaUpdate [SchemaUpdate.java:182]- HHH000228: Running hbm2ddl schema update
2016-06-29_18:36:19.273 [main] INFO  o.h.tool.hbm2ddl.SchemaUpdate [SchemaUpdate.java:193]- HHH000102: Fetching database metadata
2016-06-29_18:36:19.337 [main] INFO  o.h.tool.hbm2ddl.SchemaUpdate [SchemaUpdate.java:205]- HHH000396: Updating schema
2016-06-29_18:36:19.401 [main] INFO  java.sql.DatabaseMetaData [DatabaseMetadata.java:147]- HHH000262: Table not found: roles
2016-06-29_18:36:19.690 [main] INFO  o.h.tool.hbm2ddl.TableMetadata [TableMetadata.java:66]- HHH000261: Table found: espark.user_roles
2016-06-29_18:36:19.691 [main] INFO  o.h.tool.hbm2ddl.TableMetadata [TableMetadata.java:67]- HHH000037: Columns: [name, id]
2016-06-29_18:36:19.692 [main] INFO  o.h.tool.hbm2ddl.TableMetadata [TableMetadata.java:69]- HHH000108: Foreign keys: []
2016-06-29_18:36:19.694 [main] INFO  o.h.tool.hbm2ddl.TableMetadata [TableMetadata.java:70]- HHH000126: Indexes: [primary]
2016-06-29_18:36:19.837 [main] INFO  o.h.tool.hbm2ddl.TableMetadata [TableMetadata.java:66]- HHH000261: Table found: espark.users
2016-06-29_18:36:19.839 [main] INFO  o.h.tool.hbm2ddl.TableMetadata [TableMetadata.java:67]- HHH000037: Columns: [firstname, password, dob, phonenumber, id, email, enabled, lastname, username]
2016-06-29_18:36:19.840 [main] INFO  o.h.tool.hbm2ddl.TableMetadata [TableMetadata.java:69]- HHH000108: Foreign keys: []
2016-06-29_18:36:19.840 [main] INFO  o.h.tool.hbm2ddl.TableMetadata [TableMetadata.java:70]- HHH000126: Indexes: [username_, primary]
2016-06-29_18:36:19.842 [main] INFO  java.sql.DatabaseMetaData [DatabaseMetadata.java:147]- HHH000262: Table not found: roles
2016-06-29_18:36:19.845 [main] INFO  java.sql.DatabaseMetaData [DatabaseMetadata.java:147]- HHH000262: Table not found: roles
2016-06-29_18:36:25.513 [main] ERROR o.h.tool.hbm2ddl.SchemaUpdate [SchemaUpdate.java:236]- HHH000388: Unsuccessful: alter table user_roles add constraint FK_g1uebn6mqk9qiaw45vnacmyo2 foreign key (user_id) references users (id)
2016-06-29_18:36:25.514 [main] ERROR o.h.tool.hbm2ddl.SchemaUpdate [SchemaUpdate.java:237]- Cannot add or update a child row: a foreign key constraint fails (`espark`.<result 2 when explaining filename '#sql-65c_45'>, CONSTRAINT `FK_g1uebn6mqk9qiaw45vnacmyo2` FOREIGN KEY (`user_id`) REFERENCES `users` (`id`))
2016-06-29_18:36:25.515 [main] INFO  o.h.tool.hbm2ddl.SchemaUpdate [SchemaUpdate.java:242]- HHH000232: Schema update complete
2016-06-29_18:37:24.582 [main] INFO  o.h.annotations.common.Version [JavaReflectionManager.java:66]- HCANN000001: Hibernate Commons Annotations {4.0.4.Final}
2016-06-29_18:37:24.601 [main] INFO  org.hibernate.Version [Version.java:54]- HHH000412: Hibernate Core {4.3.5.Final}
2016-06-29_18:37:24.606 [main] INFO  org.hibernate.cfg.Environment [Environment.java:239]- HHH000206: hibernate.properties not found
2016-06-29_18:37:24.609 [main] INFO  org.hibernate.cfg.Environment [Environment.java:346]- HHH000021: Bytecode provider name : javassist
2016-06-29_18:37:25.244 [main] INFO  org.hibernate.dialect.Dialect [Dialect.java:145]- HHH000400: Using dialect: org.hibernate.dialect.MySQLDialect
2016-06-29_18:37:25.580 [main] INFO  o.h.e.t.i.TransactionFactoryInitiator [TransactionFactoryInitiator.java:62]- HHH000399: Using default transaction strategy (direct JDBC transactions)
2016-06-29_18:37:25.589 [main] INFO  o.h.h.i.a.ASTQueryTranslatorFactory [ASTQueryTranslatorFactory.java:47]- HHH000397: Using ASTQueryTranslatorFactory
2016-06-29_18:37:26.037 [main] INFO  o.h.tool.hbm2ddl.SchemaUpdate [SchemaUpdate.java:182]- HHH000228: Running hbm2ddl schema update
2016-06-29_18:37:26.038 [main] INFO  o.h.tool.hbm2ddl.SchemaUpdate [SchemaUpdate.java:193]- HHH000102: Fetching database metadata
2016-06-29_18:37:26.121 [main] INFO  o.h.tool.hbm2ddl.SchemaUpdate [SchemaUpdate.java:205]- HHH000396: Updating schema
2016-06-29_18:37:26.134 [main] INFO  java.sql.DatabaseMetaData [DatabaseMetadata.java:147]- HHH000262: Table not found: roles
2016-06-29_18:37:26.138 [main] INFO  java.sql.DatabaseMetaData [DatabaseMetadata.java:147]- HHH000262: Table not found: user_roles
2016-06-29_18:37:26.141 [main] INFO  java.sql.DatabaseMetaData [DatabaseMetadata.java:147]- HHH000262: Table not found: users
2016-06-29_18:37:26.143 [main] INFO  java.sql.DatabaseMetaData [DatabaseMetadata.java:147]- HHH000262: Table not found: roles
2016-06-29_18:37:26.145 [main] INFO  java.sql.DatabaseMetaData [DatabaseMetadata.java:147]- HHH000262: Table not found: user_roles
2016-06-29_18:37:26.147 [main] INFO  java.sql.DatabaseMetaData [DatabaseMetadata.java:147]- HHH000262: Table not found: users
2016-06-29_18:37:26.149 [main] INFO  java.sql.DatabaseMetaData [DatabaseMetadata.java:147]- HHH000262: Table not found: roles
2016-06-29_18:37:26.151 [main] INFO  java.sql.DatabaseMetaData [DatabaseMetadata.java:147]- HHH000262: Table not found: user_roles
2016-06-29_18:37:26.153 [main] INFO  java.sql.DatabaseMetaData [DatabaseMetadata.java:147]- HHH000262: Table not found: users
2016-06-29_18:37:30.325 [main] INFO  o.h.tool.hbm2ddl.SchemaUpdate [SchemaUpdate.java:242]- HHH000232: Schema update complete
2016-06-29_18:38:22.875 [qtp23412283-14] INFO  LoginController [LoginController.java:57]- Request Received for Login page
2016-06-29_18:39:01.211 [qtp23412283-15] INFO  c.a.s.r.c.ApplicationController [ApplicationController.java:57]- Request Received for Home page
2016-06-29_18:39:06.220 [qtp23412283-12] INFO  c.a.s.r.c.ApplicationController [ApplicationController.java:66]- Request Received for super admin page
2016-06-29_18:39:08.458 [qtp23412283-13] INFO  c.a.s.r.c.ApplicationController [ApplicationController.java:57]- Request Received for Home page
2016-06-29_18:39:09.943 [qtp23412283-15] INFO  c.a.s.r.c.ApplicationController [ApplicationController.java:75]- Request Received for admin page
2016-06-29_18:39:11.392 [qtp23412283-17] INFO  c.a.s.r.c.ApplicationController [ApplicationController.java:57]- Request Received for Home page
2016-06-29_18:39:12.810 [qtp23412283-13] INFO  c.a.s.r.c.ApplicationController [ApplicationController.java:84]- Request Received for user page
2016-06-29_18:39:15.576 [qtp23412283-15] INFO  c.a.s.r.c.ApplicationController [ApplicationController.java:57]- Request Received for Home page
2016-06-29_18:39:17.224 [qtp23412283-11] INFO  LoginController [LoginController.java:57]- Request Received for Login page
2016-06-29_18:39:20.334 [qtp23412283-13] INFO  c.a.s.r.c.ApplicationController [ApplicationController.java:57]- Request Received for Home page
2016-06-29_18:39:21.741 [qtp23412283-15] INFO  c.a.s.r.c.ApplicationController [ApplicationController.java:84]- Request Received for user page
2016-06-29_18:39:22.753 [qtp23412283-11] INFO  LoginController [LoginController.java:57]- Request Received for Login page
2016-06-29_18:40:15.946 [qtp23412283-17] DEBUG c.a.s.r.s.AuthenticationTokenProcessingFilter [AuthenticationTokenProcessingFilter.java:81]- Checking headers and parameters for authentication token...
2016-06-29_18:40:16.445 [qtp23412283-17] DEBUG c.a.s.r.r.RestAuthenticationController [RestAuthenticationController.java:93]- Inside-AuthenticationController.java
2016-06-29_18:40:49.819 [qtp23412283-17] DEBUG c.a.s.r.s.AuthenticationTokenProcessingFilter [AuthenticationTokenProcessingFilter.java:81]- Checking headers and parameters for authentication token...
2016-06-29_18:40:49.820 [qtp23412283-17] DEBUG c.a.s.r.s.AuthenticationTokenProcessingFilter [AuthenticationTokenProcessingFilter.java:88]- Found token 'YWRhcnNoISEhMTQ2NzI5MjIxNjUyNSEhIQcEaOD45ejleuZKnsLg7LY=' in request headers
2016-06-29_18:40:50.018 [qtp23412283-17] DEBUG c.a.s.r.s.AuthenticationTokenProcessingFilter [AuthenticationTokenProcessingFilter.java:94]- Inside-AuthenticationTokenProcessingFilter.java
2016-06-29_19:16:02.072 [main] INFO  o.h.annotations.common.Version [JavaReflectionManager.java:66]- HCANN000001: Hibernate Commons Annotations {4.0.4.Final}
2016-06-29_19:16:02.094 [main] INFO  org.hibernate.Version [Version.java:54]- HHH000412: Hibernate Core {4.3.5.Final}
2016-06-29_19:16:02.100 [main] INFO  org.hibernate.cfg.Environment [Environment.java:239]- HHH000206: hibernate.properties not found
2016-06-29_19:16:02.104 [main] INFO  org.hibernate.cfg.Environment [Environment.java:346]- HHH000021: Bytecode provider name : javassist
2016-06-29_19:16:02.782 [main] INFO  org.hibernate.dialect.Dialect [Dialect.java:145]- HHH000400: Using dialect: org.hibernate.dialect.MySQLDialect
2016-06-29_19:16:03.292 [main] INFO  o.h.e.t.i.TransactionFactoryInitiator [TransactionFactoryInitiator.java:62]- HHH000399: Using default transaction strategy (direct JDBC transactions)
2016-06-29_19:16:03.306 [main] INFO  o.h.h.i.a.ASTQueryTranslatorFactory [ASTQueryTranslatorFactory.java:47]- HHH000397: Using ASTQueryTranslatorFactory
2016-06-29_19:16:03.866 [main] INFO  o.h.tool.hbm2ddl.SchemaUpdate [SchemaUpdate.java:182]- HHH000228: Running hbm2ddl schema update
2016-06-29_19:16:03.868 [main] INFO  o.h.tool.hbm2ddl.SchemaUpdate [SchemaUpdate.java:193]- HHH000102: Fetching database metadata
2016-06-29_19:16:03.914 [main] INFO  o.h.tool.hbm2ddl.SchemaUpdate [SchemaUpdate.java:205]- HHH000396: Updating schema
2016-06-29_19:16:03.972 [main] INFO  o.h.tool.hbm2ddl.TableMetadata [TableMetadata.java:66]- HHH000261: Table found: espark.roles
2016-06-29_19:16:03.973 [main] INFO  o.h.tool.hbm2ddl.TableMetadata [TableMetadata.java:67]- HHH000037: Columns: [role, id]
2016-06-29_19:16:03.974 [main] INFO  o.h.tool.hbm2ddl.TableMetadata [TableMetadata.java:69]- HHH000108: Foreign keys: []
2016-06-29_19:16:03.974 [main] INFO  o.h.tool.hbm2ddl.TableMetadata [TableMetadata.java:70]- HHH000126: Indexes: [primary]
2016-06-29_19:16:04.035 [main] INFO  o.h.tool.hbm2ddl.TableMetadata [TableMetadata.java:66]- HHH000261: Table found: espark.user_roles
2016-06-29_19:16:04.038 [main] INFO  o.h.tool.hbm2ddl.TableMetadata [TableMetadata.java:67]- HHH000037: Columns: [user_id, role_id]
2016-06-29_19:16:04.039 [main] INFO  o.h.tool.hbm2ddl.TableMetadata [TableMetadata.java:69]- HHH000108: Foreign keys: []
2016-06-29_19:16:04.040 [main] INFO  o.h.tool.hbm2ddl.TableMetadata [TableMetadata.java:70]- HHH000126: Indexes: [role, user]
2016-06-29_19:16:04.085 [main] INFO  o.h.tool.hbm2ddl.TableMetadata [TableMetadata.java:66]- HHH000261: Table found: espark.users
2016-06-29_19:16:04.086 [main] INFO  o.h.tool.hbm2ddl.TableMetadata [TableMetadata.java:67]- HHH000037: Columns: [password, id, login]
2016-06-29_19:16:04.087 [main] INFO  o.h.tool.hbm2ddl.TableMetadata [TableMetadata.java:69]- HHH000108: Foreign keys: []
2016-06-29_19:16:04.088 [main] INFO  o.h.tool.hbm2ddl.TableMetadata [TableMetadata.java:70]- HHH000126: Indexes: [primary]
2016-06-29_19:16:08.331 [main] INFO  o.h.tool.hbm2ddl.SchemaUpdate [SchemaUpdate.java:242]- HHH000232: Schema update complete
2016-06-29_19:16:44.664 [qtp23412283-14] INFO  LoginController [LoginController.java:57]- Request Received for Login page
2016-06-29_19:16:54.349 [qtp23412283-12] INFO  LoginController [LoginController.java:57]- Request Received for Login page
2016-06-29_19:17:10.586 [qtp23412283-15] INFO  c.a.s.r.c.ApplicationController [ApplicationController.java:57]- Request Received for Home page
2016-06-29_19:17:31.118 [qtp23412283-16] INFO  c.a.s.r.c.ApplicationController [ApplicationController.java:66]- Request Received for super admin page
2016-06-29_19:17:34.050 [qtp23412283-12] INFO  c.a.s.r.c.ApplicationController [ApplicationController.java:57]- Request Received for Home page
2016-06-29_19:17:35.240 [qtp23412283-15] INFO  c.a.s.r.c.ApplicationController [ApplicationController.java:75]- Request Received for admin page
2016-06-29_19:17:37.098 [qtp23412283-13] INFO  c.a.s.r.c.ApplicationController [ApplicationController.java:57]- Request Received for Home page
2016-06-29_19:17:38.289 [qtp23412283-12] INFO  c.a.s.r.c.ApplicationController [ApplicationController.java:84]- Request Received for user page
2016-06-29_19:17:40.321 [qtp23412283-15] INFO  c.a.s.r.c.ApplicationController [ApplicationController.java:57]- Request Received for Home page
2016-06-29_19:17:42.880 [qtp23412283-18] INFO  LoginController [LoginController.java:57]- Request Received for Login page
2016-06-29_19:17:48.846 [qtp23412283-12] INFO  c.a.s.r.c.ApplicationController [ApplicationController.java:57]- Request Received for Home page
2016-06-29_19:17:56.659 [qtp23412283-15] INFO  c.a.s.r.c.ApplicationController [ApplicationController.java:75]- Request Received for admin page
2016-06-29_19:17:58.328 [qtp23412283-13] INFO  c.a.s.r.c.ApplicationController [ApplicationController.java:57]- Request Received for Home page
2016-06-29_19:17:59.282 [qtp23412283-12] INFO  c.a.s.r.c.ApplicationController [ApplicationController.java:84]- Request Received for user page
2016-06-29_19:18:00.309 [qtp23412283-15] INFO  c.a.s.r.c.ApplicationController [ApplicationController.java:57]- Request Received for Home page
2016-06-29_19:18:01.473 [qtp23412283-18] INFO  LoginController [LoginController.java:57]- Request Received for Login page
2016-06-29_19:18:05.910 [qtp23412283-12] INFO  c.a.s.r.c.ApplicationController [ApplicationController.java:57]- Request Received for Home page
2016-06-29_19:18:07.902 [qtp23412283-15] INFO  c.a.s.r.c.ApplicationController [ApplicationController.java:84]- Request Received for user page
2016-06-29_19:18:09.389 [qtp23412283-18] INFO  LoginController [LoginController.java:57]- Request Received for Login page
2016-06-29_19:18:44.633 [qtp23412283-13] DEBUG c.a.s.r.s.AuthenticationTokenProcessingFilter [AuthenticationTokenProcessingFilter.java:81]- Checking headers and parameters for authentication token...
2016-06-29_19:18:45.165 [qtp23412283-13] DEBUG c.a.s.r.r.RestAuthenticationController [RestAuthenticationController.java:93]- Inside-AuthenticationController.java
2016-06-29_19:19:23.100 [qtp23412283-13] DEBUG c.a.s.r.s.AuthenticationTokenProcessingFilter [AuthenticationTokenProcessingFilter.java:81]- Checking headers and parameters for authentication token...
2016-06-29_19:19:23.102 [qtp23412283-13] DEBUG c.a.s.r.s.AuthenticationTokenProcessingFilter [AuthenticationTokenProcessingFilter.java:88]- Found token 'YWRhcnNoISEhMTQ2NzI5NDUyNTI2NyEhIaPxXGS5+QKrgNqYcdYMr7w=' in request headers
2016-06-29_19:19:23.351 [qtp23412283-13] DEBUG c.a.s.r.s.AuthenticationTokenProcessingFilter [AuthenticationTokenProcessingFilter.java:94]- Inside-AuthenticationTokenProcessingFilter.java
