2016-09-11_22:29:38.203 [main] INFO  o.h.annotations.common.Version [Version.java:37]- HCANN000001: Hibernate Commons Annotations {4.0.1.Final}
2016-09-11_22:29:38.217 [main] INFO  org.hibernate.Version [Version.java:41]- HHH000412: Hibernate Core {4.1.10.Final}
2016-09-11_22:29:38.221 [main] INFO  org.hibernate.cfg.Environment [Environment.java:239]- HHH000206: hibernate.properties not found
2016-09-11_22:29:38.223 [main] INFO  org.hibernate.cfg.Environment [Environment.java:342]- HHH000021: Bytecode provider name : javassist
2016-09-11_22:29:40.038 [main] WARN  o.h.e.jdbc.internal.JdbcServicesImpl [JdbcServicesImpl.java:169]- HHH000342: Could not obtain connection to query metadata : An attempt by a client to checkout a Connection has timed out.
2016-09-11_22:29:40.057 [main] INFO  org.hibernate.dialect.Dialect [Dialect.java:127]- HHH000400: Using dialect: org.hibernate.dialect.MySQL5InnoDBDialect
2016-09-11_22:29:40.078 [main] INFO  o.h.e.j.internal.LobCreatorBuilder [LobCreatorBuilder.java:85]- HHH000422: Disabling contextual LOB creation as connection was null
2016-09-11_22:29:40.098 [main] INFO  o.h.e.t.i.TransactionFactoryInitiator [TransactionFactoryInitiator.java:68]- HHH000399: Using default transaction strategy (direct JDBC transactions)
2016-09-11_22:29:40.108 [main] INFO  o.h.h.i.a.ASTQueryTranslatorFactory [ASTQueryTranslatorFactory.java:48]- HHH000397: Using ASTQueryTranslatorFactory
2016-09-11_22:29:40.181 [main] DEBUG net.sf.ehcache.CacheManager [CacheManager.java:696]- Creating new CacheManager with default config
2016-09-11_22:29:40.186 [main] DEBUG net.sf.ehcache.CacheManager [CacheManager.java:553]- Configuring ehcache from classpath.
2016-09-11_22:29:40.191 [main] WARN  n.s.e.config.ConfigurationFactory [ConfigurationFactory.java:134]- No configuration found. Configuring ehcache from ehcache-failsafe.xml  found in the classpath: jar:file:/E:/MAVEN_JAR/net/sf/ehcache/ehcache-core/2.4.3/ehcache-core-2.4.3.jar!/ehcache-failsafe.xml
2016-09-11_22:29:40.192 [main] DEBUG n.s.e.config.ConfigurationFactory [ConfigurationFactory.java:96]- Configuring ehcache from URL: jar:file:/E:/MAVEN_JAR/net/sf/ehcache/ehcache-core/2.4.3/ehcache-core-2.4.3.jar!/ehcache-failsafe.xml
2016-09-11_22:29:40.203 [main] DEBUG n.s.e.config.ConfigurationFactory [ConfigurationFactory.java:148]- Configuring ehcache from InputStream
2016-09-11_22:29:40.220 [main] DEBUG net.sf.ehcache.config.BeanHandler [BeanHandler.java:271]- Ignoring ehcache attribute xmlns:xsi
2016-09-11_22:29:40.221 [main] DEBUG net.sf.ehcache.config.BeanHandler [BeanHandler.java:271]- Ignoring ehcache attribute xsi:noNamespaceSchemaLocation
2016-09-11_22:29:40.222 [main] DEBUG n.s.e.config.DiskStoreConfiguration [DiskStoreConfiguration.java:118]- Disk Store Path: C:\Users\ADARSH~1\AppData\Local\Temp\
2016-09-11_22:29:40.330 [main] DEBUG net.sf.ehcache.util.PropertyUtil [PropertyUtil.java:88]- propertiesString is null.
2016-09-11_22:29:40.333 [main] DEBUG n.s.e.config.ConfigurationHelper [ConfigurationHelper.java:184]- No CacheManagerEventListenerFactory class specified. Skipping...
2016-09-11_22:29:40.365 [main] DEBUG net.sf.ehcache.Cache [Cache.java:949]- No BootstrapCacheLoaderFactory class specified. Skipping...
2016-09-11_22:29:40.366 [main] DEBUG net.sf.ehcache.Cache [Cache.java:923]- CacheWriter factory not configured. Skipping...
2016-09-11_22:29:40.368 [main] DEBUG n.s.e.config.ConfigurationHelper [ConfigurationHelper.java:96]- No CacheExceptionHandlerFactory class specified. Skipping...
2016-09-11_22:29:40.374 [main] INFO  o.h.cache.spi.UpdateTimestampsCache [UpdateTimestampsCache.java:61]- HHH000250: Starting update timestamps cache at region: org.hibernate.cache.spi.UpdateTimestampsCache
2016-09-11_22:29:40.380 [main] WARN  o.h.c.e.AbstractEhcacheRegionFactory [AbstractEhcacheRegionFactory.java:180]- HHH020003: Could not find a specific ehcache configuration for cache named [org.hibernate.cache.spi.UpdateTimestampsCache]; using defaults.
2016-09-11_22:29:40.426 [main] DEBUG n.s.e.s.c.f.DiskOverflowStorageFactory [DiskOverflowStorageFactory.java:95]- Deleting data file org.hibernate.cache.spi.UpdateTimestampsCache.data
2016-09-11_22:29:40.450 [main] DEBUG net.sf.ehcache.Cache [Cache.java:1183]- Initialised cache: org.hibernate.cache.spi.UpdateTimestampsCache
2016-09-11_22:29:40.451 [main] DEBUG n.s.e.config.ConfigurationHelper [ConfigurationHelper.java:360]- CacheDecoratorFactory not configured for defaultCache. Skipping for 'org.hibernate.cache.spi.UpdateTimestampsCache'.
2016-09-11_22:29:40.457 [main] INFO  o.h.c.internal.StandardQueryCache [StandardQueryCache.java:86]- HHH000248: Starting query cache at region: org.hibernate.cache.internal.StandardQueryCache
2016-09-11_22:29:40.459 [main] WARN  o.h.c.e.AbstractEhcacheRegionFactory [AbstractEhcacheRegionFactory.java:180]- HHH020003: Could not find a specific ehcache configuration for cache named [org.hibernate.cache.internal.StandardQueryCache]; using defaults.
2016-09-11_22:29:40.460 [main] DEBUG n.s.e.s.c.f.DiskOverflowStorageFactory [DiskOverflowStorageFactory.java:95]- Deleting data file org.hibernate.cache.internal.StandardQueryCache.data
2016-09-11_22:29:40.462 [main] DEBUG net.sf.ehcache.Cache [Cache.java:1183]- Initialised cache: org.hibernate.cache.internal.StandardQueryCache
2016-09-11_22:29:40.462 [main] DEBUG n.s.e.config.ConfigurationHelper [ConfigurationHelper.java:360]- CacheDecoratorFactory not configured for defaultCache. Skipping for 'org.hibernate.cache.internal.StandardQueryCache'.
2016-09-11_22:29:40.582 [main] INFO  org.hibernate.validator.util.Version [Version.java:24]- Hibernate Validator 4.2.0.Final
2016-09-11_22:29:41.372 [net.sf.ehcache.CacheManager@14e3185] DEBUG net.sf.ehcache.util.UpdateChecker [UpdateChecker.java:68]- Checking for update...
2016-09-11_22:29:42.050 [main] WARN  o.h.e.jdbc.internal.JdbcServicesImpl [JdbcServicesImpl.java:169]- HHH000342: Could not obtain connection to query metadata : An attempt by a client to checkout a Connection has timed out.
2016-09-11_22:29:42.051 [main] INFO  org.hibernate.dialect.Dialect [Dialect.java:127]- HHH000400: Using dialect: org.hibernate.dialect.MySQL5InnoDBDialect
2016-09-11_22:29:42.053 [main] INFO  o.h.e.j.internal.LobCreatorBuilder [LobCreatorBuilder.java:85]- HHH000422: Disabling contextual LOB creation as connection was null
2016-09-11_22:29:42.054 [main] INFO  o.h.e.t.i.TransactionFactoryInitiator [TransactionFactoryInitiator.java:68]- HHH000399: Using default transaction strategy (direct JDBC transactions)
2016-09-11_22:29:42.055 [main] INFO  o.h.h.i.a.ASTQueryTranslatorFactory [ASTQueryTranslatorFactory.java:48]- HHH000397: Using ASTQueryTranslatorFactory
2016-09-11_22:29:42.057 [main] INFO  o.h.cache.spi.UpdateTimestampsCache [UpdateTimestampsCache.java:61]- HHH000250: Starting update timestamps cache at region: org.hibernate.cache.spi.UpdateTimestampsCache
2016-09-11_22:29:42.058 [main] INFO  o.h.c.internal.StandardQueryCache [StandardQueryCache.java:86]- HHH000248: Starting query cache at region: org.hibernate.cache.internal.StandardQueryCache
2016-09-11_22:29:42.178 [main] INFO  org.hibernate.dialect.Dialect [Dialect.java:127]- HHH000400: Using dialect: org.hibernate.dialect.MySQL5InnoDBDialect
2016-09-11_22:29:42.218 [main] INFO  o.h.e.j.internal.LobCreatorBuilder [LobCreatorBuilder.java:120]- HHH000424: Disabling contextual LOB creation as createClob() method threw error : java.lang.reflect.InvocationTargetException
2016-09-11_22:29:42.221 [main] INFO  o.h.e.t.i.TransactionFactoryInitiator [TransactionFactoryInitiator.java:68]- HHH000399: Using default transaction strategy (direct JDBC transactions)
2016-09-11_22:29:42.222 [main] INFO  o.h.h.i.a.ASTQueryTranslatorFactory [ASTQueryTranslatorFactory.java:48]- HHH000397: Using ASTQueryTranslatorFactory
2016-09-11_22:29:42.241 [main] INFO  o.h.cache.spi.UpdateTimestampsCache [UpdateTimestampsCache.java:61]- HHH000250: Starting update timestamps cache at region: org.hibernate.cache.spi.UpdateTimestampsCache
2016-09-11_22:29:42.242 [main] INFO  o.h.c.internal.StandardQueryCache [StandardQueryCache.java:86]- HHH000248: Starting query cache at region: org.hibernate.cache.internal.StandardQueryCache
2016-09-11_22:29:42.308 [main] INFO  org.hibernate.dialect.Dialect [Dialect.java:127]- HHH000400: Using dialect: org.hibernate.dialect.MySQL5InnoDBDialect
2016-09-11_22:29:42.310 [main] INFO  o.h.e.j.internal.LobCreatorBuilder [LobCreatorBuilder.java:120]- HHH000424: Disabling contextual LOB creation as createClob() method threw error : java.lang.reflect.InvocationTargetException
2016-09-11_22:29:42.311 [main] INFO  o.h.e.t.i.TransactionFactoryInitiator [TransactionFactoryInitiator.java:68]- HHH000399: Using default transaction strategy (direct JDBC transactions)
2016-09-11_22:29:42.313 [main] INFO  o.h.h.i.a.ASTQueryTranslatorFactory [ASTQueryTranslatorFactory.java:48]- HHH000397: Using ASTQueryTranslatorFactory
2016-09-11_22:29:42.314 [main] INFO  o.h.cache.spi.UpdateTimestampsCache [UpdateTimestampsCache.java:61]- HHH000250: Starting update timestamps cache at region: org.hibernate.cache.spi.UpdateTimestampsCache
2016-09-11_22:29:42.315 [main] INFO  o.h.c.internal.StandardQueryCache [StandardQueryCache.java:86]- HHH000248: Starting query cache at region: org.hibernate.cache.internal.StandardQueryCache
2016-09-11_22:29:42.382 [net.sf.ehcache.CacheManager@14e3185] INFO  net.sf.ehcache.util.UpdateChecker [UpdateChecker.java:98]- New update(s) found: 2.4.7 [http://www.terracotta.org/confluence/display/release/Release+Notes+Ehcache+Core+2.4]. Please check http://ehcache.org for the latest version.
2016-09-11_22:29:43.546 [main] INFO  c.e.a.s.w.p.v.s.JsonViewSupportFactoryBean [JsonViewSupportFactoryBean.java:79]- JsonView decorator support wired up
2016-09-11_22:29:52.597 [main] INFO  org.hibernate.dialect.Dialect [Dialect.java:127]- HHH000400: Using dialect: org.hibernate.dialect.MySQL5InnoDBDialect
2016-09-11_22:29:52.599 [main] INFO  o.h.e.j.internal.LobCreatorBuilder [LobCreatorBuilder.java:120]- HHH000424: Disabling contextual LOB creation as createClob() method threw error : java.lang.reflect.InvocationTargetException
2016-09-11_22:29:52.601 [main] INFO  o.h.e.t.i.TransactionFactoryInitiator [TransactionFactoryInitiator.java:68]- HHH000399: Using default transaction strategy (direct JDBC transactions)
2016-09-11_22:29:52.601 [main] INFO  o.h.h.i.a.ASTQueryTranslatorFactory [ASTQueryTranslatorFactory.java:48]- HHH000397: Using ASTQueryTranslatorFactory
2016-09-11_22:29:52.603 [main] INFO  o.h.cache.spi.UpdateTimestampsCache [UpdateTimestampsCache.java:61]- HHH000250: Starting update timestamps cache at region: org.hibernate.cache.spi.UpdateTimestampsCache
2016-09-11_22:29:52.605 [main] INFO  o.h.c.internal.StandardQueryCache [StandardQueryCache.java:86]- HHH000248: Starting query cache at region: org.hibernate.cache.internal.StandardQueryCache
2016-09-11_22:31:20.632 [qtp9689399-11] INFO  LoginController [LoginController.java:56]- Request Received for Login page
2016-09-11_22:32:32.213 [qtp9689399-12] DEBUG CustomUserDetailsService [CustomUserDetailsService.java:71]- DbUserDetailsService loadUserByUsername() 
2016-09-11_22:32:32.462 [qtp9689399-11] INFO  c.e.a.s.w.c.ApplicationController [ApplicationController.java:56]- Request Received for Home page
2016-09-11_22:32:34.498 [qtp9689399-18] INFO  c.e.a.s.w.c.ApplicationController [ApplicationController.java:65]- Request Received for super admin page
2016-09-11_22:32:36.553 [qtp9689399-15] INFO  c.e.a.s.w.c.ApplicationController [ApplicationController.java:56]- Request Received for Home page
2016-09-11_22:32:37.574 [qtp9689399-16] INFO  c.e.a.s.w.c.ApplicationController [ApplicationController.java:74]- Request Received for admin page
2016-09-11_22:32:38.590 [qtp9689399-14] INFO  c.e.a.s.w.c.ApplicationController [ApplicationController.java:56]- Request Received for Home page
2016-09-11_22:32:39.578 [qtp9689399-12] INFO  c.e.a.s.w.c.ApplicationController [ApplicationController.java:83]- Request Received for user page
2016-09-11_22:32:40.897 [qtp9689399-11] INFO  c.e.a.s.w.c.ApplicationController [ApplicationController.java:56]- Request Received for Home page
2016-09-11_22:32:42.022 [qtp9689399-16] INFO  LoginController [LoginController.java:56]- Request Received for Login page
2016-09-11_22:32:49.555 [qtp9689399-14] DEBUG CustomUserDetailsService [CustomUserDetailsService.java:71]- DbUserDetailsService loadUserByUsername() 
2016-09-11_22:32:49.561 [qtp9689399-14] ERROR CustomUserDetailsService [CustomUserDetailsService.java:87]- Unable to find record with username:=admin
2016-09-11_22:32:49.637 [qtp9689399-12] INFO  LoginController [LoginController.java:63]- Login failed
2016-09-11_22:32:58.387 [qtp9689399-11] DEBUG CustomUserDetailsService [CustomUserDetailsService.java:71]- DbUserDetailsService loadUserByUsername() 
2016-09-11_22:32:58.394 [qtp9689399-11] ERROR CustomUserDetailsService [CustomUserDetailsService.java:87]- Unable to find record with username:=admin
2016-09-11_22:32:58.405 [qtp9689399-18] INFO  LoginController [LoginController.java:63]- Login failed
2016-09-11_22:33:18.211 [qtp9689399-15] DEBUG CustomUserDetailsService [CustomUserDetailsService.java:71]- DbUserDetailsService loadUserByUsername() 
2016-09-11_22:33:18.244 [qtp9689399-16] INFO  c.e.a.s.w.c.ApplicationController [ApplicationController.java:56]- Request Received for Home page
2016-09-11_22:33:21.478 [qtp9689399-14] INFO  c.e.a.s.w.c.ApplicationController [ApplicationController.java:74]- Request Received for admin page
2016-09-11_22:33:23.031 [qtp9689399-12] INFO  c.e.a.s.w.c.ApplicationController [ApplicationController.java:56]- Request Received for Home page
2016-09-11_22:33:24.038 [qtp9689399-11] INFO  c.e.a.s.w.c.ApplicationController [ApplicationController.java:83]- Request Received for user page
2016-09-11_22:33:25.287 [qtp9689399-18] INFO  c.e.a.s.w.c.ApplicationController [ApplicationController.java:56]- Request Received for Home page
2016-09-11_22:33:27.701 [qtp9689399-14] INFO  LoginController [LoginController.java:56]- Request Received for Login page
2016-09-11_22:33:35.683 [qtp9689399-12] DEBUG CustomUserDetailsService [CustomUserDetailsService.java:71]- DbUserDetailsService loadUserByUsername() 
2016-09-11_22:33:35.704 [qtp9689399-11] INFO  c.e.a.s.w.c.ApplicationController [ApplicationController.java:56]- Request Received for Home page
2016-09-11_22:33:39.278 [qtp9689399-18] INFO  c.e.a.s.w.c.ApplicationController [ApplicationController.java:83]- Request Received for user page
2016-09-11_22:33:40.594 [qtp9689399-15] INFO  c.e.a.s.w.c.ApplicationController [ApplicationController.java:56]- Request Received for Home page
2016-09-11_22:33:41.662 [qtp9689399-12] INFO  LoginController [LoginController.java:56]- Request Received for Login page
2016-09-11_22:34:54.319 [qtp9689399-11] DEBUG c.e.a.s.w.s.AuthenticationTokenProcessingFilter [AuthenticationTokenProcessingFilter.java:80]- Checking headers and parameters for authentication token...
2016-09-11_22:34:54.612 [qtp9689399-11] DEBUG c.e.a.s.w.w.RestAuthenticationController [RestAuthenticationController.java:97]- Inside-AuthenticationController.java
2016-09-11_22:35:40.981 [qtp9689399-16] DEBUG c.e.a.s.w.s.AuthenticationTokenProcessingFilter [AuthenticationTokenProcessingFilter.java:80]- Checking headers and parameters for authentication token...
2016-09-11_22:35:40.985 [qtp9689399-16] DEBUG c.e.a.s.w.s.AuthenticationTokenProcessingFilter [AuthenticationTokenProcessingFilter.java:87]- Found token 'YWRhcnNoISEhMTQ3MzY5OTg5NDYzNCEhIT+TBF7APLNelg3YWbFBf8U=' in request headers
2016-09-11_22:35:41.037 [qtp9689399-16] DEBUG c.e.a.s.w.s.AuthenticationTokenProcessingFilter [AuthenticationTokenProcessingFilter.java:93]- Inside-AuthenticationTokenProcessingFilter.java
2016-09-11_22:35:41.039 [qtp9689399-16] DEBUG CustomUserDetailsService [CustomUserDetailsService.java:71]- DbUserDetailsService loadUserByUsername() 
2016-09-11_22:43:36.162 [main] INFO  o.h.annotations.common.Version [Version.java:37]- HCANN000001: Hibernate Commons Annotations {4.0.1.Final}
2016-09-11_22:43:36.177 [main] INFO  org.hibernate.Version [Version.java:41]- HHH000412: Hibernate Core {4.1.10.Final}
2016-09-11_22:43:36.181 [main] INFO  org.hibernate.cfg.Environment [Environment.java:239]- HHH000206: hibernate.properties not found
2016-09-11_22:43:36.184 [main] INFO  org.hibernate.cfg.Environment [Environment.java:342]- HHH000021: Bytecode provider name : javassist
2016-09-11_22:43:37.202 [main] INFO  org.hibernate.dialect.Dialect [Dialect.java:127]- HHH000400: Using dialect: org.hibernate.dialect.MySQL5InnoDBDialect
2016-09-11_22:43:37.216 [main] INFO  o.h.e.j.internal.LobCreatorBuilder [LobCreatorBuilder.java:120]- HHH000424: Disabling contextual LOB creation as createClob() method threw error : java.lang.reflect.InvocationTargetException
2016-09-11_22:43:37.236 [main] INFO  o.h.e.t.i.TransactionFactoryInitiator [TransactionFactoryInitiator.java:68]- HHH000399: Using default transaction strategy (direct JDBC transactions)
2016-09-11_22:43:37.253 [main] INFO  o.h.h.i.a.ASTQueryTranslatorFactory [ASTQueryTranslatorFactory.java:48]- HHH000397: Using ASTQueryTranslatorFactory
2016-09-11_22:43:37.338 [main] DEBUG net.sf.ehcache.CacheManager [CacheManager.java:696]- Creating new CacheManager with default config
2016-09-11_22:43:37.341 [main] DEBUG net.sf.ehcache.CacheManager [CacheManager.java:553]- Configuring ehcache from classpath.
2016-09-11_22:43:37.345 [main] WARN  n.s.e.config.ConfigurationFactory [ConfigurationFactory.java:134]- No configuration found. Configuring ehcache from ehcache-failsafe.xml  found in the classpath: jar:file:/E:/MAVEN_JAR/net/sf/ehcache/ehcache-core/2.4.3/ehcache-core-2.4.3.jar!/ehcache-failsafe.xml
2016-09-11_22:43:37.346 [main] DEBUG n.s.e.config.ConfigurationFactory [ConfigurationFactory.java:96]- Configuring ehcache from URL: jar:file:/E:/MAVEN_JAR/net/sf/ehcache/ehcache-core/2.4.3/ehcache-core-2.4.3.jar!/ehcache-failsafe.xml
2016-09-11_22:43:37.347 [main] DEBUG n.s.e.config.ConfigurationFactory [ConfigurationFactory.java:148]- Configuring ehcache from InputStream
2016-09-11_22:43:37.363 [main] DEBUG net.sf.ehcache.config.BeanHandler [BeanHandler.java:271]- Ignoring ehcache attribute xmlns:xsi
2016-09-11_22:43:37.364 [main] DEBUG net.sf.ehcache.config.BeanHandler [BeanHandler.java:271]- Ignoring ehcache attribute xsi:noNamespaceSchemaLocation
2016-09-11_22:43:37.365 [main] DEBUG n.s.e.config.DiskStoreConfiguration [DiskStoreConfiguration.java:118]- Disk Store Path: C:\Users\ADARSH~1\AppData\Local\Temp\
2016-09-11_22:43:37.397 [main] DEBUG net.sf.ehcache.util.PropertyUtil [PropertyUtil.java:88]- propertiesString is null.
2016-09-11_22:43:37.403 [main] DEBUG n.s.e.config.ConfigurationHelper [ConfigurationHelper.java:184]- No CacheManagerEventListenerFactory class specified. Skipping...
2016-09-11_22:43:37.438 [main] DEBUG net.sf.ehcache.Cache [Cache.java:949]- No BootstrapCacheLoaderFactory class specified. Skipping...
2016-09-11_22:43:37.438 [main] DEBUG net.sf.ehcache.Cache [Cache.java:923]- CacheWriter factory not configured. Skipping...
2016-09-11_22:43:37.440 [main] DEBUG n.s.e.config.ConfigurationHelper [ConfigurationHelper.java:96]- No CacheExceptionHandlerFactory class specified. Skipping...
2016-09-11_22:43:37.447 [main] INFO  o.h.cache.spi.UpdateTimestampsCache [UpdateTimestampsCache.java:61]- HHH000250: Starting update timestamps cache at region: org.hibernate.cache.spi.UpdateTimestampsCache
2016-09-11_22:43:37.456 [main] WARN  o.h.c.e.AbstractEhcacheRegionFactory [AbstractEhcacheRegionFactory.java:180]- HHH020003: Could not find a specific ehcache configuration for cache named [org.hibernate.cache.spi.UpdateTimestampsCache]; using defaults.
2016-09-11_22:43:37.468 [main] DEBUG n.s.e.s.c.f.DiskOverflowStorageFactory [DiskOverflowStorageFactory.java:95]- Deleting data file org.hibernate.cache.spi.UpdateTimestampsCache.data
2016-09-11_22:43:37.494 [main] DEBUG net.sf.ehcache.Cache [Cache.java:1183]- Initialised cache: org.hibernate.cache.spi.UpdateTimestampsCache
2016-09-11_22:43:37.496 [main] DEBUG n.s.e.config.ConfigurationHelper [ConfigurationHelper.java:360]- CacheDecoratorFactory not configured for defaultCache. Skipping for 'org.hibernate.cache.spi.UpdateTimestampsCache'.
2016-09-11_22:43:37.505 [main] INFO  o.h.c.internal.StandardQueryCache [StandardQueryCache.java:86]- HHH000248: Starting query cache at region: org.hibernate.cache.internal.StandardQueryCache
2016-09-11_22:43:37.507 [main] WARN  o.h.c.e.AbstractEhcacheRegionFactory [AbstractEhcacheRegionFactory.java:180]- HHH020003: Could not find a specific ehcache configuration for cache named [org.hibernate.cache.internal.StandardQueryCache]; using defaults.
2016-09-11_22:43:37.508 [main] DEBUG n.s.e.s.c.f.DiskOverflowStorageFactory [DiskOverflowStorageFactory.java:95]- Deleting data file org.hibernate.cache.internal.StandardQueryCache.data
2016-09-11_22:43:37.510 [main] DEBUG net.sf.ehcache.Cache [Cache.java:1183]- Initialised cache: org.hibernate.cache.internal.StandardQueryCache
2016-09-11_22:43:37.511 [main] DEBUG n.s.e.config.ConfigurationHelper [ConfigurationHelper.java:360]- CacheDecoratorFactory not configured for defaultCache. Skipping for 'org.hibernate.cache.internal.StandardQueryCache'.
2016-09-11_22:43:37.638 [main] INFO  org.hibernate.validator.util.Version [Version.java:24]- Hibernate Validator 4.2.0.Final
2016-09-11_22:43:38.005 [main] INFO  org.hibernate.dialect.Dialect [Dialect.java:127]- HHH000400: Using dialect: org.hibernate.dialect.MySQL5InnoDBDialect
2016-09-11_22:43:38.006 [main] INFO  o.h.e.j.internal.LobCreatorBuilder [LobCreatorBuilder.java:120]- HHH000424: Disabling contextual LOB creation as createClob() method threw error : java.lang.reflect.InvocationTargetException
2016-09-11_22:43:38.008 [main] INFO  o.h.e.t.i.TransactionFactoryInitiator [TransactionFactoryInitiator.java:68]- HHH000399: Using default transaction strategy (direct JDBC transactions)
2016-09-11_22:43:38.009 [main] INFO  o.h.h.i.a.ASTQueryTranslatorFactory [ASTQueryTranslatorFactory.java:48]- HHH000397: Using ASTQueryTranslatorFactory
2016-09-11_22:43:38.011 [main] INFO  o.h.cache.spi.UpdateTimestampsCache [UpdateTimestampsCache.java:61]- HHH000250: Starting update timestamps cache at region: org.hibernate.cache.spi.UpdateTimestampsCache
2016-09-11_22:43:38.011 [main] INFO  o.h.c.internal.StandardQueryCache [StandardQueryCache.java:86]- HHH000248: Starting query cache at region: org.hibernate.cache.internal.StandardQueryCache
2016-09-11_22:43:38.047 [main] INFO  org.hibernate.dialect.Dialect [Dialect.java:127]- HHH000400: Using dialect: org.hibernate.dialect.MySQL5InnoDBDialect
2016-09-11_22:43:38.049 [main] INFO  o.h.e.j.internal.LobCreatorBuilder [LobCreatorBuilder.java:120]- HHH000424: Disabling contextual LOB creation as createClob() method threw error : java.lang.reflect.InvocationTargetException
2016-09-11_22:43:38.051 [main] INFO  o.h.e.t.i.TransactionFactoryInitiator [TransactionFactoryInitiator.java:68]- HHH000399: Using default transaction strategy (direct JDBC transactions)
2016-09-11_22:43:38.052 [main] INFO  o.h.h.i.a.ASTQueryTranslatorFactory [ASTQueryTranslatorFactory.java:48]- HHH000397: Using ASTQueryTranslatorFactory
2016-09-11_22:43:38.053 [main] INFO  o.h.cache.spi.UpdateTimestampsCache [UpdateTimestampsCache.java:61]- HHH000250: Starting update timestamps cache at region: org.hibernate.cache.spi.UpdateTimestampsCache
2016-09-11_22:43:38.054 [main] INFO  o.h.c.internal.StandardQueryCache [StandardQueryCache.java:86]- HHH000248: Starting query cache at region: org.hibernate.cache.internal.StandardQueryCache
2016-09-11_22:43:38.106 [main] INFO  org.hibernate.dialect.Dialect [Dialect.java:127]- HHH000400: Using dialect: org.hibernate.dialect.MySQL5InnoDBDialect
2016-09-11_22:43:38.107 [main] INFO  o.h.e.j.internal.LobCreatorBuilder [LobCreatorBuilder.java:120]- HHH000424: Disabling contextual LOB creation as createClob() method threw error : java.lang.reflect.InvocationTargetException
2016-09-11_22:43:38.108 [main] INFO  o.h.e.t.i.TransactionFactoryInitiator [TransactionFactoryInitiator.java:68]- HHH000399: Using default transaction strategy (direct JDBC transactions)
2016-09-11_22:43:38.111 [main] INFO  o.h.h.i.a.ASTQueryTranslatorFactory [ASTQueryTranslatorFactory.java:48]- HHH000397: Using ASTQueryTranslatorFactory
2016-09-11_22:43:38.113 [main] INFO  o.h.cache.spi.UpdateTimestampsCache [UpdateTimestampsCache.java:61]- HHH000250: Starting update timestamps cache at region: org.hibernate.cache.spi.UpdateTimestampsCache
2016-09-11_22:43:38.114 [main] INFO  o.h.c.internal.StandardQueryCache [StandardQueryCache.java:86]- HHH000248: Starting query cache at region: org.hibernate.cache.internal.StandardQueryCache
2016-09-11_22:43:38.443 [net.sf.ehcache.CacheManager@1c589f2] DEBUG net.sf.ehcache.util.UpdateChecker [UpdateChecker.java:68]- Checking for update...
2016-09-11_22:43:39.085 [main] INFO  c.e.a.s.w.p.v.s.JsonViewSupportFactoryBean [JsonViewSupportFactoryBean.java:79]- JsonView decorator support wired up
2016-09-11_22:43:39.139 [net.sf.ehcache.CacheManager@1c589f2] INFO  net.sf.ehcache.util.UpdateChecker [UpdateChecker.java:98]- New update(s) found: 2.4.7 [http://www.terracotta.org/confluence/display/release/Release+Notes+Ehcache+Core+2.4]. Please check http://ehcache.org for the latest version.
2016-09-11_22:43:47.309 [main] INFO  org.hibernate.dialect.Dialect [Dialect.java:127]- HHH000400: Using dialect: org.hibernate.dialect.MySQL5InnoDBDialect
2016-09-11_22:43:47.310 [main] INFO  o.h.e.j.internal.LobCreatorBuilder [LobCreatorBuilder.java:120]- HHH000424: Disabling contextual LOB creation as createClob() method threw error : java.lang.reflect.InvocationTargetException
2016-09-11_22:43:47.311 [main] INFO  o.h.e.t.i.TransactionFactoryInitiator [TransactionFactoryInitiator.java:68]- HHH000399: Using default transaction strategy (direct JDBC transactions)
2016-09-11_22:43:47.313 [main] INFO  o.h.h.i.a.ASTQueryTranslatorFactory [ASTQueryTranslatorFactory.java:48]- HHH000397: Using ASTQueryTranslatorFactory
2016-09-11_22:43:47.314 [main] INFO  o.h.cache.spi.UpdateTimestampsCache [UpdateTimestampsCache.java:61]- HHH000250: Starting update timestamps cache at region: org.hibernate.cache.spi.UpdateTimestampsCache
2016-09-11_22:43:47.315 [main] INFO  o.h.c.internal.StandardQueryCache [StandardQueryCache.java:86]- HHH000248: Starting query cache at region: org.hibernate.cache.internal.StandardQueryCache
2016-09-11_22:43:53.950 [qtp13892649-18] DEBUG c.e.a.s.w.s.AuthenticationTokenProcessingFilter [AuthenticationTokenProcessingFilter.java:80]- Checking headers and parameters for authentication token...
2016-09-11_22:43:54.109 [qtp13892649-18] DEBUG c.e.a.s.w.w.RestAuthenticationController [RestAuthenticationController.java:97]- Inside-AuthenticationController.java
2016-09-11_22:44:25.974 [qtp13892649-11] DEBUG c.e.a.s.w.s.AuthenticationTokenProcessingFilter [AuthenticationTokenProcessingFilter.java:80]- Checking headers and parameters for authentication token...
2016-09-11_22:44:25.981 [qtp13892649-11] DEBUG c.e.a.s.w.s.AuthenticationTokenProcessingFilter [AuthenticationTokenProcessingFilter.java:87]- Found token 'YWRhcnNoISEhMTQ3MzcwMDQzNDQ3NiEhIaOzbvZb7KPm5Am6OW/Of+o=' in request headers
2016-09-11_22:44:26.035 [qtp13892649-11] DEBUG c.e.a.s.w.s.AuthenticationTokenProcessingFilter [AuthenticationTokenProcessingFilter.java:93]- Inside-AuthenticationTokenProcessingFilter.java
2016-09-11_22:44:26.038 [qtp13892649-11] DEBUG CustomUserDetailsService [CustomUserDetailsService.java:71]- DbUserDetailsService loadUserByUsername() 
2016-09-19_18:00:57.408 [main] INFO  o.h.annotations.common.Version [Version.java:37]- HCANN000001: Hibernate Commons Annotations {4.0.1.Final}
2016-09-19_18:00:57.444 [main] INFO  org.hibernate.Version [Version.java:41]- HHH000412: Hibernate Core {4.1.10.Final}
2016-09-19_18:00:57.449 [main] INFO  org.hibernate.cfg.Environment [Environment.java:239]- HHH000206: hibernate.properties not found
2016-09-19_18:00:57.453 [main] INFO  org.hibernate.cfg.Environment [Environment.java:342]- HHH000021: Bytecode provider name : javassist
2016-09-19_18:00:59.300 [main] WARN  o.h.e.jdbc.internal.JdbcServicesImpl [JdbcServicesImpl.java:169]- HHH000342: Could not obtain connection to query metadata : An attempt by a client to checkout a Connection has timed out.
2016-09-19_18:00:59.323 [main] INFO  org.hibernate.dialect.Dialect [Dialect.java:127]- HHH000400: Using dialect: org.hibernate.dialect.MySQL5InnoDBDialect
2016-09-19_18:00:59.348 [main] INFO  o.h.e.j.internal.LobCreatorBuilder [LobCreatorBuilder.java:85]- HHH000422: Disabling contextual LOB creation as connection was null
2016-09-19_18:00:59.400 [main] INFO  o.h.e.t.i.TransactionFactoryInitiator [TransactionFactoryInitiator.java:68]- HHH000399: Using default transaction strategy (direct JDBC transactions)
2016-09-19_18:00:59.409 [main] INFO  o.h.h.i.a.ASTQueryTranslatorFactory [ASTQueryTranslatorFactory.java:48]- HHH000397: Using ASTQueryTranslatorFactory
2016-09-19_18:00:59.504 [main] DEBUG net.sf.ehcache.CacheManager [CacheManager.java:696]- Creating new CacheManager with default config
2016-09-19_18:00:59.510 [main] DEBUG net.sf.ehcache.CacheManager [CacheManager.java:553]- Configuring ehcache from classpath.
2016-09-19_18:00:59.515 [main] WARN  n.s.e.config.ConfigurationFactory [ConfigurationFactory.java:134]- No configuration found. Configuring ehcache from ehcache-failsafe.xml  found in the classpath: jar:file:/E:/MAVEN_JAR/net/sf/ehcache/ehcache-core/2.4.3/ehcache-core-2.4.3.jar!/ehcache-failsafe.xml
2016-09-19_18:00:59.517 [main] DEBUG n.s.e.config.ConfigurationFactory [ConfigurationFactory.java:96]- Configuring ehcache from URL: jar:file:/E:/MAVEN_JAR/net/sf/ehcache/ehcache-core/2.4.3/ehcache-core-2.4.3.jar!/ehcache-failsafe.xml
2016-09-19_18:00:59.518 [main] DEBUG n.s.e.config.ConfigurationFactory [ConfigurationFactory.java:148]- Configuring ehcache from InputStream
2016-09-19_18:00:59.535 [main] DEBUG net.sf.ehcache.config.BeanHandler [BeanHandler.java:271]- Ignoring ehcache attribute xmlns:xsi
2016-09-19_18:00:59.536 [main] DEBUG net.sf.ehcache.config.BeanHandler [BeanHandler.java:271]- Ignoring ehcache attribute xsi:noNamespaceSchemaLocation
2016-09-19_18:00:59.537 [main] DEBUG n.s.e.config.DiskStoreConfiguration [DiskStoreConfiguration.java:118]- Disk Store Path: C:\Users\ADARSH~1\AppData\Local\Temp\
2016-09-19_18:00:59.653 [main] DEBUG net.sf.ehcache.util.PropertyUtil [PropertyUtil.java:88]- propertiesString is null.
2016-09-19_18:00:59.657 [main] DEBUG n.s.e.config.ConfigurationHelper [ConfigurationHelper.java:184]- No CacheManagerEventListenerFactory class specified. Skipping...
2016-09-19_18:00:59.696 [main] DEBUG net.sf.ehcache.Cache [Cache.java:949]- No BootstrapCacheLoaderFactory class specified. Skipping...
2016-09-19_18:00:59.698 [main] DEBUG net.sf.ehcache.Cache [Cache.java:923]- CacheWriter factory not configured. Skipping...
2016-09-19_18:00:59.702 [main] DEBUG n.s.e.config.ConfigurationHelper [ConfigurationHelper.java:96]- No CacheExceptionHandlerFactory class specified. Skipping...
2016-09-19_18:00:59.716 [main] INFO  o.h.cache.spi.UpdateTimestampsCache [UpdateTimestampsCache.java:61]- HHH000250: Starting update timestamps cache at region: org.hibernate.cache.spi.UpdateTimestampsCache
2016-09-19_18:00:59.723 [main] WARN  o.h.c.e.AbstractEhcacheRegionFactory [AbstractEhcacheRegionFactory.java:180]- HHH020003: Could not find a specific ehcache configuration for cache named [org.hibernate.cache.spi.UpdateTimestampsCache]; using defaults.
2016-09-19_18:00:59.768 [main] DEBUG n.s.e.s.c.f.DiskOverflowStorageFactory [DiskOverflowStorageFactory.java:95]- Deleting data file org.hibernate.cache.spi.UpdateTimestampsCache.data
2016-09-19_18:00:59.800 [main] DEBUG net.sf.ehcache.Cache [Cache.java:1183]- Initialised cache: org.hibernate.cache.spi.UpdateTimestampsCache
2016-09-19_18:00:59.802 [main] DEBUG n.s.e.config.ConfigurationHelper [ConfigurationHelper.java:360]- CacheDecoratorFactory not configured for defaultCache. Skipping for 'org.hibernate.cache.spi.UpdateTimestampsCache'.
2016-09-19_18:00:59.812 [main] INFO  o.h.c.internal.StandardQueryCache [StandardQueryCache.java:86]- HHH000248: Starting query cache at region: org.hibernate.cache.internal.StandardQueryCache
2016-09-19_18:00:59.814 [main] WARN  o.h.c.e.AbstractEhcacheRegionFactory [AbstractEhcacheRegionFactory.java:180]- HHH020003: Could not find a specific ehcache configuration for cache named [org.hibernate.cache.internal.StandardQueryCache]; using defaults.
2016-09-19_18:00:59.817 [main] DEBUG n.s.e.s.c.f.DiskOverflowStorageFactory [DiskOverflowStorageFactory.java:95]- Deleting data file org.hibernate.cache.internal.StandardQueryCache.data
2016-09-19_18:00:59.819 [main] DEBUG net.sf.ehcache.Cache [Cache.java:1183]- Initialised cache: org.hibernate.cache.internal.StandardQueryCache
2016-09-19_18:00:59.820 [main] DEBUG n.s.e.config.ConfigurationHelper [ConfigurationHelper.java:360]- CacheDecoratorFactory not configured for defaultCache. Skipping for 'org.hibernate.cache.internal.StandardQueryCache'.
2016-09-19_18:00:59.967 [main] INFO  org.hibernate.validator.util.Version [Version.java:24]- Hibernate Validator 4.2.0.Final
2016-09-19_18:01:00.709 [net.sf.ehcache.CacheManager@1cab489] DEBUG net.sf.ehcache.util.UpdateChecker [UpdateChecker.java:68]- Checking for update...
2016-09-19_18:01:01.069 [main] INFO  org.hibernate.dialect.Dialect [Dialect.java:127]- HHH000400: Using dialect: org.hibernate.dialect.MySQL5InnoDBDialect
2016-09-19_18:01:01.072 [main] INFO  o.h.e.j.internal.LobCreatorBuilder [LobCreatorBuilder.java:120]- HHH000424: Disabling contextual LOB creation as createClob() method threw error : java.lang.reflect.InvocationTargetException
2016-09-19_18:01:01.076 [main] INFO  o.h.e.t.i.TransactionFactoryInitiator [TransactionFactoryInitiator.java:68]- HHH000399: Using default transaction strategy (direct JDBC transactions)
2016-09-19_18:01:01.077 [main] INFO  o.h.h.i.a.ASTQueryTranslatorFactory [ASTQueryTranslatorFactory.java:48]- HHH000397: Using ASTQueryTranslatorFactory
2016-09-19_18:01:01.079 [main] INFO  o.h.cache.spi.UpdateTimestampsCache [UpdateTimestampsCache.java:61]- HHH000250: Starting update timestamps cache at region: org.hibernate.cache.spi.UpdateTimestampsCache
2016-09-19_18:01:01.080 [main] INFO  o.h.c.internal.StandardQueryCache [StandardQueryCache.java:86]- HHH000248: Starting query cache at region: org.hibernate.cache.internal.StandardQueryCache
2016-09-19_18:01:01.180 [main] INFO  org.hibernate.dialect.Dialect [Dialect.java:127]- HHH000400: Using dialect: org.hibernate.dialect.MySQL5InnoDBDialect
2016-09-19_18:01:01.185 [main] INFO  o.h.e.j.internal.LobCreatorBuilder [LobCreatorBuilder.java:120]- HHH000424: Disabling contextual LOB creation as createClob() method threw error : java.lang.reflect.InvocationTargetException
2016-09-19_18:01:01.207 [main] INFO  o.h.e.t.i.TransactionFactoryInitiator [TransactionFactoryInitiator.java:68]- HHH000399: Using default transaction strategy (direct JDBC transactions)
2016-09-19_18:01:01.221 [main] INFO  o.h.h.i.a.ASTQueryTranslatorFactory [ASTQueryTranslatorFactory.java:48]- HHH000397: Using ASTQueryTranslatorFactory
2016-09-19_18:01:01.228 [main] INFO  o.h.cache.spi.UpdateTimestampsCache [UpdateTimestampsCache.java:61]- HHH000250: Starting update timestamps cache at region: org.hibernate.cache.spi.UpdateTimestampsCache
2016-09-19_18:01:01.229 [main] INFO  o.h.c.internal.StandardQueryCache [StandardQueryCache.java:86]- HHH000248: Starting query cache at region: org.hibernate.cache.internal.StandardQueryCache
2016-09-19_18:01:01.332 [main] INFO  org.hibernate.dialect.Dialect [Dialect.java:127]- HHH000400: Using dialect: org.hibernate.dialect.MySQL5InnoDBDialect
2016-09-19_18:01:01.337 [main] INFO  o.h.e.j.internal.LobCreatorBuilder [LobCreatorBuilder.java:120]- HHH000424: Disabling contextual LOB creation as createClob() method threw error : java.lang.reflect.InvocationTargetException
2016-09-19_18:01:01.339 [main] INFO  o.h.e.t.i.TransactionFactoryInitiator [TransactionFactoryInitiator.java:68]- HHH000399: Using default transaction strategy (direct JDBC transactions)
2016-09-19_18:01:01.341 [main] INFO  o.h.h.i.a.ASTQueryTranslatorFactory [ASTQueryTranslatorFactory.java:48]- HHH000397: Using ASTQueryTranslatorFactory
2016-09-19_18:01:01.343 [main] INFO  o.h.cache.spi.UpdateTimestampsCache [UpdateTimestampsCache.java:61]- HHH000250: Starting update timestamps cache at region: org.hibernate.cache.spi.UpdateTimestampsCache
2016-09-19_18:01:01.344 [main] INFO  o.h.c.internal.StandardQueryCache [StandardQueryCache.java:86]- HHH000248: Starting query cache at region: org.hibernate.cache.internal.StandardQueryCache
2016-09-19_18:01:01.636 [net.sf.ehcache.CacheManager@1cab489] INFO  net.sf.ehcache.util.UpdateChecker [UpdateChecker.java:98]- New update(s) found: 2.4.7 [http://www.terracotta.org/confluence/display/release/Release+Notes+Ehcache+Core+2.4]. Please check http://ehcache.org for the latest version.
2016-09-19_18:01:02.722 [main] INFO  c.e.a.s.w.p.v.s.JsonViewSupportFactoryBean [JsonViewSupportFactoryBean.java:79]- JsonView decorator support wired up
2016-09-19_18:01:12.954 [main] INFO  org.hibernate.dialect.Dialect [Dialect.java:127]- HHH000400: Using dialect: org.hibernate.dialect.MySQL5InnoDBDialect
2016-09-19_18:01:12.956 [main] INFO  o.h.e.j.internal.LobCreatorBuilder [LobCreatorBuilder.java:120]- HHH000424: Disabling contextual LOB creation as createClob() method threw error : java.lang.reflect.InvocationTargetException
2016-09-19_18:01:12.958 [main] INFO  o.h.e.t.i.TransactionFactoryInitiator [TransactionFactoryInitiator.java:68]- HHH000399: Using default transaction strategy (direct JDBC transactions)
2016-09-19_18:01:12.959 [main] INFO  o.h.h.i.a.ASTQueryTranslatorFactory [ASTQueryTranslatorFactory.java:48]- HHH000397: Using ASTQueryTranslatorFactory
2016-09-19_18:01:12.960 [main] INFO  o.h.cache.spi.UpdateTimestampsCache [UpdateTimestampsCache.java:61]- HHH000250: Starting update timestamps cache at region: org.hibernate.cache.spi.UpdateTimestampsCache
2016-09-19_18:01:12.961 [main] INFO  o.h.c.internal.StandardQueryCache [StandardQueryCache.java:86]- HHH000248: Starting query cache at region: org.hibernate.cache.internal.StandardQueryCache
2016-09-19_18:03:45.488 [main] INFO  o.h.annotations.common.Version [Version.java:37]- HCANN000001: Hibernate Commons Annotations {4.0.1.Final}
2016-09-19_18:03:45.503 [main] INFO  org.hibernate.Version [Version.java:41]- HHH000412: Hibernate Core {4.1.10.Final}
2016-09-19_18:03:45.507 [main] INFO  org.hibernate.cfg.Environment [Environment.java:239]- HHH000206: hibernate.properties not found
2016-09-19_18:03:45.509 [main] INFO  org.hibernate.cfg.Environment [Environment.java:342]- HHH000021: Bytecode provider name : javassist
2016-09-19_18:03:46.420 [main] INFO  org.hibernate.dialect.Dialect [Dialect.java:127]- HHH000400: Using dialect: org.hibernate.dialect.MySQL5InnoDBDialect
2016-09-19_18:03:46.435 [main] INFO  o.h.e.j.internal.LobCreatorBuilder [LobCreatorBuilder.java:120]- HHH000424: Disabling contextual LOB creation as createClob() method threw error : java.lang.reflect.InvocationTargetException
2016-09-19_18:03:46.455 [main] INFO  o.h.e.t.i.TransactionFactoryInitiator [TransactionFactoryInitiator.java:68]- HHH000399: Using default transaction strategy (direct JDBC transactions)
2016-09-19_18:03:46.463 [main] INFO  o.h.h.i.a.ASTQueryTranslatorFactory [ASTQueryTranslatorFactory.java:48]- HHH000397: Using ASTQueryTranslatorFactory
2016-09-19_18:03:46.554 [main] DEBUG net.sf.ehcache.CacheManager [CacheManager.java:696]- Creating new CacheManager with default config
2016-09-19_18:03:46.557 [main] DEBUG net.sf.ehcache.CacheManager [CacheManager.java:553]- Configuring ehcache from classpath.
2016-09-19_18:03:46.561 [main] WARN  n.s.e.config.ConfigurationFactory [ConfigurationFactory.java:134]- No configuration found. Configuring ehcache from ehcache-failsafe.xml  found in the classpath: jar:file:/E:/MAVEN_JAR/net/sf/ehcache/ehcache-core/2.4.3/ehcache-core-2.4.3.jar!/ehcache-failsafe.xml
2016-09-19_18:03:46.562 [main] DEBUG n.s.e.config.ConfigurationFactory [ConfigurationFactory.java:96]- Configuring ehcache from URL: jar:file:/E:/MAVEN_JAR/net/sf/ehcache/ehcache-core/2.4.3/ehcache-core-2.4.3.jar!/ehcache-failsafe.xml
2016-09-19_18:03:46.563 [main] DEBUG n.s.e.config.ConfigurationFactory [ConfigurationFactory.java:148]- Configuring ehcache from InputStream
2016-09-19_18:03:46.579 [main] DEBUG net.sf.ehcache.config.BeanHandler [BeanHandler.java:271]- Ignoring ehcache attribute xmlns:xsi
2016-09-19_18:03:46.580 [main] DEBUG net.sf.ehcache.config.BeanHandler [BeanHandler.java:271]- Ignoring ehcache attribute xsi:noNamespaceSchemaLocation
2016-09-19_18:03:46.581 [main] DEBUG n.s.e.config.DiskStoreConfiguration [DiskStoreConfiguration.java:118]- Disk Store Path: C:\Users\ADARSH~1\AppData\Local\Temp\
2016-09-19_18:03:46.613 [main] DEBUG net.sf.ehcache.util.PropertyUtil [PropertyUtil.java:88]- propertiesString is null.
2016-09-19_18:03:46.616 [main] DEBUG n.s.e.config.ConfigurationHelper [ConfigurationHelper.java:184]- No CacheManagerEventListenerFactory class specified. Skipping...
2016-09-19_18:03:46.646 [main] DEBUG net.sf.ehcache.Cache [Cache.java:949]- No BootstrapCacheLoaderFactory class specified. Skipping...
2016-09-19_18:03:46.647 [main] DEBUG net.sf.ehcache.Cache [Cache.java:923]- CacheWriter factory not configured. Skipping...
2016-09-19_18:03:46.649 [main] DEBUG n.s.e.config.ConfigurationHelper [ConfigurationHelper.java:96]- No CacheExceptionHandlerFactory class specified. Skipping...
2016-09-19_18:03:46.658 [main] INFO  o.h.cache.spi.UpdateTimestampsCache [UpdateTimestampsCache.java:61]- HHH000250: Starting update timestamps cache at region: org.hibernate.cache.spi.UpdateTimestampsCache
2016-09-19_18:03:46.664 [main] WARN  o.h.c.e.AbstractEhcacheRegionFactory [AbstractEhcacheRegionFactory.java:180]- HHH020003: Could not find a specific ehcache configuration for cache named [org.hibernate.cache.spi.UpdateTimestampsCache]; using defaults.
2016-09-19_18:03:46.679 [main] DEBUG n.s.e.s.c.f.DiskOverflowStorageFactory [DiskOverflowStorageFactory.java:95]- Deleting data file org.hibernate.cache.spi.UpdateTimestampsCache.data
2016-09-19_18:03:46.706 [main] DEBUG net.sf.ehcache.Cache [Cache.java:1183]- Initialised cache: org.hibernate.cache.spi.UpdateTimestampsCache
2016-09-19_18:03:46.708 [main] DEBUG n.s.e.config.ConfigurationHelper [ConfigurationHelper.java:360]- CacheDecoratorFactory not configured for defaultCache. Skipping for 'org.hibernate.cache.spi.UpdateTimestampsCache'.
2016-09-19_18:03:46.716 [main] INFO  o.h.c.internal.StandardQueryCache [StandardQueryCache.java:86]- HHH000248: Starting query cache at region: org.hibernate.cache.internal.StandardQueryCache
2016-09-19_18:03:46.718 [main] WARN  o.h.c.e.AbstractEhcacheRegionFactory [AbstractEhcacheRegionFactory.java:180]- HHH020003: Could not find a specific ehcache configuration for cache named [org.hibernate.cache.internal.StandardQueryCache]; using defaults.
2016-09-19_18:03:46.720 [main] DEBUG n.s.e.s.c.f.DiskOverflowStorageFactory [DiskOverflowStorageFactory.java:95]- Deleting data file org.hibernate.cache.internal.StandardQueryCache.data
2016-09-19_18:03:46.722 [main] DEBUG net.sf.ehcache.Cache [Cache.java:1183]- Initialised cache: org.hibernate.cache.internal.StandardQueryCache
2016-09-19_18:03:46.724 [main] DEBUG n.s.e.config.ConfigurationHelper [ConfigurationHelper.java:360]- CacheDecoratorFactory not configured for defaultCache. Skipping for 'org.hibernate.cache.internal.StandardQueryCache'.
2016-09-19_18:03:46.890 [main] INFO  org.hibernate.validator.util.Version [Version.java:24]- Hibernate Validator 4.2.0.Final
2016-09-19_18:03:47.255 [main] INFO  org.hibernate.dialect.Dialect [Dialect.java:127]- HHH000400: Using dialect: org.hibernate.dialect.MySQL5InnoDBDialect
2016-09-19_18:03:47.257 [main] INFO  o.h.e.j.internal.LobCreatorBuilder [LobCreatorBuilder.java:120]- HHH000424: Disabling contextual LOB creation as createClob() method threw error : java.lang.reflect.InvocationTargetException
2016-09-19_18:03:47.258 [main] INFO  o.h.e.t.i.TransactionFactoryInitiator [TransactionFactoryInitiator.java:68]- HHH000399: Using default transaction strategy (direct JDBC transactions)
2016-09-19_18:03:47.259 [main] INFO  o.h.h.i.a.ASTQueryTranslatorFactory [ASTQueryTranslatorFactory.java:48]- HHH000397: Using ASTQueryTranslatorFactory
2016-09-19_18:03:47.260 [main] INFO  o.h.cache.spi.UpdateTimestampsCache [UpdateTimestampsCache.java:61]- HHH000250: Starting update timestamps cache at region: org.hibernate.cache.spi.UpdateTimestampsCache
2016-09-19_18:03:47.261 [main] INFO  o.h.c.internal.StandardQueryCache [StandardQueryCache.java:86]- HHH000248: Starting query cache at region: org.hibernate.cache.internal.StandardQueryCache
2016-09-19_18:03:47.310 [main] INFO  org.hibernate.dialect.Dialect [Dialect.java:127]- HHH000400: Using dialect: org.hibernate.dialect.MySQL5InnoDBDialect
2016-09-19_18:03:47.312 [main] INFO  o.h.e.j.internal.LobCreatorBuilder [LobCreatorBuilder.java:120]- HHH000424: Disabling contextual LOB creation as createClob() method threw error : java.lang.reflect.InvocationTargetException
2016-09-19_18:03:47.313 [main] INFO  o.h.e.t.i.TransactionFactoryInitiator [TransactionFactoryInitiator.java:68]- HHH000399: Using default transaction strategy (direct JDBC transactions)
2016-09-19_18:03:47.314 [main] INFO  o.h.h.i.a.ASTQueryTranslatorFactory [ASTQueryTranslatorFactory.java:48]- HHH000397: Using ASTQueryTranslatorFactory
2016-09-19_18:03:47.315 [main] INFO  o.h.cache.spi.UpdateTimestampsCache [UpdateTimestampsCache.java:61]- HHH000250: Starting update timestamps cache at region: org.hibernate.cache.spi.UpdateTimestampsCache
2016-09-19_18:03:47.317 [main] INFO  o.h.c.internal.StandardQueryCache [StandardQueryCache.java:86]- HHH000248: Starting query cache at region: org.hibernate.cache.internal.StandardQueryCache
2016-09-19_18:03:47.369 [main] INFO  org.hibernate.dialect.Dialect [Dialect.java:127]- HHH000400: Using dialect: org.hibernate.dialect.MySQL5InnoDBDialect
2016-09-19_18:03:47.370 [main] INFO  o.h.e.j.internal.LobCreatorBuilder [LobCreatorBuilder.java:120]- HHH000424: Disabling contextual LOB creation as createClob() method threw error : java.lang.reflect.InvocationTargetException
2016-09-19_18:03:47.372 [main] INFO  o.h.e.t.i.TransactionFactoryInitiator [TransactionFactoryInitiator.java:68]- HHH000399: Using default transaction strategy (direct JDBC transactions)
2016-09-19_18:03:47.374 [main] INFO  o.h.h.i.a.ASTQueryTranslatorFactory [ASTQueryTranslatorFactory.java:48]- HHH000397: Using ASTQueryTranslatorFactory
2016-09-19_18:03:47.376 [main] INFO  o.h.cache.spi.UpdateTimestampsCache [UpdateTimestampsCache.java:61]- HHH000250: Starting update timestamps cache at region: org.hibernate.cache.spi.UpdateTimestampsCache
2016-09-19_18:03:47.377 [main] INFO  o.h.c.internal.StandardQueryCache [StandardQueryCache.java:86]- HHH000248: Starting query cache at region: org.hibernate.cache.internal.StandardQueryCache
2016-09-19_18:03:47.653 [net.sf.ehcache.CacheManager@cdb152] DEBUG net.sf.ehcache.util.UpdateChecker [UpdateChecker.java:68]- Checking for update...
2016-09-19_18:03:48.288 [net.sf.ehcache.CacheManager@cdb152] INFO  net.sf.ehcache.util.UpdateChecker [UpdateChecker.java:98]- New update(s) found: 2.4.7 [http://www.terracotta.org/confluence/display/release/Release+Notes+Ehcache+Core+2.4]. Please check http://ehcache.org for the latest version.
2016-09-19_18:03:48.319 [main] INFO  c.e.a.s.w.p.v.s.JsonViewSupportFactoryBean [JsonViewSupportFactoryBean.java:79]- JsonView decorator support wired up
2016-09-19_18:03:56.513 [main] INFO  org.hibernate.dialect.Dialect [Dialect.java:127]- HHH000400: Using dialect: org.hibernate.dialect.MySQL5InnoDBDialect
2016-09-19_18:03:56.515 [main] INFO  o.h.e.j.internal.LobCreatorBuilder [LobCreatorBuilder.java:120]- HHH000424: Disabling contextual LOB creation as createClob() method threw error : java.lang.reflect.InvocationTargetException
2016-09-19_18:03:56.516 [main] INFO  o.h.e.t.i.TransactionFactoryInitiator [TransactionFactoryInitiator.java:68]- HHH000399: Using default transaction strategy (direct JDBC transactions)
2016-09-19_18:03:56.517 [main] INFO  o.h.h.i.a.ASTQueryTranslatorFactory [ASTQueryTranslatorFactory.java:48]- HHH000397: Using ASTQueryTranslatorFactory
2016-09-19_18:03:56.518 [main] INFO  o.h.cache.spi.UpdateTimestampsCache [UpdateTimestampsCache.java:61]- HHH000250: Starting update timestamps cache at region: org.hibernate.cache.spi.UpdateTimestampsCache
2016-09-19_18:03:56.519 [main] INFO  o.h.c.internal.StandardQueryCache [StandardQueryCache.java:86]- HHH000248: Starting query cache at region: org.hibernate.cache.internal.StandardQueryCache
2016-09-19_18:03:57.180 [qtp14266004-15] INFO  LoginController [LoginController.java:56]- Request Received for Login page
2016-09-19_18:04:13.239 [qtp14266004-13] INFO  LoginController [LoginController.java:56]- Request Received for Login page
2016-09-19_18:04:15.731 [qtp14266004-17] DEBUG CustomUserDetailsService [CustomUserDetailsService.java:71]- DbUserDetailsService loadUserByUsername() 
2016-09-19_18:04:16.024 [qtp14266004-11] INFO  c.e.a.s.w.c.ApplicationController [ApplicationController.java:58]- Request Received for Home page
2016-09-19_18:04:18.924 [qtp14266004-14] INFO  c.e.a.s.w.c.ApplicationController [ApplicationController.java:67]- Request Received for super admin page
2016-09-19_18:04:20.832 [qtp14266004-15] INFO  c.e.a.s.w.c.ApplicationController [ApplicationController.java:58]- Request Received for Home page
2016-09-19_18:04:21.867 [qtp14266004-18] INFO  c.e.a.s.w.c.ApplicationController [ApplicationController.java:76]- Request Received for admin page
2016-09-19_18:04:23.287 [qtp14266004-17] INFO  c.e.a.s.w.c.ApplicationController [ApplicationController.java:58]- Request Received for Home page
2016-09-19_18:04:24.171 [qtp14266004-11] INFO  c.e.a.s.w.c.ApplicationController [ApplicationController.java:85]- Request Received for user page
2016-09-19_18:04:25.338 [qtp14266004-14] INFO  c.e.a.s.w.c.ApplicationController [ApplicationController.java:58]- Request Received for Home page
2016-09-19_18:04:26.633 [qtp14266004-18] INFO  LoginController [LoginController.java:56]- Request Received for Login page
2016-09-19_18:05:30.013 [qtp14266004-17] DEBUG c.e.a.s.w.s.AuthenticationTokenProcessingFilter [AuthenticationTokenProcessingFilter.java:80]- Checking headers and parameters for authentication token...
2016-09-19_18:05:30.174 [qtp14266004-17] DEBUG c.e.a.s.w.w.RestAuthenticationController [RestAuthenticationController.java:97]- Inside-AuthenticationController.java
2016-09-19_18:06:10.811 [qtp14266004-11] DEBUG c.e.a.s.w.s.AuthenticationTokenProcessingFilter [AuthenticationTokenProcessingFilter.java:80]- Checking headers and parameters for authentication token...
2016-09-19_18:06:10.818 [qtp14266004-11] DEBUG c.e.a.s.w.s.AuthenticationTokenProcessingFilter [AuthenticationTokenProcessingFilter.java:87]- Found token 'YWRhcnNoISEhMTQ3NDM3NDkzMDIwMCEhIQtA1Ey1Us8RC+XaGFFjyfM=' in request headers
2016-09-19_18:06:10.871 [qtp14266004-11] DEBUG c.e.a.s.w.s.AuthenticationTokenProcessingFilter [AuthenticationTokenProcessingFilter.java:93]- Inside-AuthenticationTokenProcessingFilter.java
2016-09-19_18:06:10.873 [qtp14266004-11] DEBUG CustomUserDetailsService [CustomUserDetailsService.java:71]- DbUserDetailsService loadUserByUsername() 
2016-09-19_19:17:25.076 [main] INFO  o.h.annotations.common.Version [Version.java:37]- HCANN000001: Hibernate Commons Annotations {4.0.1.Final}
2016-09-19_19:17:25.091 [main] INFO  org.hibernate.Version [Version.java:41]- HHH000412: Hibernate Core {4.1.10.Final}
2016-09-19_19:17:25.095 [main] INFO  org.hibernate.cfg.Environment [Environment.java:239]- HHH000206: hibernate.properties not found
2016-09-19_19:17:25.098 [main] INFO  org.hibernate.cfg.Environment [Environment.java:342]- HHH000021: Bytecode provider name : javassist
2016-09-19_19:17:26.359 [main] INFO  org.hibernate.dialect.Dialect [Dialect.java:127]- HHH000400: Using dialect: org.hibernate.dialect.MySQL5InnoDBDialect
2016-09-19_19:17:26.382 [main] INFO  o.h.e.j.internal.LobCreatorBuilder [LobCreatorBuilder.java:120]- HHH000424: Disabling contextual LOB creation as createClob() method threw error : java.lang.reflect.InvocationTargetException
2016-09-19_19:17:26.404 [main] INFO  o.h.e.t.i.TransactionFactoryInitiator [TransactionFactoryInitiator.java:68]- HHH000399: Using default transaction strategy (direct JDBC transactions)
2016-09-19_19:17:26.410 [main] INFO  o.h.h.i.a.ASTQueryTranslatorFactory [ASTQueryTranslatorFactory.java:48]- HHH000397: Using ASTQueryTranslatorFactory
2016-09-19_19:17:26.647 [main] DEBUG net.sf.ehcache.CacheManager [CacheManager.java:696]- Creating new CacheManager with default config
2016-09-19_19:17:26.652 [main] DEBUG net.sf.ehcache.CacheManager [CacheManager.java:553]- Configuring ehcache from classpath.
2016-09-19_19:17:26.658 [main] WARN  n.s.e.config.ConfigurationFactory [ConfigurationFactory.java:134]- No configuration found. Configuring ehcache from ehcache-failsafe.xml  found in the classpath: jar:file:/E:/MAVEN_JAR/net/sf/ehcache/ehcache-core/2.4.3/ehcache-core-2.4.3.jar!/ehcache-failsafe.xml
2016-09-19_19:17:26.660 [main] DEBUG n.s.e.config.ConfigurationFactory [ConfigurationFactory.java:96]- Configuring ehcache from URL: jar:file:/E:/MAVEN_JAR/net/sf/ehcache/ehcache-core/2.4.3/ehcache-core-2.4.3.jar!/ehcache-failsafe.xml
2016-09-19_19:17:26.661 [main] DEBUG n.s.e.config.ConfigurationFactory [ConfigurationFactory.java:148]- Configuring ehcache from InputStream
2016-09-19_19:17:26.680 [main] DEBUG net.sf.ehcache.config.BeanHandler [BeanHandler.java:271]- Ignoring ehcache attribute xmlns:xsi
2016-09-19_19:17:26.681 [main] DEBUG net.sf.ehcache.config.BeanHandler [BeanHandler.java:271]- Ignoring ehcache attribute xsi:noNamespaceSchemaLocation
2016-09-19_19:17:26.683 [main] DEBUG n.s.e.config.DiskStoreConfiguration [DiskStoreConfiguration.java:118]- Disk Store Path: C:\Users\ADARSH~1\AppData\Local\Temp\
2016-09-19_19:17:26.741 [main] DEBUG net.sf.ehcache.util.PropertyUtil [PropertyUtil.java:88]- propertiesString is null.
2016-09-19_19:17:26.751 [main] DEBUG n.s.e.config.ConfigurationHelper [ConfigurationHelper.java:184]- No CacheManagerEventListenerFactory class specified. Skipping...
2016-09-19_19:17:26.819 [main] DEBUG net.sf.ehcache.Cache [Cache.java:949]- No BootstrapCacheLoaderFactory class specified. Skipping...
2016-09-19_19:17:26.820 [main] DEBUG net.sf.ehcache.Cache [Cache.java:923]- CacheWriter factory not configured. Skipping...
2016-09-19_19:17:26.822 [main] DEBUG n.s.e.config.ConfigurationHelper [ConfigurationHelper.java:96]- No CacheExceptionHandlerFactory class specified. Skipping...
2016-09-19_19:17:26.830 [main] INFO  o.h.cache.spi.UpdateTimestampsCache [UpdateTimestampsCache.java:61]- HHH000250: Starting update timestamps cache at region: org.hibernate.cache.spi.UpdateTimestampsCache
2016-09-19_19:17:26.838 [main] WARN  o.h.c.e.AbstractEhcacheRegionFactory [AbstractEhcacheRegionFactory.java:180]- HHH020003: Could not find a specific ehcache configuration for cache named [org.hibernate.cache.spi.UpdateTimestampsCache]; using defaults.
2016-09-19_19:17:26.863 [main] DEBUG n.s.e.s.c.f.DiskOverflowStorageFactory [DiskOverflowStorageFactory.java:95]- Deleting data file org.hibernate.cache.spi.UpdateTimestampsCache.data
2016-09-19_19:17:26.942 [main] DEBUG net.sf.ehcache.Cache [Cache.java:1183]- Initialised cache: org.hibernate.cache.spi.UpdateTimestampsCache
2016-09-19_19:17:26.950 [main] DEBUG n.s.e.config.ConfigurationHelper [ConfigurationHelper.java:360]- CacheDecoratorFactory not configured for defaultCache. Skipping for 'org.hibernate.cache.spi.UpdateTimestampsCache'.
2016-09-19_19:17:26.963 [main] INFO  o.h.c.internal.StandardQueryCache [StandardQueryCache.java:86]- HHH000248: Starting query cache at region: org.hibernate.cache.internal.StandardQueryCache
2016-09-19_19:17:26.967 [main] WARN  o.h.c.e.AbstractEhcacheRegionFactory [AbstractEhcacheRegionFactory.java:180]- HHH020003: Could not find a specific ehcache configuration for cache named [org.hibernate.cache.internal.StandardQueryCache]; using defaults.
2016-09-19_19:17:26.970 [main] DEBUG n.s.e.s.c.f.DiskOverflowStorageFactory [DiskOverflowStorageFactory.java:95]- Deleting data file org.hibernate.cache.internal.StandardQueryCache.data
2016-09-19_19:17:26.973 [main] DEBUG net.sf.ehcache.Cache [Cache.java:1183]- Initialised cache: org.hibernate.cache.internal.StandardQueryCache
2016-09-19_19:17:26.974 [main] DEBUG n.s.e.config.ConfigurationHelper [ConfigurationHelper.java:360]- CacheDecoratorFactory not configured for defaultCache. Skipping for 'org.hibernate.cache.internal.StandardQueryCache'.
2016-09-19_19:17:27.210 [main] INFO  org.hibernate.validator.util.Version [Version.java:24]- Hibernate Validator 4.2.0.Final
2016-09-19_19:17:27.756 [main] INFO  org.hibernate.dialect.Dialect [Dialect.java:127]- HHH000400: Using dialect: org.hibernate.dialect.MySQL5InnoDBDialect
2016-09-19_19:17:27.757 [main] INFO  o.h.e.j.internal.LobCreatorBuilder [LobCreatorBuilder.java:120]- HHH000424: Disabling contextual LOB creation as createClob() method threw error : java.lang.reflect.InvocationTargetException
2016-09-19_19:17:27.758 [main] INFO  o.h.e.t.i.TransactionFactoryInitiator [TransactionFactoryInitiator.java:68]- HHH000399: Using default transaction strategy (direct JDBC transactions)
2016-09-19_19:17:27.760 [main] INFO  o.h.h.i.a.ASTQueryTranslatorFactory [ASTQueryTranslatorFactory.java:48]- HHH000397: Using ASTQueryTranslatorFactory
2016-09-19_19:17:27.761 [main] INFO  o.h.cache.spi.UpdateTimestampsCache [UpdateTimestampsCache.java:61]- HHH000250: Starting update timestamps cache at region: org.hibernate.cache.spi.UpdateTimestampsCache
2016-09-19_19:17:27.763 [main] INFO  o.h.c.internal.StandardQueryCache [StandardQueryCache.java:86]- HHH000248: Starting query cache at region: org.hibernate.cache.internal.StandardQueryCache
2016-09-19_19:17:27.834 [main] INFO  org.hibernate.dialect.Dialect [Dialect.java:127]- HHH000400: Using dialect: org.hibernate.dialect.MySQL5InnoDBDialect
2016-09-19_19:17:27.849 [net.sf.ehcache.CacheManager@ffd3fd] DEBUG net.sf.ehcache.util.UpdateChecker [UpdateChecker.java:68]- Checking for update...
2016-09-19_19:17:27.851 [main] INFO  o.h.e.j.internal.LobCreatorBuilder [LobCreatorBuilder.java:120]- HHH000424: Disabling contextual LOB creation as createClob() method threw error : java.lang.reflect.InvocationTargetException
2016-09-19_19:17:27.852 [main] INFO  o.h.e.t.i.TransactionFactoryInitiator [TransactionFactoryInitiator.java:68]- HHH000399: Using default transaction strategy (direct JDBC transactions)
2016-09-19_19:17:27.854 [main] INFO  o.h.h.i.a.ASTQueryTranslatorFactory [ASTQueryTranslatorFactory.java:48]- HHH000397: Using ASTQueryTranslatorFactory
2016-09-19_19:17:27.855 [main] INFO  o.h.cache.spi.UpdateTimestampsCache [UpdateTimestampsCache.java:61]- HHH000250: Starting update timestamps cache at region: org.hibernate.cache.spi.UpdateTimestampsCache
2016-09-19_19:17:27.858 [main] INFO  o.h.c.internal.StandardQueryCache [StandardQueryCache.java:86]- HHH000248: Starting query cache at region: org.hibernate.cache.internal.StandardQueryCache
2016-09-19_19:17:27.944 [main] INFO  org.hibernate.dialect.Dialect [Dialect.java:127]- HHH000400: Using dialect: org.hibernate.dialect.MySQL5InnoDBDialect
2016-09-19_19:17:27.952 [main] INFO  o.h.e.j.internal.LobCreatorBuilder [LobCreatorBuilder.java:120]- HHH000424: Disabling contextual LOB creation as createClob() method threw error : java.lang.reflect.InvocationTargetException
2016-09-19_19:17:27.956 [main] INFO  o.h.e.t.i.TransactionFactoryInitiator [TransactionFactoryInitiator.java:68]- HHH000399: Using default transaction strategy (direct JDBC transactions)
2016-09-19_19:17:27.957 [main] INFO  o.h.h.i.a.ASTQueryTranslatorFactory [ASTQueryTranslatorFactory.java:48]- HHH000397: Using ASTQueryTranslatorFactory
2016-09-19_19:17:27.958 [main] INFO  o.h.cache.spi.UpdateTimestampsCache [UpdateTimestampsCache.java:61]- HHH000250: Starting update timestamps cache at region: org.hibernate.cache.spi.UpdateTimestampsCache
2016-09-19_19:17:27.959 [main] INFO  o.h.c.internal.StandardQueryCache [StandardQueryCache.java:86]- HHH000248: Starting query cache at region: org.hibernate.cache.internal.StandardQueryCache
2016-09-19_19:17:28.505 [net.sf.ehcache.CacheManager@ffd3fd] INFO  net.sf.ehcache.util.UpdateChecker [UpdateChecker.java:98]- New update(s) found: 2.4.7 [http://www.terracotta.org/confluence/display/release/Release+Notes+Ehcache+Core+2.4]. Please check http://ehcache.org for the latest version.
2016-09-19_19:17:29.283 [main] INFO  c.e.a.s.w.p.v.s.JsonViewSupportFactoryBean [JsonViewSupportFactoryBean.java:79]- JsonView decorator support wired up
2016-09-19_19:17:40.867 [main] INFO  org.hibernate.dialect.Dialect [Dialect.java:127]- HHH000400: Using dialect: org.hibernate.dialect.MySQL5InnoDBDialect
2016-09-19_19:17:40.908 [main] INFO  o.h.e.j.internal.LobCreatorBuilder [LobCreatorBuilder.java:120]- HHH000424: Disabling contextual LOB creation as createClob() method threw error : java.lang.reflect.InvocationTargetException
2016-09-19_19:17:40.910 [main] INFO  o.h.e.t.i.TransactionFactoryInitiator [TransactionFactoryInitiator.java:68]- HHH000399: Using default transaction strategy (direct JDBC transactions)
2016-09-19_19:17:40.911 [main] INFO  o.h.h.i.a.ASTQueryTranslatorFactory [ASTQueryTranslatorFactory.java:48]- HHH000397: Using ASTQueryTranslatorFactory
2016-09-19_19:17:40.913 [main] INFO  o.h.cache.spi.UpdateTimestampsCache [UpdateTimestampsCache.java:61]- HHH000250: Starting update timestamps cache at region: org.hibernate.cache.spi.UpdateTimestampsCache
2016-09-19_19:17:40.916 [main] INFO  o.h.c.internal.StandardQueryCache [StandardQueryCache.java:86]- HHH000248: Starting query cache at region: org.hibernate.cache.internal.StandardQueryCache
2016-09-19_19:18:58.620 [main] INFO  o.h.annotations.common.Version [Version.java:37]- HCANN000001: Hibernate Commons Annotations {4.0.1.Final}
2016-09-19_19:18:58.639 [main] INFO  org.hibernate.Version [Version.java:41]- HHH000412: Hibernate Core {4.1.10.Final}
2016-09-19_19:18:58.645 [main] INFO  org.hibernate.cfg.Environment [Environment.java:239]- HHH000206: hibernate.properties not found
2016-09-19_19:18:58.650 [main] INFO  org.hibernate.cfg.Environment [Environment.java:342]- HHH000021: Bytecode provider name : javassist
2016-09-19_19:18:59.924 [main] INFO  org.hibernate.dialect.Dialect [Dialect.java:127]- HHH000400: Using dialect: org.hibernate.dialect.MySQL5InnoDBDialect
2016-09-19_19:18:59.941 [main] INFO  o.h.e.j.internal.LobCreatorBuilder [LobCreatorBuilder.java:120]- HHH000424: Disabling contextual LOB creation as createClob() method threw error : java.lang.reflect.InvocationTargetException
2016-09-19_19:18:59.963 [main] INFO  o.h.e.t.i.TransactionFactoryInitiator [TransactionFactoryInitiator.java:68]- HHH000399: Using default transaction strategy (direct JDBC transactions)
2016-09-19_19:18:59.970 [main] INFO  o.h.h.i.a.ASTQueryTranslatorFactory [ASTQueryTranslatorFactory.java:48]- HHH000397: Using ASTQueryTranslatorFactory
2016-09-19_19:19:00.180 [main] DEBUG net.sf.ehcache.CacheManager [CacheManager.java:696]- Creating new CacheManager with default config
2016-09-19_19:19:00.213 [main] DEBUG net.sf.ehcache.CacheManager [CacheManager.java:553]- Configuring ehcache from classpath.
2016-09-19_19:19:00.229 [main] WARN  n.s.e.config.ConfigurationFactory [ConfigurationFactory.java:134]- No configuration found. Configuring ehcache from ehcache-failsafe.xml  found in the classpath: jar:file:/E:/MAVEN_JAR/net/sf/ehcache/ehcache-core/2.4.3/ehcache-core-2.4.3.jar!/ehcache-failsafe.xml
2016-09-19_19:19:00.309 [main] DEBUG n.s.e.config.ConfigurationFactory [ConfigurationFactory.java:96]- Configuring ehcache from URL: jar:file:/E:/MAVEN_JAR/net/sf/ehcache/ehcache-core/2.4.3/ehcache-core-2.4.3.jar!/ehcache-failsafe.xml
2016-09-19_19:19:00.311 [main] DEBUG n.s.e.config.ConfigurationFactory [ConfigurationFactory.java:148]- Configuring ehcache from InputStream
2016-09-19_19:19:00.345 [main] DEBUG net.sf.ehcache.config.BeanHandler [BeanHandler.java:271]- Ignoring ehcache attribute xmlns:xsi
2016-09-19_19:19:00.347 [main] DEBUG net.sf.ehcache.config.BeanHandler [BeanHandler.java:271]- Ignoring ehcache attribute xsi:noNamespaceSchemaLocation
2016-09-19_19:19:00.348 [main] DEBUG n.s.e.config.DiskStoreConfiguration [DiskStoreConfiguration.java:118]- Disk Store Path: C:\Users\ADARSH~1\AppData\Local\Temp\
2016-09-19_19:19:00.431 [main] DEBUG net.sf.ehcache.util.PropertyUtil [PropertyUtil.java:88]- propertiesString is null.
2016-09-19_19:19:00.467 [main] DEBUG n.s.e.config.ConfigurationHelper [ConfigurationHelper.java:184]- No CacheManagerEventListenerFactory class specified. Skipping...
2016-09-19_19:19:00.504 [main] DEBUG net.sf.ehcache.Cache [Cache.java:949]- No BootstrapCacheLoaderFactory class specified. Skipping...
2016-09-19_19:19:00.508 [main] DEBUG net.sf.ehcache.Cache [Cache.java:923]- CacheWriter factory not configured. Skipping...
2016-09-19_19:19:00.510 [main] DEBUG n.s.e.config.ConfigurationHelper [ConfigurationHelper.java:96]- No CacheExceptionHandlerFactory class specified. Skipping...
2016-09-19_19:19:00.518 [main] INFO  o.h.cache.spi.UpdateTimestampsCache [UpdateTimestampsCache.java:61]- HHH000250: Starting update timestamps cache at region: org.hibernate.cache.spi.UpdateTimestampsCache
2016-09-19_19:19:00.526 [main] WARN  o.h.c.e.AbstractEhcacheRegionFactory [AbstractEhcacheRegionFactory.java:180]- HHH020003: Could not find a specific ehcache configuration for cache named [org.hibernate.cache.spi.UpdateTimestampsCache]; using defaults.
2016-09-19_19:19:00.542 [main] DEBUG n.s.e.s.c.f.DiskOverflowStorageFactory [DiskOverflowStorageFactory.java:95]- Deleting data file org.hibernate.cache.spi.UpdateTimestampsCache.data
2016-09-19_19:19:00.640 [main] DEBUG net.sf.ehcache.Cache [Cache.java:1183]- Initialised cache: org.hibernate.cache.spi.UpdateTimestampsCache
2016-09-19_19:19:00.641 [main] DEBUG n.s.e.config.ConfigurationHelper [ConfigurationHelper.java:360]- CacheDecoratorFactory not configured for defaultCache. Skipping for 'org.hibernate.cache.spi.UpdateTimestampsCache'.
2016-09-19_19:19:00.651 [main] INFO  o.h.c.internal.StandardQueryCache [StandardQueryCache.java:86]- HHH000248: Starting query cache at region: org.hibernate.cache.internal.StandardQueryCache
2016-09-19_19:19:00.654 [main] WARN  o.h.c.e.AbstractEhcacheRegionFactory [AbstractEhcacheRegionFactory.java:180]- HHH020003: Could not find a specific ehcache configuration for cache named [org.hibernate.cache.internal.StandardQueryCache]; using defaults.
2016-09-19_19:19:00.656 [main] DEBUG n.s.e.s.c.f.DiskOverflowStorageFactory [DiskOverflowStorageFactory.java:95]- Deleting data file org.hibernate.cache.internal.StandardQueryCache.data
2016-09-19_19:19:00.660 [main] DEBUG net.sf.ehcache.Cache [Cache.java:1183]- Initialised cache: org.hibernate.cache.internal.StandardQueryCache
2016-09-19_19:19:00.661 [main] DEBUG n.s.e.config.ConfigurationHelper [ConfigurationHelper.java:360]- CacheDecoratorFactory not configured for defaultCache. Skipping for 'org.hibernate.cache.internal.StandardQueryCache'.
2016-09-19_19:19:00.888 [main] INFO  org.hibernate.validator.util.Version [Version.java:24]- Hibernate Validator 4.2.0.Final
2016-09-19_19:19:01.517 [net.sf.ehcache.CacheManager@ffd3fd] DEBUG net.sf.ehcache.util.UpdateChecker [UpdateChecker.java:68]- Checking for update...
2016-09-19_19:19:01.526 [main] INFO  org.hibernate.dialect.Dialect [Dialect.java:127]- HHH000400: Using dialect: org.hibernate.dialect.MySQL5InnoDBDialect
2016-09-19_19:19:01.543 [main] INFO  o.h.e.j.internal.LobCreatorBuilder [LobCreatorBuilder.java:120]- HHH000424: Disabling contextual LOB creation as createClob() method threw error : java.lang.reflect.InvocationTargetException
2016-09-19_19:19:01.545 [main] INFO  o.h.e.t.i.TransactionFactoryInitiator [TransactionFactoryInitiator.java:68]- HHH000399: Using default transaction strategy (direct JDBC transactions)
2016-09-19_19:19:01.548 [main] INFO  o.h.h.i.a.ASTQueryTranslatorFactory [ASTQueryTranslatorFactory.java:48]- HHH000397: Using ASTQueryTranslatorFactory
2016-09-19_19:19:01.549 [main] INFO  o.h.cache.spi.UpdateTimestampsCache [UpdateTimestampsCache.java:61]- HHH000250: Starting update timestamps cache at region: org.hibernate.cache.spi.UpdateTimestampsCache
2016-09-19_19:19:01.550 [main] INFO  o.h.c.internal.StandardQueryCache [StandardQueryCache.java:86]- HHH000248: Starting query cache at region: org.hibernate.cache.internal.StandardQueryCache
2016-09-19_19:19:01.635 [main] INFO  org.hibernate.dialect.Dialect [Dialect.java:127]- HHH000400: Using dialect: org.hibernate.dialect.MySQL5InnoDBDialect
2016-09-19_19:19:01.637 [main] INFO  o.h.e.j.internal.LobCreatorBuilder [LobCreatorBuilder.java:120]- HHH000424: Disabling contextual LOB creation as createClob() method threw error : java.lang.reflect.InvocationTargetException
2016-09-19_19:19:01.639 [main] INFO  o.h.e.t.i.TransactionFactoryInitiator [TransactionFactoryInitiator.java:68]- HHH000399: Using default transaction strategy (direct JDBC transactions)
2016-09-19_19:19:01.640 [main] INFO  o.h.h.i.a.ASTQueryTranslatorFactory [ASTQueryTranslatorFactory.java:48]- HHH000397: Using ASTQueryTranslatorFactory
2016-09-19_19:19:01.641 [main] INFO  o.h.cache.spi.UpdateTimestampsCache [UpdateTimestampsCache.java:61]- HHH000250: Starting update timestamps cache at region: org.hibernate.cache.spi.UpdateTimestampsCache
2016-09-19_19:19:01.642 [main] INFO  o.h.c.internal.StandardQueryCache [StandardQueryCache.java:86]- HHH000248: Starting query cache at region: org.hibernate.cache.internal.StandardQueryCache
2016-09-19_19:19:01.762 [main] INFO  org.hibernate.dialect.Dialect [Dialect.java:127]- HHH000400: Using dialect: org.hibernate.dialect.MySQL5InnoDBDialect
2016-09-19_19:19:01.763 [main] INFO  o.h.e.j.internal.LobCreatorBuilder [LobCreatorBuilder.java:120]- HHH000424: Disabling contextual LOB creation as createClob() method threw error : java.lang.reflect.InvocationTargetException
2016-09-19_19:19:01.766 [main] INFO  o.h.e.t.i.TransactionFactoryInitiator [TransactionFactoryInitiator.java:68]- HHH000399: Using default transaction strategy (direct JDBC transactions)
2016-09-19_19:19:01.768 [main] INFO  o.h.h.i.a.ASTQueryTranslatorFactory [ASTQueryTranslatorFactory.java:48]- HHH000397: Using ASTQueryTranslatorFactory
2016-09-19_19:19:01.770 [main] INFO  o.h.cache.spi.UpdateTimestampsCache [UpdateTimestampsCache.java:61]- HHH000250: Starting update timestamps cache at region: org.hibernate.cache.spi.UpdateTimestampsCache
2016-09-19_19:19:01.771 [main] INFO  o.h.c.internal.StandardQueryCache [StandardQueryCache.java:86]- HHH000248: Starting query cache at region: org.hibernate.cache.internal.StandardQueryCache
2016-09-19_19:19:02.196 [net.sf.ehcache.CacheManager@ffd3fd] INFO  net.sf.ehcache.util.UpdateChecker [UpdateChecker.java:98]- New update(s) found: 2.4.7 [http://www.terracotta.org/confluence/display/release/Release+Notes+Ehcache+Core+2.4]. Please check http://ehcache.org for the latest version.
2016-09-19_19:19:03.076 [main] INFO  c.e.a.s.w.p.v.s.JsonViewSupportFactoryBean [JsonViewSupportFactoryBean.java:79]- JsonView decorator support wired up
2016-09-19_19:19:10.339 [main] INFO  org.hibernate.dialect.Dialect [Dialect.java:127]- HHH000400: Using dialect: org.hibernate.dialect.MySQL5InnoDBDialect
2016-09-19_19:19:10.342 [main] INFO  o.h.e.j.internal.LobCreatorBuilder [LobCreatorBuilder.java:120]- HHH000424: Disabling contextual LOB creation as createClob() method threw error : java.lang.reflect.InvocationTargetException
2016-09-19_19:19:10.344 [main] INFO  o.h.e.t.i.TransactionFactoryInitiator [TransactionFactoryInitiator.java:68]- HHH000399: Using default transaction strategy (direct JDBC transactions)
2016-09-19_19:19:10.345 [main] INFO  o.h.h.i.a.ASTQueryTranslatorFactory [ASTQueryTranslatorFactory.java:48]- HHH000397: Using ASTQueryTranslatorFactory
2016-09-19_19:19:10.346 [main] INFO  o.h.cache.spi.UpdateTimestampsCache [UpdateTimestampsCache.java:61]- HHH000250: Starting update timestamps cache at region: org.hibernate.cache.spi.UpdateTimestampsCache
2016-09-19_19:19:10.346 [main] INFO  o.h.c.internal.StandardQueryCache [StandardQueryCache.java:86]- HHH000248: Starting query cache at region: org.hibernate.cache.internal.StandardQueryCache
2016-09-19_19:19:53.147 [qtp9470851-12] INFO  LoginController [LoginController.java:56]- Request Received for Login page
2016-09-19_19:20:16.057 [qtp9470851-18] DEBUG CustomUserDetailsService [CustomUserDetailsService.java:71]- DbUserDetailsService loadUserByUsername() 
2016-09-19_19:20:16.379 [qtp9470851-15] INFO  c.e.a.s.w.c.ApplicationController [ApplicationController.java:58]- Request Received for Home page
2016-09-19_19:20:18.987 [qtp9470851-11] INFO  c.e.a.s.w.c.ApplicationController [ApplicationController.java:67]- Request Received for super admin page
2016-09-19_19:20:20.958 [qtp9470851-13] INFO  c.e.a.s.w.c.ApplicationController [ApplicationController.java:58]- Request Received for Home page
2016-09-19_19:20:22.148 [qtp9470851-14] INFO  c.e.a.s.w.c.ApplicationController [ApplicationController.java:76]- Request Received for admin page
2016-09-19_19:20:23.420 [qtp9470851-12] INFO  c.e.a.s.w.c.ApplicationController [ApplicationController.java:58]- Request Received for Home page
2016-09-19_19:20:24.393 [qtp9470851-18] INFO  c.e.a.s.w.c.ApplicationController [ApplicationController.java:85]- Request Received for user page
2016-09-19_19:20:25.691 [qtp9470851-15] INFO  c.e.a.s.w.c.ApplicationController [ApplicationController.java:58]- Request Received for Home page
2016-09-19_19:20:38.306 [qtp9470851-14] INFO  LoginController [LoginController.java:56]- Request Received for Login page
2016-09-19_19:20:48.860 [qtp9470851-12] DEBUG CustomUserDetailsService [CustomUserDetailsService.java:71]- DbUserDetailsService loadUserByUsername() 
2016-09-19_19:20:48.868 [qtp9470851-12] ERROR CustomUserDetailsService [CustomUserDetailsService.java:87]- Unable to find record with username:=admin
2016-09-19_19:20:49.389 [qtp9470851-18] INFO  LoginController [LoginController.java:63]- Login failed
2016-09-19_19:21:14.870 [qtp9470851-15] DEBUG CustomUserDetailsService [CustomUserDetailsService.java:71]- DbUserDetailsService loadUserByUsername() 
2016-09-19_19:21:14.905 [qtp9470851-11] INFO  c.e.a.s.w.c.ApplicationController [ApplicationController.java:58]- Request Received for Home page
2016-09-19_19:21:19.370 [qtp9470851-13] INFO  c.e.a.s.w.c.ApplicationController [ApplicationController.java:76]- Request Received for admin page
2016-09-19_19:21:20.828 [qtp9470851-14] INFO  c.e.a.s.w.c.ApplicationController [ApplicationController.java:58]- Request Received for Home page
2016-09-19_19:21:22.229 [qtp9470851-12] INFO  c.e.a.s.w.c.ApplicationController [ApplicationController.java:85]- Request Received for user page
2016-09-19_19:21:23.898 [qtp9470851-18] INFO  c.e.a.s.w.c.ApplicationController [ApplicationController.java:58]- Request Received for Home page
2016-09-19_19:21:25.251 [qtp9470851-13] INFO  LoginController [LoginController.java:56]- Request Received for Login page
2016-09-19_19:21:36.093 [qtp9470851-14] DEBUG CustomUserDetailsService [CustomUserDetailsService.java:71]- DbUserDetailsService loadUserByUsername() 
2016-09-19_19:21:36.098 [qtp9470851-14] ERROR CustomUserDetailsService [CustomUserDetailsService.java:87]- Unable to find record with username:=user
2016-09-19_19:21:36.129 [qtp9470851-12] INFO  LoginController [LoginController.java:63]- Login failed
2016-09-19_19:21:42.637 [qtp9470851-18] DEBUG CustomUserDetailsService [CustomUserDetailsService.java:71]- DbUserDetailsService loadUserByUsername() 
2016-09-19_19:21:42.664 [qtp9470851-15] INFO  c.e.a.s.w.c.ApplicationController [ApplicationController.java:58]- Request Received for Home page
2016-09-19_19:21:49.674 [qtp9470851-11] INFO  c.e.a.s.w.c.ApplicationController [ApplicationController.java:85]- Request Received for user page
2016-09-19_19:21:51.424 [qtp9470851-13] INFO  c.e.a.s.w.c.ApplicationController [ApplicationController.java:58]- Request Received for Home page
2016-09-19_19:21:53.773 [qtp9470851-18] INFO  LoginController [LoginController.java:56]- Request Received for Login page
2016-09-19_19:22:53.982 [qtp9470851-15] DEBUG c.e.a.s.w.s.AuthenticationTokenProcessingFilter [AuthenticationTokenProcessingFilter.java:80]- Checking headers and parameters for authentication token...
2016-09-19_19:22:54.132 [qtp9470851-15] DEBUG c.e.a.s.w.w.RestAuthenticationController [RestAuthenticationController.java:97]- Inside-AuthenticationController.java
2016-09-19_19:23:30.845 [qtp9470851-11] DEBUG c.e.a.s.w.s.AuthenticationTokenProcessingFilter [AuthenticationTokenProcessingFilter.java:80]- Checking headers and parameters for authentication token...
2016-09-19_19:23:30.847 [qtp9470851-11] DEBUG c.e.a.s.w.s.AuthenticationTokenProcessingFilter [AuthenticationTokenProcessingFilter.java:87]- Found token 'YWRhcnNoISEhMTQ3NDM3OTU3NDE3NyEhIeI/JghPGUjiR+7idQD4Q0g=' in request headers
2016-09-19_19:23:30.957 [qtp9470851-11] DEBUG c.e.a.s.w.s.AuthenticationTokenProcessingFilter [AuthenticationTokenProcessingFilter.java:93]- Inside-AuthenticationTokenProcessingFilter.java
2016-09-19_19:23:30.984 [qtp9470851-11] DEBUG CustomUserDetailsService [CustomUserDetailsService.java:71]- DbUserDetailsService loadUserByUsername() 
