2016-06-05 17:04:39 INFO  ContextLoader:285 - Root WebApplicationContext: initialization started
2016-06-05 17:04:39 INFO  XmlWebApplicationContext:510 - Refreshing Root WebApplicationContext: startup date [Sun Jun 05 17:04:39 IST 2016]; root of context hierarchy
2016-06-05 17:04:39 INFO  XmlBeanDefinitionReader:317 - Loading XML bean definitions from class path resource [configuration/applicationContext.xml]
2016-06-05 17:04:39 INFO  XmlBeanDefinitionReader:317 - Loading XML bean definitions from class path resource [configuration/applicationContext-web.xml]
2016-06-05 17:04:39 INFO  XmlBeanDefinitionReader:317 - Loading XML bean definitions from class path resource [configuration/applicationContext-security.xml]
2016-06-05 17:04:39 INFO  SpringSecurityCoreVersion:59 - You are running with Spring Security Core null
2016-06-05 17:04:39 INFO  SecurityNamespaceHandler:73 - Couldn't determine package version information.
2016-06-05 17:04:39 INFO  FilterInvocationSecurityMetadataSourceParser:158 - Creating access control expression attribute 'permitAll()' for /rest/login**
2016-06-05 17:04:39 INFO  FilterInvocationSecurityMetadataSourceParser:158 - Creating access control expression attribute 'hasAnyRole('ROLE_SUPERADMIN','ROLE_ADMIN','ROLE_USER')' for /rest/users**
2016-06-05 17:04:39 INFO  FilterInvocationSecurityMetadataSourceParser:158 - Creating access control expression attribute 'hasAnyRole('ROLE_SUPERADMIN','ROLE_ADMIN','ROLE_USER')' for /rest/**
2016-06-05 17:04:40 INFO  HttpSecurityBeanDefinitionParser:306 - Checking sorted filter chain: [Root bean: class [org.springframework.security.web.context.SecurityContextPersistenceFilter]; scope=; abstract=false; lazyInit=false; autowireMode=0; dependencyCheck=0; autowireCandidate=true; primary=false; factoryBeanName=null; factoryMethodName=null; initMethodName=null; destroyMethodName=null, order = 200, Root bean: class [org.springframework.security.web.context.request.async.WebAsyncManagerIntegrationFilter]; scope=; abstract=false; lazyInit=false; autowireMode=0; dependencyCheck=0; autowireCandidate=true; primary=false; factoryBeanName=null; factoryMethodName=null; initMethodName=null; destroyMethodName=null, order = 400, Root bean: class [org.springframework.security.web.header.HeaderWriterFilter]; scope=; abstract=false; lazyInit=false; autowireMode=0; dependencyCheck=0; autowireCandidate=true; primary=false; factoryBeanName=null; factoryMethodName=null; initMethodName=null; destroyMethodName=null, order = 500, Root bean: class [org.springframework.security.web.authentication.logout.LogoutFilter]; scope=; abstract=false; lazyInit=false; autowireMode=0; dependencyCheck=0; autowireCandidate=true; primary=false; factoryBeanName=null; factoryMethodName=null; initMethodName=null; destroyMethodName=null, order = 700, <loginFilter>, order = 1100, Root bean: class [org.springframework.security.web.savedrequest.RequestCacheAwareFilter]; scope=; abstract=false; lazyInit=false; autowireMode=0; dependencyCheck=0; autowireCandidate=true; primary=false; factoryBeanName=null; factoryMethodName=null; initMethodName=null; destroyMethodName=null, order = 1600, Root bean: class [org.springframework.security.web.servletapi.SecurityContextHolderAwareRequestFilter]; scope=; abstract=false; lazyInit=false; autowireMode=0; dependencyCheck=0; autowireCandidate=true; primary=false; factoryBeanName=null; factoryMethodName=null; initMethodName=null; destroyMethodName=null, order = 1700, Root bean: class [org.springframework.security.web.authentication.AnonymousAuthenticationFilter]; scope=; abstract=false; lazyInit=false; autowireMode=0; dependencyCheck=0; autowireCandidate=true; primary=false; factoryBeanName=null; factoryMethodName=null; initMethodName=null; destroyMethodName=null, order = 2000, Root bean: class [org.springframework.security.web.session.SessionManagementFilter]; scope=; abstract=false; lazyInit=false; autowireMode=0; dependencyCheck=0; autowireCandidate=true; primary=false; factoryBeanName=null; factoryMethodName=null; initMethodName=null; destroyMethodName=null, order = 2100, Root bean: class [org.springframework.security.web.access.ExceptionTranslationFilter]; scope=; abstract=false; lazyInit=false; autowireMode=0; dependencyCheck=0; autowireCandidate=true; primary=false; factoryBeanName=null; factoryMethodName=null; initMethodName=null; destroyMethodName=null, order = 2200, <org.springframework.security.web.access.intercept.FilterSecurityInterceptor#0>, order = 2300]
2016-06-05 17:04:40 INFO  XmlBeanDefinitionReader:317 - Loading XML bean definitions from class path resource [configuration/applicationContext-dataSource.xml]
2016-06-05 17:04:40 INFO  XmlBeanDefinitionReader:317 - Loading XML bean definitions from class path resource [configuration/applicationContext-persistence.xml]
2016-06-05 17:04:40 INFO  PropertySourcesPlaceholderConfigurer:172 - Loading properties file from URL [file:/E:/espark_github/spring_security/SpringSecurityWebMvcRestExample/target/classes/properties/application.properties]
2016-06-05 17:04:40 INFO  AutowiredAnnotationBeanPostProcessor:153 - JSR-330 'javax.inject.Inject' annotation found and supported for autowiring
2016-06-05 17:04:41 INFO  RequestMappingHandlerMapping:217 - Mapped "{[/users],methods=[GET],params=[],headers=[],consumes=[],produces=[],custom=[]}" onto public java.util.List<com.adarsh.spring.rest.entity.User> com.adarsh.spring.rest.controller.RestController.list()
2016-06-05 17:04:41 INFO  RequestMappingHandlerMapping:217 - Mapped "{[/login],methods=[POST],params=[],headers=[],consumes=[],produces=[],custom=[]}" onto public java.util.Map<java.lang.String, java.lang.String> com.adarsh.spring.rest.controller.RestController.login()
2016-06-05 17:04:41 INFO  RequestMappingHandlerAdapter:517 - Looking for @ControllerAdvice: Root WebApplicationContext: startup date [Sun Jun 05 17:04:39 IST 2016]; root of context hierarchy
2016-06-05 17:04:41 INFO  RequestMappingHandlerAdapter:517 - Looking for @ControllerAdvice: Root WebApplicationContext: startup date [Sun Jun 05 17:04:39 IST 2016]; root of context hierarchy
2016-06-05 17:04:42 INFO  SimpleUrlHandlerMapping:314 - Mapped URL path [/resources/**] onto handler 'org.springframework.web.servlet.resource.ResourceHttpRequestHandler#0'
2016-06-05 17:04:42 INFO  DriverManagerDataSource:133 - Loaded JDBC driver: com.mysql.jdbc.Driver
2016-06-05 17:04:42 INFO  Version:66 - HCANN000001: Hibernate Commons Annotations {4.0.4.Final}
2016-06-05 17:04:42 INFO  Version:54 - HHH000412: Hibernate Core {4.3.5.Final}
2016-06-05 17:04:42 INFO  Environment:239 - HHH000206: hibernate.properties not found
2016-06-05 17:04:42 INFO  Environment:346 - HHH000021: Bytecode provider name : javassist
2016-06-05 17:04:43 INFO  Dialect:145 - HHH000400: Using dialect: org.hibernate.dialect.MySQLDialect
2016-06-05 17:04:43 INFO  TransactionFactoryInitiator:62 - HHH000399: Using default transaction strategy (direct JDBC transactions)
2016-06-05 17:04:43 INFO  ASTQueryTranslatorFactory:47 - HHH000397: Using ASTQueryTranslatorFactory
2016-06-05 17:04:44 INFO  SchemaUpdate:182 - HHH000228: Running hbm2ddl schema update
2016-06-05 17:04:44 INFO  SchemaUpdate:193 - HHH000102: Fetching database metadata
2016-06-05 17:04:44 INFO  SchemaUpdate:205 - HHH000396: Updating schema
2016-06-05 17:04:44 INFO  TableMetadata:66 - HHH000261: Table found: espark.roles
2016-06-05 17:04:44 INFO  TableMetadata:67 - HHH000037: Columns: [role, id]
2016-06-05 17:04:44 INFO  TableMetadata:69 - HHH000108: Foreign keys: []
2016-06-05 17:04:44 INFO  TableMetadata:70 - HHH000126: Indexes: [primary]
2016-06-05 17:04:44 INFO  TableMetadata:66 - HHH000261: Table found: espark.user_roles
2016-06-05 17:04:44 INFO  TableMetadata:67 - HHH000037: Columns: [user_id, role_id]
2016-06-05 17:04:44 INFO  TableMetadata:69 - HHH000108: Foreign keys: []
2016-06-05 17:04:44 INFO  TableMetadata:70 - HHH000126: Indexes: [role, user]
2016-06-05 17:04:44 INFO  TableMetadata:66 - HHH000261: Table found: espark.users
2016-06-05 17:04:44 INFO  TableMetadata:67 - HHH000037: Columns: [password, id, login]
2016-06-05 17:04:44 INFO  TableMetadata:69 - HHH000108: Foreign keys: []
2016-06-05 17:04:44 INFO  TableMetadata:70 - HHH000126: Indexes: [primary]
2016-06-05 17:04:49 INFO  SchemaUpdate:242 - HHH000232: Schema update complete
2016-06-05 17:04:49 INFO  RequestMappingHandlerAdapter:517 - Looking for @ControllerAdvice: Root WebApplicationContext: startup date [Sun Jun 05 17:04:39 IST 2016]; root of context hierarchy
2016-06-05 17:04:49 INFO  DefaultSecurityFilterChain:28 - Creating filter chain: org.springframework.security.web.util.matcher.RegexRequestMatcher@1b9389f, []
2016-06-05 17:04:49 INFO  DefaultSecurityFilterChain:28 - Creating filter chain: org.springframework.security.web.util.matcher.RegexRequestMatcher@b1e527, []
2016-06-05 17:04:49 INFO  DefaultSecurityFilterChain:28 - Creating filter chain: org.springframework.security.web.util.matcher.RegexRequestMatcher@3f8a73, []
2016-06-05 17:04:49 INFO  DefaultSecurityFilterChain:28 - Creating filter chain: org.springframework.security.web.util.matcher.RegexRequestMatcher@1866f50, []
2016-06-05 17:04:49 INFO  DefaultSecurityFilterChain:28 - Creating filter chain: Ant [pattern='/rest/**'], [org.springframework.security.web.context.SecurityContextPersistenceFilter@dd552c, org.springframework.security.web.context.request.async.WebAsyncManagerIntegrationFilter@1f4c769, org.springframework.security.web.header.HeaderWriterFilter@bd6fd6, org.springframework.security.web.authentication.logout.LogoutFilter@5a8718, com.adarsh.spring.rest.security.RestUsernamePasswordAuthenticationFilter@4ddca, org.springframework.security.web.savedrequest.RequestCacheAwareFilter@15e83ac, org.springframework.security.web.servletapi.SecurityContextHolderAwareRequestFilter@38938e, org.springframework.security.web.authentication.AnonymousAuthenticationFilter@50ae56, org.springframework.security.web.session.SessionManagementFilter@68d0db, org.springframework.security.web.access.ExceptionTranslationFilter@1be7319, org.springframework.security.web.access.intercept.FilterSecurityInterceptor@11a2543]
2016-06-05 17:04:50 INFO  ScriptUtils:428 - Executing SQL script from URL [file:/E:/espark_github/spring_security/SpringSecurityWebMvcRestExample/target/classes/database/db.sql]
2016-06-05 17:04:52 INFO  ScriptUtils:488 - Executed SQL script from URL [file:/E:/espark_github/spring_security/SpringSecurityWebMvcRestExample/target/classes/database/db.sql] in 2583 ms.
2016-06-05 17:04:52 INFO  HibernateTransactionManager:360 - Using DataSource [org.springframework.jdbc.datasource.DriverManagerDataSource@1322873] of Hibernate SessionFactory for HibernateTransactionManager
2016-06-05 17:04:52 INFO  ContextLoader:325 - Root WebApplicationContext: initialization completed in 13636 ms
2016-06-05 17:04:52 INFO  DispatcherServlet:484 - FrameworkServlet 'mvc-dispatcher': initialization started
2016-06-05 17:04:52 INFO  DispatcherServlet:503 - FrameworkServlet 'mvc-dispatcher': initialization completed in 54 ms
2016-06-05 17:05:29 ERROR RestUsernamePasswordAuthenticationFilter:226 - An internal error occurred while trying to authenticate the user.
org.springframework.security.authentication.InternalAuthenticationServiceException
	at org.springframework.security.authentication.dao.DaoAuthenticationProvider.retrieveUser(DaoAuthenticationProvider.java:125)
	at org.springframework.security.authentication.dao.AbstractUserDetailsAuthenticationProvider.authenticate(AbstractUserDetailsAuthenticationProvider.java:143)
	at org.springframework.security.authentication.ProviderManager.authenticate(ProviderManager.java:167)
	at org.springframework.security.web.authentication.UsernamePasswordAuthenticationFilter.attemptAuthentication(UsernamePasswordAuthenticationFilter.java:93)
	at org.springframework.security.web.authentication.AbstractAuthenticationProcessingFilter.doFilter(AbstractAuthenticationProcessingFilter.java:217)
	at org.springframework.security.web.FilterChainProxy$VirtualFilterChain.doFilter(FilterChainProxy.java:330)
	at org.springframework.security.web.authentication.logout.LogoutFilter.doFilter(LogoutFilter.java:120)
	at org.springframework.security.web.FilterChainProxy$VirtualFilterChain.doFilter(FilterChainProxy.java:330)
	at org.springframework.security.web.header.HeaderWriterFilter.doFilterInternal(HeaderWriterFilter.java:64)
	at org.springframework.web.filter.OncePerRequestFilter.doFilter(OncePerRequestFilter.java:107)
	at org.springframework.security.web.FilterChainProxy$VirtualFilterChain.doFilter(FilterChainProxy.java:330)
	at org.springframework.security.web.context.request.async.WebAsyncManagerIntegrationFilter.doFilterInternal(WebAsyncManagerIntegrationFilter.java:53)
	at org.springframework.web.filter.OncePerRequestFilter.doFilter(OncePerRequestFilter.java:107)
	at org.springframework.security.web.FilterChainProxy$VirtualFilterChain.doFilter(FilterChainProxy.java:330)
	at org.springframework.security.web.context.SecurityContextPersistenceFilter.doFilter(SecurityContextPersistenceFilter.java:91)
	at org.springframework.security.web.FilterChainProxy$VirtualFilterChain.doFilter(FilterChainProxy.java:330)
	at org.springframework.security.web.FilterChainProxy.doFilterInternal(FilterChainProxy.java:213)
	at org.springframework.security.web.FilterChainProxy.doFilter(FilterChainProxy.java:176)
	at org.springframework.web.filter.DelegatingFilterProxy.invokeDelegate(DelegatingFilterProxy.java:344)
	at org.springframework.web.filter.DelegatingFilterProxy.doFilter(DelegatingFilterProxy.java:261)
	at org.eclipse.jetty.servlet.ServletHandler$CachedChain.doFilter(ServletHandler.java:1652)
	at org.eclipse.jetty.servlet.ServletHandler.doHandle(ServletHandler.java:585)
	at org.eclipse.jetty.server.handler.ScopedHandler.handle(ScopedHandler.java:143)
	at org.eclipse.jetty.security.SecurityHandler.handle(SecurityHandler.java:577)
	at org.eclipse.jetty.server.session.SessionHandler.doHandle(SessionHandler.java:223)
	at org.eclipse.jetty.server.handler.ContextHandler.doHandle(ContextHandler.java:1127)
	at org.eclipse.jetty.servlet.ServletHandler.doScope(ServletHandler.java:515)
	at org.eclipse.jetty.server.session.SessionHandler.doScope(SessionHandler.java:185)
	at org.eclipse.jetty.server.handler.ContextHandler.doScope(ContextHandler.java:1061)
	at org.eclipse.jetty.server.handler.ScopedHandler.handle(ScopedHandler.java:141)
	at org.eclipse.jetty.server.handler.ContextHandlerCollection.handle(ContextHandlerCollection.java:215)
	at org.eclipse.jetty.server.handler.HandlerCollection.handle(HandlerCollection.java:110)
	at org.eclipse.jetty.server.handler.HandlerWrapper.handle(HandlerWrapper.java:97)
	at org.eclipse.jetty.server.Server.handle(Server.java:499)
	at org.eclipse.jetty.server.HttpChannel.handle(HttpChannel.java:310)
	at org.eclipse.jetty.server.HttpConnection.onFillable(HttpConnection.java:257)
	at org.eclipse.jetty.io.AbstractConnection$2.run(AbstractConnection.java:540)
	at org.eclipse.jetty.util.thread.QueuedThreadPool.runJob(QueuedThreadPool.java:635)
	at org.eclipse.jetty.util.thread.QueuedThreadPool$3.run(QueuedThreadPool.java:555)
	at java.lang.Thread.run(Thread.java:745)
Caused by: java.lang.NullPointerException
	at com.adarsh.spring.rest.security.RestUserDetailsServiceImpl.loadUserByUsername(RestUserDetailsServiceImpl.java:73)
	at sun.reflect.NativeMethodAccessorImpl.invoke0(Native Method)
	at sun.reflect.NativeMethodAccessorImpl.invoke(NativeMethodAccessorImpl.java:62)
	at sun.reflect.DelegatingMethodAccessorImpl.invoke(DelegatingMethodAccessorImpl.java:43)
	at java.lang.reflect.Method.invoke(Method.java:483)
	at org.springframework.aop.support.AopUtils.invokeJoinpointUsingReflection(AopUtils.java:317)
	at org.springframework.aop.framework.ReflectiveMethodInvocation.invokeJoinpoint(ReflectiveMethodInvocation.java:190)
	at org.springframework.aop.framework.ReflectiveMethodInvocation.proceed(ReflectiveMethodInvocation.java:157)
	at org.springframework.transaction.interceptor.TransactionInterceptor$1.proceedWithInvocation(TransactionInterceptor.java:99)
	at org.springframework.transaction.interceptor.TransactionAspectSupport.invokeWithinTransaction(TransactionAspectSupport.java:281)
	at org.springframework.transaction.interceptor.TransactionInterceptor.invoke(TransactionInterceptor.java:96)
	at org.springframework.aop.framework.ReflectiveMethodInvocation.proceed(ReflectiveMethodInvocation.java:179)
	at org.springframework.aop.framework.JdkDynamicAopProxy.invoke(JdkDynamicAopProxy.java:207)
	at com.sun.proxy.$Proxy50.loadUserByUsername(Unknown Source)
	at org.springframework.security.authentication.dao.DaoAuthenticationProvider.retrieveUser(DaoAuthenticationProvider.java:114)
	... 39 more
2016-06-05 17:05:37 ERROR RestUsernamePasswordAuthenticationFilter:226 - An internal error occurred while trying to authenticate the user.
org.springframework.security.authentication.InternalAuthenticationServiceException
	at org.springframework.security.authentication.dao.DaoAuthenticationProvider.retrieveUser(DaoAuthenticationProvider.java:125)
	at org.springframework.security.authentication.dao.AbstractUserDetailsAuthenticationProvider.authenticate(AbstractUserDetailsAuthenticationProvider.java:143)
	at org.springframework.security.authentication.ProviderManager.authenticate(ProviderManager.java:167)
	at org.springframework.security.web.authentication.UsernamePasswordAuthenticationFilter.attemptAuthentication(UsernamePasswordAuthenticationFilter.java:93)
	at org.springframework.security.web.authentication.AbstractAuthenticationProcessingFilter.doFilter(AbstractAuthenticationProcessingFilter.java:217)
	at org.springframework.security.web.FilterChainProxy$VirtualFilterChain.doFilter(FilterChainProxy.java:330)
	at org.springframework.security.web.authentication.logout.LogoutFilter.doFilter(LogoutFilter.java:120)
	at org.springframework.security.web.FilterChainProxy$VirtualFilterChain.doFilter(FilterChainProxy.java:330)
	at org.springframework.security.web.header.HeaderWriterFilter.doFilterInternal(HeaderWriterFilter.java:64)
	at org.springframework.web.filter.OncePerRequestFilter.doFilter(OncePerRequestFilter.java:107)
	at org.springframework.security.web.FilterChainProxy$VirtualFilterChain.doFilter(FilterChainProxy.java:330)
	at org.springframework.security.web.context.request.async.WebAsyncManagerIntegrationFilter.doFilterInternal(WebAsyncManagerIntegrationFilter.java:53)
	at org.springframework.web.filter.OncePerRequestFilter.doFilter(OncePerRequestFilter.java:107)
	at org.springframework.security.web.FilterChainProxy$VirtualFilterChain.doFilter(FilterChainProxy.java:330)
	at org.springframework.security.web.context.SecurityContextPersistenceFilter.doFilter(SecurityContextPersistenceFilter.java:91)
	at org.springframework.security.web.FilterChainProxy$VirtualFilterChain.doFilter(FilterChainProxy.java:330)
	at org.springframework.security.web.FilterChainProxy.doFilterInternal(FilterChainProxy.java:213)
	at org.springframework.security.web.FilterChainProxy.doFilter(FilterChainProxy.java:176)
	at org.springframework.web.filter.DelegatingFilterProxy.invokeDelegate(DelegatingFilterProxy.java:344)
	at org.springframework.web.filter.DelegatingFilterProxy.doFilter(DelegatingFilterProxy.java:261)
	at org.eclipse.jetty.servlet.ServletHandler$CachedChain.doFilter(ServletHandler.java:1652)
	at org.eclipse.jetty.servlet.ServletHandler.doHandle(ServletHandler.java:585)
	at org.eclipse.jetty.server.handler.ScopedHandler.handle(ScopedHandler.java:143)
	at org.eclipse.jetty.security.SecurityHandler.handle(SecurityHandler.java:577)
	at org.eclipse.jetty.server.session.SessionHandler.doHandle(SessionHandler.java:223)
	at org.eclipse.jetty.server.handler.ContextHandler.doHandle(ContextHandler.java:1127)
	at org.eclipse.jetty.servlet.ServletHandler.doScope(ServletHandler.java:515)
	at org.eclipse.jetty.server.session.SessionHandler.doScope(SessionHandler.java:185)
	at org.eclipse.jetty.server.handler.ContextHandler.doScope(ContextHandler.java:1061)
	at org.eclipse.jetty.server.handler.ScopedHandler.handle(ScopedHandler.java:141)
	at org.eclipse.jetty.server.handler.ContextHandlerCollection.handle(ContextHandlerCollection.java:215)
	at org.eclipse.jetty.server.handler.HandlerCollection.handle(HandlerCollection.java:110)
	at org.eclipse.jetty.server.handler.HandlerWrapper.handle(HandlerWrapper.java:97)
	at org.eclipse.jetty.server.Server.handle(Server.java:499)
	at org.eclipse.jetty.server.HttpChannel.handle(HttpChannel.java:310)
	at org.eclipse.jetty.server.HttpConnection.onFillable(HttpConnection.java:257)
	at org.eclipse.jetty.io.AbstractConnection$2.run(AbstractConnection.java:540)
	at org.eclipse.jetty.util.thread.QueuedThreadPool.runJob(QueuedThreadPool.java:635)
	at org.eclipse.jetty.util.thread.QueuedThreadPool$3.run(QueuedThreadPool.java:555)
	at java.lang.Thread.run(Thread.java:745)
Caused by: java.lang.NullPointerException
	at com.adarsh.spring.rest.security.RestUserDetailsServiceImpl.loadUserByUsername(RestUserDetailsServiceImpl.java:73)
	at sun.reflect.NativeMethodAccessorImpl.invoke0(Native Method)
	at sun.reflect.NativeMethodAccessorImpl.invoke(NativeMethodAccessorImpl.java:62)
	at sun.reflect.DelegatingMethodAccessorImpl.invoke(DelegatingMethodAccessorImpl.java:43)
	at java.lang.reflect.Method.invoke(Method.java:483)
	at org.springframework.aop.support.AopUtils.invokeJoinpointUsingReflection(AopUtils.java:317)
	at org.springframework.aop.framework.ReflectiveMethodInvocation.invokeJoinpoint(ReflectiveMethodInvocation.java:190)
	at org.springframework.aop.framework.ReflectiveMethodInvocation.proceed(ReflectiveMethodInvocation.java:157)
	at org.springframework.transaction.interceptor.TransactionInterceptor$1.proceedWithInvocation(TransactionInterceptor.java:99)
	at org.springframework.transaction.interceptor.TransactionAspectSupport.invokeWithinTransaction(TransactionAspectSupport.java:281)
	at org.springframework.transaction.interceptor.TransactionInterceptor.invoke(TransactionInterceptor.java:96)
	at org.springframework.aop.framework.ReflectiveMethodInvocation.proceed(ReflectiveMethodInvocation.java:179)
	at org.springframework.aop.framework.JdkDynamicAopProxy.invoke(JdkDynamicAopProxy.java:207)
	at com.sun.proxy.$Proxy50.loadUserByUsername(Unknown Source)
	at org.springframework.security.authentication.dao.DaoAuthenticationProvider.retrieveUser(DaoAuthenticationProvider.java:114)
	... 39 more
