2016-06-05_16:03:49.143 [main] INFO  o.h.annotations.common.Version [JavaReflectionManager.java:66]- HCANN000001: Hibernate Commons Annotations {4.0.4.Final}
2016-06-05_16:03:49.160 [main] INFO  org.hibernate.Version [Version.java:54]- HHH000412: Hibernate Core {4.3.5.Final}
2016-06-05_16:03:49.164 [main] INFO  org.hibernate.cfg.Environment [Environment.java:239]- HHH000206: hibernate.properties not found
2016-06-05_16:03:49.167 [main] INFO  org.hibernate.cfg.Environment [Environment.java:346]- HHH000021: Bytecode provider name : javassist
2016-06-05_16:03:50.609 [main] INFO  org.hibernate.dialect.Dialect [Dialect.java:145]- HHH000400: Using dialect: org.hibernate.dialect.MySQLDialect
2016-06-05_16:03:50.911 [main] INFO  o.h.e.t.i.TransactionFactoryInitiator [TransactionFactoryInitiator.java:62]- HHH000399: Using default transaction strategy (direct JDBC transactions)
2016-06-05_16:03:50.919 [main] INFO  o.h.h.i.a.ASTQueryTranslatorFactory [ASTQueryTranslatorFactory.java:47]- HHH000397: Using ASTQueryTranslatorFactory
2016-06-05_16:03:51.383 [main] INFO  o.h.tool.hbm2ddl.SchemaUpdate [SchemaUpdate.java:182]- HHH000228: Running hbm2ddl schema update
2016-06-05_16:03:51.384 [main] INFO  o.h.tool.hbm2ddl.SchemaUpdate [SchemaUpdate.java:193]- HHH000102: Fetching database metadata
2016-06-05_16:03:51.402 [main] INFO  o.h.tool.hbm2ddl.SchemaUpdate [SchemaUpdate.java:205]- HHH000396: Updating schema
2016-06-05_16:03:51.924 [main] INFO  o.h.tool.hbm2ddl.TableMetadata [TableMetadata.java:66]- HHH000261: Table found: espark.roles
2016-06-05_16:03:51.926 [main] INFO  o.h.tool.hbm2ddl.TableMetadata [TableMetadata.java:67]- HHH000037: Columns: [role, id]
2016-06-05_16:03:51.927 [main] INFO  o.h.tool.hbm2ddl.TableMetadata [TableMetadata.java:69]- HHH000108: Foreign keys: []
2016-06-05_16:03:51.928 [main] INFO  o.h.tool.hbm2ddl.TableMetadata [TableMetadata.java:70]- HHH000126: Indexes: [primary]
2016-06-05_16:03:51.998 [main] INFO  o.h.tool.hbm2ddl.TableMetadata [TableMetadata.java:66]- HHH000261: Table found: espark.user_roles
2016-06-05_16:03:52.001 [main] INFO  o.h.tool.hbm2ddl.TableMetadata [TableMetadata.java:67]- HHH000037: Columns: [user_id, role_id]
2016-06-05_16:03:52.002 [main] INFO  o.h.tool.hbm2ddl.TableMetadata [TableMetadata.java:69]- HHH000108: Foreign keys: []
2016-06-05_16:03:52.003 [main] INFO  o.h.tool.hbm2ddl.TableMetadata [TableMetadata.java:70]- HHH000126: Indexes: [role, user]
2016-06-05_16:03:52.085 [main] INFO  o.h.tool.hbm2ddl.TableMetadata [TableMetadata.java:66]- HHH000261: Table found: espark.users
2016-06-05_16:03:52.086 [main] INFO  o.h.tool.hbm2ddl.TableMetadata [TableMetadata.java:67]- HHH000037: Columns: [password, email_address, user_id, last_name, first_name, username]
2016-06-05_16:03:52.088 [main] INFO  o.h.tool.hbm2ddl.TableMetadata [TableMetadata.java:69]- HHH000108: Foreign keys: []
2016-06-05_16:03:52.090 [main] INFO  o.h.tool.hbm2ddl.TableMetadata [TableMetadata.java:70]- HHH000126: Indexes: [uk_username, primary]
2016-06-05_16:03:58.718 [main] ERROR o.h.tool.hbm2ddl.SchemaUpdate [SchemaUpdate.java:236]- HHH000388: Unsuccessful: alter table user_roles add constraint FK_g1uebn6mqk9qiaw45vnacmyo2 foreign key (user_id) references users (id)
2016-06-05_16:03:58.719 [main] ERROR o.h.tool.hbm2ddl.SchemaUpdate [SchemaUpdate.java:237]- Cannot add foreign key constraint
2016-06-05_16:03:58.723 [main] INFO  o.h.tool.hbm2ddl.SchemaUpdate [SchemaUpdate.java:242]- HHH000232: Schema update complete
2016-06-05_16:05:11.992 [main] INFO  o.h.annotations.common.Version [JavaReflectionManager.java:66]- HCANN000001: Hibernate Commons Annotations {4.0.4.Final}
2016-06-05_16:05:12.009 [main] INFO  org.hibernate.Version [Version.java:54]- HHH000412: Hibernate Core {4.3.5.Final}
2016-06-05_16:05:12.014 [main] INFO  org.hibernate.cfg.Environment [Environment.java:239]- HHH000206: hibernate.properties not found
2016-06-05_16:05:12.017 [main] INFO  org.hibernate.cfg.Environment [Environment.java:346]- HHH000021: Bytecode provider name : javassist
2016-06-05_16:05:12.708 [main] INFO  org.hibernate.dialect.Dialect [Dialect.java:145]- HHH000400: Using dialect: org.hibernate.dialect.MySQLDialect
2016-06-05_16:05:13.004 [main] INFO  o.h.e.t.i.TransactionFactoryInitiator [TransactionFactoryInitiator.java:62]- HHH000399: Using default transaction strategy (direct JDBC transactions)
2016-06-05_16:05:13.013 [main] INFO  o.h.h.i.a.ASTQueryTranslatorFactory [ASTQueryTranslatorFactory.java:47]- HHH000397: Using ASTQueryTranslatorFactory
2016-06-05_16:05:13.423 [main] INFO  o.h.tool.hbm2ddl.SchemaUpdate [SchemaUpdate.java:182]- HHH000228: Running hbm2ddl schema update
2016-06-05_16:05:13.424 [main] INFO  o.h.tool.hbm2ddl.SchemaUpdate [SchemaUpdate.java:193]- HHH000102: Fetching database metadata
2016-06-05_16:05:13.444 [main] INFO  o.h.tool.hbm2ddl.SchemaUpdate [SchemaUpdate.java:205]- HHH000396: Updating schema
2016-06-05_16:05:13.449 [main] INFO  java.sql.DatabaseMetaData [DatabaseMetadata.java:147]- HHH000262: Table not found: roles
2016-06-05_16:05:13.452 [main] INFO  java.sql.DatabaseMetaData [DatabaseMetadata.java:147]- HHH000262: Table not found: user_roles
2016-06-05_16:05:13.454 [main] INFO  java.sql.DatabaseMetaData [DatabaseMetadata.java:147]- HHH000262: Table not found: users
2016-06-05_16:05:13.456 [main] INFO  java.sql.DatabaseMetaData [DatabaseMetadata.java:147]- HHH000262: Table not found: roles
2016-06-05_16:05:13.458 [main] INFO  java.sql.DatabaseMetaData [DatabaseMetadata.java:147]- HHH000262: Table not found: user_roles
2016-06-05_16:05:13.461 [main] INFO  java.sql.DatabaseMetaData [DatabaseMetadata.java:147]- HHH000262: Table not found: users
2016-06-05_16:05:13.463 [main] INFO  java.sql.DatabaseMetaData [DatabaseMetadata.java:147]- HHH000262: Table not found: roles
2016-06-05_16:05:13.465 [main] INFO  java.sql.DatabaseMetaData [DatabaseMetadata.java:147]- HHH000262: Table not found: user_roles
2016-06-05_16:05:13.466 [main] INFO  java.sql.DatabaseMetaData [DatabaseMetadata.java:147]- HHH000262: Table not found: users
2016-06-05_16:05:17.473 [main] INFO  o.h.tool.hbm2ddl.SchemaUpdate [SchemaUpdate.java:242]- HHH000232: Schema update complete
2016-06-05_16:06:09.355 [qtp23439114-13] INFO  c.a.s.s.RestUsernamePasswordAuthenticationFilter [RestUsernamePasswordAuthenticationFilter.java:66]- ==failed login==
2016-06-05_16:07:16.331 [qtp23439114-18] INFO  c.a.s.s.RestUsernamePasswordAuthenticationFilter [RestUsernamePasswordAuthenticationFilter.java:58]- ==successful login==
2016-06-05_16:30:01.723 [main] INFO  o.h.annotations.common.Version [JavaReflectionManager.java:66]- HCANN000001: Hibernate Commons Annotations {4.0.4.Final}
2016-06-05_16:30:01.745 [main] INFO  org.hibernate.Version [Version.java:54]- HHH000412: Hibernate Core {4.3.5.Final}
2016-06-05_16:30:01.751 [main] INFO  org.hibernate.cfg.Environment [Environment.java:239]- HHH000206: hibernate.properties not found
2016-06-05_16:30:01.754 [main] INFO  org.hibernate.cfg.Environment [Environment.java:346]- HHH000021: Bytecode provider name : javassist
2016-06-05_16:30:02.704 [main] INFO  org.hibernate.dialect.Dialect [Dialect.java:145]- HHH000400: Using dialect: org.hibernate.dialect.MySQLDialect
2016-06-05_16:30:03.212 [main] INFO  o.h.e.t.i.TransactionFactoryInitiator [TransactionFactoryInitiator.java:62]- HHH000399: Using default transaction strategy (direct JDBC transactions)
2016-06-05_16:30:03.222 [main] INFO  o.h.h.i.a.ASTQueryTranslatorFactory [ASTQueryTranslatorFactory.java:47]- HHH000397: Using ASTQueryTranslatorFactory
2016-06-05_16:30:03.992 [main] INFO  o.h.tool.hbm2ddl.SchemaUpdate [SchemaUpdate.java:182]- HHH000228: Running hbm2ddl schema update
2016-06-05_16:30:03.993 [main] INFO  o.h.tool.hbm2ddl.SchemaUpdate [SchemaUpdate.java:193]- HHH000102: Fetching database metadata
2016-06-05_16:30:04.018 [main] INFO  o.h.tool.hbm2ddl.SchemaUpdate [SchemaUpdate.java:205]- HHH000396: Updating schema
2016-06-05_16:30:04.128 [main] INFO  o.h.tool.hbm2ddl.TableMetadata [TableMetadata.java:66]- HHH000261: Table found: espark.roles
2016-06-05_16:30:04.129 [main] INFO  o.h.tool.hbm2ddl.TableMetadata [TableMetadata.java:67]- HHH000037: Columns: [role, id]
2016-06-05_16:30:04.130 [main] INFO  o.h.tool.hbm2ddl.TableMetadata [TableMetadata.java:69]- HHH000108: Foreign keys: []
2016-06-05_16:30:04.132 [main] INFO  o.h.tool.hbm2ddl.TableMetadata [TableMetadata.java:70]- HHH000126: Indexes: [primary]
2016-06-05_16:30:04.156 [main] INFO  o.h.tool.hbm2ddl.TableMetadata [TableMetadata.java:66]- HHH000261: Table found: espark.user_roles
2016-06-05_16:30:04.159 [main] INFO  o.h.tool.hbm2ddl.TableMetadata [TableMetadata.java:67]- HHH000037: Columns: [user_id, role_id]
2016-06-05_16:30:04.160 [main] INFO  o.h.tool.hbm2ddl.TableMetadata [TableMetadata.java:69]- HHH000108: Foreign keys: []
2016-06-05_16:30:04.161 [main] INFO  o.h.tool.hbm2ddl.TableMetadata [TableMetadata.java:70]- HHH000126: Indexes: [role, user]
2016-06-05_16:30:04.194 [main] INFO  o.h.tool.hbm2ddl.TableMetadata [TableMetadata.java:66]- HHH000261: Table found: espark.users
2016-06-05_16:30:04.196 [main] INFO  o.h.tool.hbm2ddl.TableMetadata [TableMetadata.java:67]- HHH000037: Columns: [password, id, login]
2016-06-05_16:30:04.197 [main] INFO  o.h.tool.hbm2ddl.TableMetadata [TableMetadata.java:69]- HHH000108: Foreign keys: []
2016-06-05_16:30:04.201 [main] INFO  o.h.tool.hbm2ddl.TableMetadata [TableMetadata.java:70]- HHH000126: Indexes: [primary]
2016-06-05_16:30:09.144 [main] INFO  o.h.tool.hbm2ddl.SchemaUpdate [SchemaUpdate.java:242]- HHH000232: Schema update complete
2016-06-05_16:30:55.343 [qtp23683770-15] INFO  c.a.s.s.RestUsernamePasswordAuthenticationFilter [RestUsernamePasswordAuthenticationFilter.java:66]- ==failed login==
2016-06-05_16:31:04.101 [qtp23683770-16] INFO  c.a.s.s.RestUsernamePasswordAuthenticationFilter [RestUsernamePasswordAuthenticationFilter.java:66]- ==failed login==
2016-06-05_16:31:10.209 [qtp23683770-11] INFO  c.a.s.s.RestUsernamePasswordAuthenticationFilter [RestUsernamePasswordAuthenticationFilter.java:58]- ==successful login==
