2016-05-26_20:20:53.029 [qtp6425998-12] INFO  LoginController [LoginController.java:56]- Request Received for Login page
2016-05-26_20:21:00.534 [qtp6425998-12] INFO  LoginController [LoginController.java:63]- Login failed
2016-05-26_20:21:09.770 [qtp6425998-17] INFO  LoginController [LoginController.java:63]- Login failed
2016-05-26_20:21:19.113 [qtp6425998-14] INFO  ApplicationController [ApplicationController.java:56]- Request Received for Home page
2016-05-26_20:21:24.801 [qtp6425998-15] INFO  ApplicationController [ApplicationController.java:65]- Request Received for super admin page
2016-05-26_20:21:26.747 [qtp6425998-18] INFO  ApplicationController [ApplicationController.java:56]- Request Received for Home page
2016-05-26_20:21:27.683 [qtp6425998-14] INFO  ApplicationController [ApplicationController.java:74]- Request Received for admin page
2016-05-26_20:21:29.257 [qtp6425998-17] INFO  ApplicationController [ApplicationController.java:56]- Request Received for Home page
2016-05-26_20:21:30.341 [qtp6425998-18] INFO  ApplicationController [ApplicationController.java:83]- Request Received for user page
2016-05-26_20:21:31.491 [qtp6425998-14] INFO  ApplicationController [ApplicationController.java:56]- Request Received for Home page
2016-05-26_20:21:32.722 [qtp6425998-13] INFO  LoginController [LoginController.java:56]- Request Received for Login page
2016-05-26_20:21:42.306 [qtp6425998-18] INFO  LoginController [LoginController.java:63]- Login failed
2016-05-26_20:21:50.676 [qtp6425998-15] INFO  ApplicationController [ApplicationController.java:56]- Request Received for Home page
2016-05-26_20:21:52.192 [qtp6425998-12] INFO  ApplicationController [ApplicationController.java:74]- Request Received for admin page
2016-05-26_20:21:54.977 [qtp6425998-14] INFO  ApplicationController [ApplicationController.java:56]- Request Received for Home page
2016-05-26_20:21:55.918 [qtp6425998-15] INFO  ApplicationController [ApplicationController.java:83]- Request Received for user page
2016-05-26_20:21:57.184 [qtp6425998-12] INFO  ApplicationController [ApplicationController.java:56]- Request Received for Home page
2016-05-26_20:21:59.355 [qtp6425998-18] INFO  LoginController [LoginController.java:56]- Request Received for Login page
2016-05-26_20:22:04.464 [qtp6425998-15] INFO  ApplicationController [ApplicationController.java:56]- Request Received for Home page
2016-05-26_20:22:06.320 [qtp6425998-12] INFO  ApplicationController [ApplicationController.java:83]- Request Received for user page
2016-05-26_20:22:07.598 [qtp6425998-13] INFO  ApplicationController [ApplicationController.java:56]- Request Received for Home page
2016-05-26_20:22:08.761 [qtp6425998-14] INFO  LoginController [LoginController.java:56]- Request Received for Login page
2016-05-26_20:35:38.692 [qtp6425998-14] INFO  LoginController [LoginController.java:56]- Request Received for Login page
2016-05-26_20:35:51.214 [qtp6425998-15] INFO  LoginController [LoginController.java:63]- Login failed
2016-05-26_20:36:01.701 [qtp6425998-16] INFO  ApplicationController [ApplicationController.java:56]- Request Received for Home page
2016-05-26_20:36:13.131 [qtp6425998-15] INFO  ApplicationController [ApplicationController.java:65]- Request Received for super admin page
2016-05-26_20:36:17.336 [qtp6425998-14] INFO  ApplicationController [ApplicationController.java:56]- Request Received for Home page
2016-05-26_20:36:28.783 [qtp6425998-16] INFO  ApplicationController [ApplicationController.java:74]- Request Received for admin page
2016-05-26_20:36:30.970 [qtp6425998-13] INFO  ApplicationController [ApplicationController.java:56]- Request Received for Home page
2016-05-26_20:36:32.453 [qtp6425998-14] INFO  ApplicationController [ApplicationController.java:83]- Request Received for user page
2016-05-26_20:36:36.122 [qtp6425998-16] INFO  ApplicationController [ApplicationController.java:56]- Request Received for Home page
2016-05-26_20:36:39.686 [qtp6425998-13] INFO  LoginController [LoginController.java:56]- Request Received for Login page
2016-05-26_20:36:47.991 [qtp6425998-16] INFO  ApplicationController [ApplicationController.java:56]- Request Received for Home page
2016-05-26_20:36:55.331 [qtp6425998-15] INFO  ApplicationController [ApplicationController.java:74]- Request Received for admin page
2016-05-26_20:36:57.226 [qtp6425998-14] INFO  ApplicationController [ApplicationController.java:56]- Request Received for Home page
2016-05-26_20:36:59.867 [qtp6425998-16] INFO  ApplicationController [ApplicationController.java:83]- Request Received for user page
2016-05-26_20:37:01.248 [qtp6425998-15] INFO  ApplicationController [ApplicationController.java:56]- Request Received for Home page
2016-05-26_20:37:03.399 [qtp6425998-13] INFO  LoginController [LoginController.java:56]- Request Received for Login page
2016-05-26_20:37:06.615 [qtp6425998-16] INFO  ApplicationController [ApplicationController.java:56]- Request Received for Home page
2016-05-26_20:37:09.072 [qtp6425998-15] INFO  ApplicationController [ApplicationController.java:83]- Request Received for user page
2016-05-26_20:37:10.803 [qtp6425998-12] INFO  ApplicationController [ApplicationController.java:56]- Request Received for Home page
2016-05-26_20:37:13.634 [qtp6425998-11] INFO  ApplicationController [ApplicationController.java:83]- Request Received for user page
2016-05-26_20:37:15.183 [qtp6425998-16] INFO  LoginController [LoginController.java:56]- Request Received for Login page
