2016-07-13_21:35:28.295 [main] INFO  o.h.annotations.common.Version [JavaReflectionManager.java:66]- HCANN000001: Hibernate Commons Annotations {4.0.4.Final}
2016-07-13_21:35:28.324 [main] INFO  org.hibernate.Version [Version.java:54]- HHH000412: Hibernate Core {4.3.5.Final}
2016-07-13_21:35:28.331 [main] INFO  org.hibernate.cfg.Environment [Environment.java:239]- HHH000206: hibernate.properties not found
2016-07-13_21:35:28.346 [main] INFO  org.hibernate.cfg.Environment [Environment.java:346]- HHH000021: Bytecode provider name : javassist
2016-07-13_21:35:30.710 [main] INFO  org.hibernate.dialect.Dialect [Dialect.java:145]- HHH000400: Using dialect: org.hibernate.dialect.MySQLDialect
2016-07-13_21:35:31.129 [main] INFO  o.h.e.t.i.TransactionFactoryInitiator [TransactionFactoryInitiator.java:62]- HHH000399: Using default transaction strategy (direct JDBC transactions)
2016-07-13_21:35:31.136 [main] INFO  o.h.h.i.a.ASTQueryTranslatorFactory [ASTQueryTranslatorFactory.java:47]- HHH000397: Using ASTQueryTranslatorFactory
2016-07-13_21:35:32.196 [main] INFO  o.h.tool.hbm2ddl.SchemaUpdate [SchemaUpdate.java:182]- HHH000228: Running hbm2ddl schema update
2016-07-13_21:35:32.199 [main] INFO  o.h.tool.hbm2ddl.SchemaUpdate [SchemaUpdate.java:193]- HHH000102: Fetching database metadata
2016-07-13_21:35:32.222 [main] INFO  o.h.tool.hbm2ddl.SchemaUpdate [SchemaUpdate.java:205]- HHH000396: Updating schema
2016-07-13_21:35:32.230 [main] INFO  java.sql.DatabaseMetaData [DatabaseMetadata.java:147]- HHH000262: Table not found: roles
2016-07-13_21:35:32.234 [main] INFO  java.sql.DatabaseMetaData [DatabaseMetadata.java:147]- HHH000262: Table not found: user_roles
2016-07-13_21:35:32.237 [main] INFO  java.sql.DatabaseMetaData [DatabaseMetadata.java:147]- HHH000262: Table not found: users
2016-07-13_21:35:32.240 [main] INFO  java.sql.DatabaseMetaData [DatabaseMetadata.java:147]- HHH000262: Table not found: roles
2016-07-13_21:35:32.242 [main] INFO  java.sql.DatabaseMetaData [DatabaseMetadata.java:147]- HHH000262: Table not found: user_roles
2016-07-13_21:35:32.244 [main] INFO  java.sql.DatabaseMetaData [DatabaseMetadata.java:147]- HHH000262: Table not found: users
2016-07-13_21:35:32.248 [main] INFO  java.sql.DatabaseMetaData [DatabaseMetadata.java:147]- HHH000262: Table not found: roles
2016-07-13_21:35:32.250 [main] INFO  java.sql.DatabaseMetaData [DatabaseMetadata.java:147]- HHH000262: Table not found: user_roles
2016-07-13_21:35:32.252 [main] INFO  java.sql.DatabaseMetaData [DatabaseMetadata.java:147]- HHH000262: Table not found: users
2016-07-13_21:35:56.742 [main] INFO  o.h.tool.hbm2ddl.SchemaUpdate [SchemaUpdate.java:242]- HHH000232: Schema update complete
2016-07-13_21:36:25.991 [qtp16627407-16] INFO  LoginController [LoginController.java:56]- Request Received for Login page
2016-07-13_21:36:31.128 [qtp16627407-16] INFO  c.a.s.c.ApplicationController [ApplicationController.java:56]- Request Received for Home page
2016-07-13_21:36:33.232 [qtp16627407-15] INFO  c.a.s.c.ApplicationController [ApplicationController.java:83]- Request Received for user page
2016-07-13_21:36:35.628 [qtp16627407-18] INFO  LoginController [LoginController.java:56]- Request Received for Login page
2016-07-13_21:36:41.891 [qtp16627407-16] INFO  c.a.s.c.ApplicationController [ApplicationController.java:56]- Request Received for Home page
2016-07-13_21:36:45.634 [qtp16627407-15] INFO  c.a.s.c.ApplicationController [ApplicationController.java:65]- Request Received for super admin page
2016-07-13_21:36:48.348 [qtp16627407-14] INFO  c.a.s.c.ApplicationController [ApplicationController.java:56]- Request Received for Home page
2016-07-13_21:36:49.409 [qtp16627407-16] INFO  c.a.s.c.ApplicationController [ApplicationController.java:74]- Request Received for admin page
2016-07-13_21:36:50.961 [qtp16627407-18] INFO  c.a.s.c.ApplicationController [ApplicationController.java:56]- Request Received for Home page
2016-07-13_21:36:52.049 [qtp16627407-14] INFO  c.a.s.c.ApplicationController [ApplicationController.java:83]- Request Received for user page
2016-07-13_21:36:53.689 [qtp16627407-16] INFO  c.a.s.c.ApplicationController [ApplicationController.java:56]- Request Received for Home page
2016-07-13_21:36:54.685 [qtp16627407-13] INFO  LoginController [LoginController.java:56]- Request Received for Login page
2016-07-13_21:37:56.530 [qtp16627407-18] DEBUG c.a.s.s.AuthenticationTokenProcessingFilter [AuthenticationTokenProcessingFilter.java:80]- Checking headers and parameters for authentication token...
2016-07-13_21:37:56.913 [qtp16627407-18] DEBUG c.a.s.c.RestAuthenticationController [RestAuthenticationController.java:99]- Inside-AuthenticationController.java
2016-07-13_21:38:30.179 [qtp16627407-14] DEBUG c.a.s.s.AuthenticationTokenProcessingFilter [AuthenticationTokenProcessingFilter.java:80]- Checking headers and parameters for authentication token...
2016-07-13_21:38:30.181 [qtp16627407-14] DEBUG c.a.s.s.AuthenticationTokenProcessingFilter [AuthenticationTokenProcessingFilter.java:87]- Found token 'YWRhcnNoISEhMTQ2ODUxMjQ3NzAyNCEhIW02YeFnzIOG3kf2PcnC1pk=' in request headers
2016-07-13_21:38:30.334 [qtp16627407-14] DEBUG c.a.s.s.AuthenticationTokenProcessingFilter [AuthenticationTokenProcessingFilter.java:93]- Inside-AuthenticationTokenProcessingFilter.java
2016-07-13_22:10:18.594 [main] INFO  o.h.annotations.common.Version [JavaReflectionManager.java:66]- HCANN000001: Hibernate Commons Annotations {4.0.4.Final}
2016-07-13_22:10:18.647 [main] INFO  org.hibernate.Version [Version.java:54]- HHH000412: Hibernate Core {4.3.5.Final}
2016-07-13_22:10:18.651 [main] INFO  org.hibernate.cfg.Environment [Environment.java:239]- HHH000206: hibernate.properties not found
2016-07-13_22:10:18.655 [main] INFO  org.hibernate.cfg.Environment [Environment.java:346]- HHH000021: Bytecode provider name : javassist
2016-07-13_22:10:19.614 [main] INFO  org.hibernate.dialect.Dialect [Dialect.java:145]- HHH000400: Using dialect: org.hibernate.dialect.MySQLDialect
2016-07-13_22:10:20.132 [main] INFO  o.h.e.t.i.TransactionFactoryInitiator [TransactionFactoryInitiator.java:62]- HHH000399: Using default transaction strategy (direct JDBC transactions)
2016-07-13_22:10:20.143 [main] INFO  o.h.h.i.a.ASTQueryTranslatorFactory [ASTQueryTranslatorFactory.java:47]- HHH000397: Using ASTQueryTranslatorFactory
2016-07-13_22:10:20.945 [main] INFO  o.h.tool.hbm2ddl.SchemaUpdate [SchemaUpdate.java:182]- HHH000228: Running hbm2ddl schema update
2016-07-13_22:10:20.968 [main] INFO  o.h.tool.hbm2ddl.SchemaUpdate [SchemaUpdate.java:193]- HHH000102: Fetching database metadata
2016-07-13_22:10:21.033 [main] INFO  o.h.tool.hbm2ddl.SchemaUpdate [SchemaUpdate.java:205]- HHH000396: Updating schema
2016-07-13_22:10:21.145 [main] INFO  o.h.tool.hbm2ddl.TableMetadata [TableMetadata.java:66]- HHH000261: Table found: espark.roles
2016-07-13_22:10:21.155 [main] INFO  o.h.tool.hbm2ddl.TableMetadata [TableMetadata.java:67]- HHH000037: Columns: [role, id]
2016-07-13_22:10:21.156 [main] INFO  o.h.tool.hbm2ddl.TableMetadata [TableMetadata.java:69]- HHH000108: Foreign keys: []
2016-07-13_22:10:21.252 [main] INFO  o.h.tool.hbm2ddl.TableMetadata [TableMetadata.java:70]- HHH000126: Indexes: [primary]
2016-07-13_22:10:21.301 [main] INFO  o.h.tool.hbm2ddl.TableMetadata [TableMetadata.java:66]- HHH000261: Table found: espark.user_roles
2016-07-13_22:10:21.304 [main] INFO  o.h.tool.hbm2ddl.TableMetadata [TableMetadata.java:67]- HHH000037: Columns: [user_id, role_id]
2016-07-13_22:10:21.305 [main] INFO  o.h.tool.hbm2ddl.TableMetadata [TableMetadata.java:69]- HHH000108: Foreign keys: []
2016-07-13_22:10:21.306 [main] INFO  o.h.tool.hbm2ddl.TableMetadata [TableMetadata.java:70]- HHH000126: Indexes: [role, user]
2016-07-13_22:10:21.569 [main] INFO  o.h.tool.hbm2ddl.TableMetadata [TableMetadata.java:66]- HHH000261: Table found: espark.users
2016-07-13_22:10:21.571 [main] INFO  o.h.tool.hbm2ddl.TableMetadata [TableMetadata.java:67]- HHH000037: Columns: [password, id, login]
2016-07-13_22:10:21.571 [main] INFO  o.h.tool.hbm2ddl.TableMetadata [TableMetadata.java:69]- HHH000108: Foreign keys: []
2016-07-13_22:10:21.572 [main] INFO  o.h.tool.hbm2ddl.TableMetadata [TableMetadata.java:70]- HHH000126: Indexes: [primary]
2016-07-13_22:10:28.869 [main] INFO  o.h.tool.hbm2ddl.SchemaUpdate [SchemaUpdate.java:242]- HHH000232: Schema update complete
2016-07-13_22:11:03.033 [qtp13643661-16] INFO  LoginController [LoginController.java:56]- Request Received for Login page
2016-07-13_22:11:28.372 [qtp13643661-13] INFO  c.a.s.c.ApplicationController [ApplicationController.java:56]- Request Received for Home page
2016-07-13_22:11:32.609 [qtp13643661-17] INFO  c.a.s.c.ApplicationController [ApplicationController.java:65]- Request Received for super admin page
2016-07-13_22:11:35.350 [qtp13643661-16] INFO  c.a.s.c.ApplicationController [ApplicationController.java:56]- Request Received for Home page
2016-07-13_22:11:36.486 [qtp13643661-13] INFO  c.a.s.c.ApplicationController [ApplicationController.java:74]- Request Received for admin page
2016-07-13_22:11:38.426 [qtp13643661-11] INFO  c.a.s.c.ApplicationController [ApplicationController.java:56]- Request Received for Home page
2016-07-13_22:11:39.709 [qtp13643661-16] INFO  c.a.s.c.ApplicationController [ApplicationController.java:83]- Request Received for user page
2016-07-13_22:11:41.982 [qtp13643661-13] INFO  c.a.s.c.ApplicationController [ApplicationController.java:56]- Request Received for Home page
2016-07-13_22:11:43.789 [qtp13643661-12] INFO  LoginController [LoginController.java:56]- Request Received for Login page
2016-07-13_22:11:49.791 [qtp13643661-16] INFO  c.a.s.c.ApplicationController [ApplicationController.java:56]- Request Received for Home page
2016-07-13_22:11:52.484 [qtp13643661-13] INFO  c.a.s.c.ApplicationController [ApplicationController.java:74]- Request Received for admin page
2016-07-13_22:11:54.419 [qtp13643661-11] INFO  c.a.s.c.ApplicationController [ApplicationController.java:56]- Request Received for Home page
2016-07-13_22:11:55.660 [qtp13643661-16] INFO  c.a.s.c.ApplicationController [ApplicationController.java:83]- Request Received for user page
2016-07-13_22:11:57.200 [qtp13643661-12] INFO  LoginController [LoginController.java:56]- Request Received for Login page
2016-07-13_22:12:04.124 [qtp13643661-11] INFO  c.a.s.c.ApplicationController [ApplicationController.java:56]- Request Received for Home page
2016-07-13_22:12:06.829 [qtp13643661-16] INFO  c.a.s.c.ApplicationController [ApplicationController.java:83]- Request Received for user page
2016-07-13_22:12:08.253 [qtp13643661-12] INFO  LoginController [LoginController.java:56]- Request Received for Login page
2016-07-13_22:13:25.857 [qtp13643661-17] DEBUG c.a.s.s.AuthenticationTokenProcessingFilter [AuthenticationTokenProcessingFilter.java:80]- Checking headers and parameters for authentication token...
2016-07-13_22:13:26.433 [qtp13643661-17] DEBUG c.a.s.c.RestAuthenticationController [RestAuthenticationController.java:99]- Inside-AuthenticationController.java
2016-07-13_22:14:19.027 [qtp13643661-17] DEBUG c.a.s.s.AuthenticationTokenProcessingFilter [AuthenticationTokenProcessingFilter.java:80]- Checking headers and parameters for authentication token...
2016-07-13_22:14:19.090 [qtp13643661-17] DEBUG c.a.s.s.AuthenticationTokenProcessingFilter [AuthenticationTokenProcessingFilter.java:87]- Found token 'YWRhcnNoISEhMTQ2ODUxNDYwNjU4MCEhIchObXgLZfqy0d4N39yRyaQ=' in request headers
2016-07-13_22:14:19.351 [qtp13643661-17] DEBUG c.a.s.s.AuthenticationTokenProcessingFilter [AuthenticationTokenProcessingFilter.java:93]- Inside-AuthenticationTokenProcessingFilter.java
